17.07.2026 18:36:12 [DEBUG] App: Coroutine started17.07.2026 18:36:14 [DEBUG] Profiler: Request headers: {Authorization=...}17.07.2026 18:36:15 [WARNING] Network: Low memory warning
kotlin.IllegalStateException
    at 0   print-sandbox-native.kexe           0x1007982d3        kfun:kotlin.Throwable#<init>(){} + 75 
    at 1   print-sandbox-native.kexe           0x10079297b        kfun:kotlin.Exception#<init>(){} + 67 
    at 2   print-sandbox-native.kexe           0x100792b3b        kfun:kotlin.RuntimeException#<init>(){} + 67 
    at 3   print-sandbox-native.kexe           0x100792fd3        kfun:kotlin.IllegalStateException#<init>(){} + 67 
    at 4   print-sandbox-native.kexe           0x10033aaef        kfun:com.cws.print.sandbox.PrintTests.<init>#internal + 955 (/Users/vitaliiandrusyshyn/StudioProjects/print/print-sandbox-native/src/nativeMain/kotlin/com/cws/print/sandbox/PrintTests.kt:44:61)
    at 5   print-sandbox-native.kexe           0x10033a707        kfun:com.cws.print.sandbox.PrintTests.$init_global#internal + 131 (/Users/vitaliiandrusyshyn/StudioProjects/print/print-sandbox-native/src/nativeMain/kotlin/com/cws/print/sandbox/PrintTests.kt:1:1)
    at 6   print-sandbox-native.kexe           0x1008f6073        CallInitGlobalPossiblyLock + 423 
    at 7   print-sandbox-native.kexe           0x10033c0ff        kfun:com.cws.print.sandbox.PrintTests#<get-$instance>#static(){}com.cws.print.sandbox.PrintTests + 75 (/Users/vitaliiandrusyshyn/StudioProjects/print/print-sandbox-native/src/nativeMain/kotlin/com/cws/print/sandbox/PrintTests.kt:14:1)
    at 8   print-sandbox-native.kexe           0x10033a303        kfun:com.cws.print.sandbox.main$1.main$1$invoke$1.invoke#internal + 203 (/Users/vitaliiandrusyshyn/StudioProjects/print/print-sandbox-native/src/nativeMain/kotlin/com/cws/print/sandbox/Main.kt:20:13)
    at 9   print-sandbox-native.kexe           0x10033a5d3        kfun:com.cws.print.sandbox.main$1.main$1$invoke$1.$<bridge-NNCC>invoke#suspend(kotlinx.coroutines.CoroutineScope;kotlin.coroutines.Continuation<kotlin.Unit>){}kotlin.Any#internal + 259 (/Users/vitaliiandrusyshyn/StudioProjects/print/print-sandbox-native/src/nativeMain/kotlin/com/cws/print/sandbox/Main.kt:19:21)
    at 10  print-sandbox-native.kexe           0x10089aacb        kfun:kotlin.Function2#invoke(1:0;1:1){}1:2-trampoline + 107 
    at 11  print-sandbox-native.kexe           0x1007a0b9f        kfun:kotlin.coroutines.intrinsics.createCoroutineUnintercepted$$inlined$createCoroutineFromSuspendFunction$4.invokeSuspend#internal + 819 
    at 12  print-sandbox-native.kexe           0x10089a467        kfun:kotlin.coroutines.native.internal.BaseContinuationImpl#invokeSuspend(kotlin.Result<kotlin.Any?>){}kotlin.Any?-trampoline + 67 
    at 13  print-sandbox-native.kexe           0x10079d1bf        kfun:kotlin.coroutines.native.internal.BaseContinuationImpl#resumeWith(kotlin.Result<kotlin.Any?>){} + 675 
    at 14  print-sandbox-native.kexe           0x10089a52f        kfun:kotlin.coroutines.Continuation#resumeWith(kotlin.Result<1:0>){}-trampoline + 91 
    at 15  print-sandbox-native.kexe           0x10095d85f        kfun:kotlinx.coroutines.DispatchedTask#run(){} + 2035 (/opt/buildAgent/work/44ec6e850d5c63f0/kotlinx-coroutines-core/common/src/internal/DispatchedTask.kt:100:38)
    at 16  print-sandbox-native.kexe           0x10098981b        kfun:kotlinx.coroutines.Runnable#run(){}-trampoline + 83 (/opt/buildAgent/work/44ec6e850d5c63f0/kotlinx-coroutines-core/native/src/Runnable.kt:12:19)
    at 17  print-sandbox-native.kexe           0x10091b223        kfun:kotlinx.coroutines.EventLoopImplBase#processNextEvent(){}kotlin.Long + 247 (/opt/buildAgent/work/44ec6e850d5c63f0/kotlinx-coroutines-core/common/src/EventLoop.common.kt:256:44)
    at 18  print-sandbox-native.kexe           0x100989653        kfun:kotlinx.coroutines.EventLoop#processNextEvent(){}kotlin.Long-trampoline + 51 (/opt/buildAgent/work/44ec6e850d5c63f0/kotlinx-coroutines-core/common/src/EventLoop.common.kt:49:10)
    at 19  print-sandbox-native.kexe           0x10097bf3b        kfun:kotlinx.coroutines.BlockingCoroutine.joinBlocking#internal + 463 (/opt/buildAgent/work/44ec6e850d5c63f0/kotlinx-coroutines-core/native/src/Builders.kt:79:43)
    at 20  print-sandbox-native.kexe           0x10097b353        kfun:kotlinx.coroutines#runBlockingImpl(kotlin.coroutines.CoroutineContext;kotlinx.coroutines.EventLoop?;kotlin.coroutines.SuspendFunction1<kotlinx.coroutines.CoroutineScope,0:0>){0§<kotlin.Any?>}0:0 + 467 (/opt/buildAgent/work/44ec6e850d5c63f0/kotlinx-coroutines-core/native/src/Builders.kt:15:26)
    at 21  print-sandbox-native.kexe           0x1009779cf        kfun:kotlinx.coroutines#runBlocking(kotlin.coroutines.CoroutineContext;kotlin.coroutines.SuspendFunction1<kotlinx.coroutines.CoroutineScope,0:0>){0§<kotlin.Any?>}0:0 + 563 (/opt/buildAgent/work/44ec6e850d5c63f0/kotlinx-coroutines-core/concurrent/src/Builders.concurrent.kt:172:12)
    at 22  print-sandbox-native.kexe           0x100977aef        kfun:kotlinx.coroutines#runBlocking$default(kotlin.coroutines.CoroutineContext?;kotlin.coroutines.SuspendFunction1<kotlinx.coroutines.CoroutineScope,0:0>;kotlin.Int){0§<kotlin.Any?>}0:0 + 227 (/opt/buildAgent/work/44ec6e850d5c63f0/kotlinx-coroutines-core/concurrent/src/Builders.concurrent.kt:157:8)
    at 23  print-sandbox-native.kexe           0x10033a217        kfun:com.cws.print.sandbox.main$1.invoke#internal + 115 (/Users/vitaliiandrusyshyn/StudioProjects/print/print-sandbox-native/src/nativeMain/kotlin/com/cws/print/sandbox/Main.kt:19:9)
    at 24  print-sandbox-native.kexe           0x10033a653        kfun:com.cws.print.sandbox.main$1.$<bridge-DN>invoke(){}#internal + 71 (/Users/vitaliiandrusyshyn/StudioProjects/print/print-sandbox-native/src/nativeMain/kotlin/com/cws/print/sandbox/Main.kt:18:7)
    at 25  print-sandbox-native.kexe           0x100898373        kfun:kotlin.Function0#invoke(){}1:0-trampoline + 91 
    at 26  print-sandbox-native.kexe           0x1003318c7        kfun:com.cws.print.BasePrint#install(com.cws.print.LogLevel;kotlin.collections.Set<com.cws.print.Logger>;kotlin.String;kotlin.Function0<kotlin.Unit>){} + 499 (/Users/vitaliiandrusyshyn/StudioProjects/print/print-lib/src/commonMain/kotlin/com/cws/print/BasePrint.kt:39:13)
    at 27  print-sandbox-native.kexe           0x100331cb3        kfun:com.cws.print.BasePrint#install$default(com.cws.print.LogLevel?;kotlin.collections.Set<com.cws.print.Logger>?;kotlin.String?;kotlin.Function0<kotlin.Unit>;kotlin.Int){} + 771 (/Users/vitaliiandrusyshyn/StudioProjects/print/print-lib/src/commonMain/kotlin/com/cws/print/BasePrint.kt:24:5)
    at 28  print-sandbox-native.kexe           0x10033a043        kfun:com.cws.print.sandbox#main(){} + 683 (/Users/vitaliiandrusyshyn/StudioProjects/print/print-sandbox-native/src/nativeMain/kotlin/com/cws/print/sandbox/Main.kt:11:11)
    at 29  print-sandbox-native.kexe           0x10033a0d7        Konan_start + 111 (/Users/vitaliiandrusyshyn/StudioProjects/print/print-sandbox-native/src/nativeMain/kotlin/com/cws/print/sandbox/Main.kt:10:1)
    at 30  print-sandbox-native.kexe           0x10033dbbb        Init_and_run_start + 99 
    at 31  dyld                                0x18e7fbdff        start + 69917.07.2026 18:36:18 [WARNING] Network: Response slow
kotlin.NullPointerException
    at 0   print-sandbox-native.kexe           0x1007982d3        kfun:kotlin.Throwable#<init>(){} + 75 
    at 1   print-sandbox-native.kexe           0x10079297b        kfun:kotlin.Exception#<init>(){} + 67 
    at 2   print-sandbox-native.kexe           0x100792b3b        kfun:kotlin.RuntimeException#<init>(){} + 67 
    at 3   print-sandbox-native.kexe           0x100792cfb        kfun:kotlin.NullPointerException#<init>(){} + 67 
    at 4   print-sandbox-native.kexe           0x10033aab7        kfun:com.cws.print.sandbox.PrintTests.<init>#internal + 899 (/Users/vitaliiandrusyshyn/StudioProjects/print/print-sandbox-native/src/nativeMain/kotlin/com/cws/print/sandbox/PrintTests.kt:44:37)
    at 5   print-sandbox-native.kexe           0x10033a707        kfun:com.cws.print.sandbox.PrintTests.$init_global#internal + 131 (/Users/vitaliiandrusyshyn/StudioProjects/print/print-sandbox-native/src/nativeMain/kotlin/com/cws/print/sandbox/PrintTests.kt:1:1)
    at 6   print-sandbox-native.kexe           0x1008f6073        CallInitGlobalPossiblyLock + 423 
    at 7   print-sandbox-native.kexe           0x10033c0ff        kfun:com.cws.print.sandbox.PrintTests#<get-$instance>#static(){}com.cws.print.sandbox.PrintTests + 75 (/Users/vitaliiandrusyshyn/StudioProjects/print/print-sandbox-native/src/nativeMain/kotlin/com/cws/print/sandbox/PrintTests.kt:14:1)
    at 8   print-sandbox-native.kexe           0x10033a303        kfun:com.cws.print.sandbox.main$1.main$1$invoke$1.invoke#internal + 203 (/Users/vitaliiandrusyshyn/StudioProjects/print/print-sandbox-native/src/nativeMain/kotlin/com/cws/print/sandbox/Main.kt:20:13)
    at 9   print-sandbox-native.kexe           0x10033a5d3        kfun:com.cws.print.sandbox.main$1.main$1$invoke$1.$<bridge-NNCC>invoke#suspend(kotlinx.coroutines.CoroutineScope;kotlin.coroutines.Continuation<kotlin.Unit>){}kotlin.Any#internal + 259 (/Users/vitaliiandrusyshyn/StudioProjects/print/print-sandbox-native/src/nativeMain/kotlin/com/cws/print/sandbox/Main.kt:19:21)
    at 10  print-sandbox-native.kexe           0x10089aacb        kfun:kotlin.Function2#invoke(1:0;1:1){}1:2-trampoline + 107 
    at 11  print-sandbox-native.kexe           0x1007a0b9f        kfun:kotlin.coroutines.intrinsics.createCoroutineUnintercepted$$inlined$createCoroutineFromSuspendFunction$4.invokeSuspend#internal + 819 
    at 12  print-sandbox-native.kexe           0x10089a467        kfun:kotlin.coroutines.native.internal.BaseContinuationImpl#invokeSuspend(kotlin.Result<kotlin.Any?>){}kotlin.Any?-trampoline + 67 
    at 13  print-sandbox-native.kexe           0x10079d1bf        kfun:kotlin.coroutines.native.internal.BaseContinuationImpl#resumeWith(kotlin.Result<kotlin.Any?>){} + 675 
    at 14  print-sandbox-native.kexe           0x10089a52f        kfun:kotlin.coroutines.Continuation#resumeWith(kotlin.Result<1:0>){}-trampoline + 91 
    at 15  print-sandbox-native.kexe           0x10095d85f        kfun:kotlinx.coroutines.DispatchedTask#run(){} + 2035 (/opt/buildAgent/work/44ec6e850d5c63f0/kotlinx-coroutines-core/common/src/internal/DispatchedTask.kt:100:38)
    at 16  print-sandbox-native.kexe           0x10098981b        kfun:kotlinx.coroutines.Runnable#run(){}-trampoline + 83 (/opt/buildAgent/work/44ec6e850d5c63f0/kotlinx-coroutines-core/native/src/Runnable.kt:12:19)
    at 17  print-sandbox-native.kexe           0x10091b223        kfun:kotlinx.coroutines.EventLoopImplBase#processNextEvent(){}kotlin.Long + 247 (/opt/buildAgent/work/44ec6e850d5c63f0/kotlinx-coroutines-core/common/src/EventLoop.common.kt:256:44)
    at 18  print-sandbox-native.kexe           0x100989653        kfun:kotlinx.coroutines.EventLoop#processNextEvent(){}kotlin.Long-trampoline + 51 (/opt/buildAgent/work/44ec6e850d5c63f0/kotlinx-coroutines-core/common/src/EventLoop.common.kt:49:10)
    at 19  print-sandbox-native.kexe           0x10097bf3b        kfun:kotlinx.coroutines.BlockingCoroutine.joinBlocking#internal + 463 (/opt/buildAgent/work/44ec6e850d5c63f0/kotlinx-coroutines-core/native/src/Builders.kt:79:43)
    at 20  print-sandbox-native.kexe           0x10097b353        kfun:kotlinx.coroutines#runBlockingImpl(kotlin.coroutines.CoroutineContext;kotlinx.coroutines.EventLoop?;kotlin.coroutines.SuspendFunction1<kotlinx.coroutines.CoroutineScope,0:0>){0§<kotlin.Any?>}0:0 + 467 (/opt/buildAgent/work/44ec6e850d5c63f0/kotlinx-coroutines-core/native/src/Builders.kt:15:26)
    at 21  print-sandbox-native.kexe           0x1009779cf        kfun:kotlinx.coroutines#runBlocking(kotlin.coroutines.CoroutineContext;kotlin.coroutines.SuspendFunction1<kotlinx.coroutines.CoroutineScope,0:0>){0§<kotlin.Any?>}0:0 + 563 (/opt/buildAgent/work/44ec6e850d5c63f0/kotlinx-coroutines-core/concurrent/src/Builders.concurrent.kt:172:12)
    at 22  print-sandbox-native.kexe           0x100977aef        kfun:kotlinx.coroutines#runBlocking$default(kotlin.coroutines.CoroutineContext?;kotlin.coroutines.SuspendFunction1<kotlinx.coroutines.CoroutineScope,0:0>;kotlin.Int){0§<kotlin.Any?>}0:0 + 227 (/opt/buildAgent/work/44ec6e850d5c63f0/kotlinx-coroutines-core/concurrent/src/Builders.concurrent.kt:157:8)
    at 23  print-sandbox-native.kexe           0x10033a217        kfun:com.cws.print.sandbox.main$1.invoke#internal + 115 (/Users/vitaliiandrusyshyn/StudioProjects/print/print-sandbox-native/src/nativeMain/kotlin/com/cws/print/sandbox/Main.kt:19:9)
    at 24  print-sandbox-native.kexe           0x10033a653        kfun:com.cws.print.sandbox.main$1.$<bridge-DN>invoke(){}#internal + 71 (/Users/vitaliiandrusyshyn/StudioProjects/print/print-sandbox-native/src/nativeMain/kotlin/com/cws/print/sandbox/Main.kt:18:7)
    at 25  print-sandbox-native.kexe           0x100898373        kfun:kotlin.Function0#invoke(){}1:0-trampoline + 91 
    at 26  print-sandbox-native.kexe           0x1003318c7        kfun:com.cws.print.BasePrint#install(com.cws.print.LogLevel;kotlin.collections.Set<com.cws.print.Logger>;kotlin.String;kotlin.Function0<kotlin.Unit>){} + 499 (/Users/vitaliiandrusyshyn/StudioProjects/print/print-lib/src/commonMain/kotlin/com/cws/print/BasePrint.kt:39:13)
    at 27  print-sandbox-native.kexe           0x100331cb3        kfun:com.cws.print.BasePrint#install$default(com.cws.print.LogLevel?;kotlin.collections.Set<com.cws.print.Logger>?;kotlin.String?;kotlin.Function0<kotlin.Unit>;kotlin.Int){} + 771 (/Users/vitaliiandrusyshyn/StudioProjects/print/print-lib/src/commonMain/kotlin/com/cws/print/BasePrint.kt:24:5)
    at 28  print-sandbox-native.kexe           0x10033a043        kfun:com.cws.print.sandbox#main(){} + 683 (/Users/vitaliiandrusyshyn/StudioProjects/print/print-sandbox-native/src/nativeMain/kotlin/com/cws/print/sandbox/Main.kt:11:11)
    at 29  print-sandbox-native.kexe           0x10033a0d7        Konan_start + 111 (/Users/vitaliiandrusyshyn/StudioProjects/print/print-sandbox-native/src/nativeMain/kotlin/com/cws/print/sandbox/Main.kt:10:1)
    at 30  print-sandbox-native.kexe           0x10033dbbb        Init_and_run_start + 99 
    at 31  dyld                                0x18e7fbdff        start + 69917.07.2026 18:36:19 [VERBOSE] Network: Loop iteration finished17.07.2026 18:36:20 [INFO] Network: Background task finished17.07.2026 18:36:21 [VERBOSE] Cache: Entering method Y17.07.2026 18:36:22 [ERROR] Service: Database connection failed
kotlin.IndexOutOfBoundsException
    at 0   print-sandbox-native.kexe           0x1007982d3        kfun:kotlin.Throwable#<init>(){} + 75 
    at 1   print-sandbox-native.kexe           0x10079297b        kfun:kotlin.Exception#<init>(){} + 67 
    at 2   print-sandbox-native.kexe           0x100792b3b        kfun:kotlin.RuntimeException#<init>(){} + 67 
    at 3   print-sandbox-native.kexe           0x100793257        kfun:kotlin.IndexOutOfBoundsException#<init>(){} + 67 
    at 4   print-sandbox-native.kexe           0x10033ab5f        kfun:com.cws.print.sandbox.PrintTests.<init>#internal + 1067 (/Users/vitaliiandrusyshyn/StudioProjects/print/print-sandbox-native/src/nativeMain/kotlin/com/cws/print/sandbox/PrintTests.kt:45:44)
    at 5   print-sandbox-native.kexe           0x10033a707        kfun:com.cws.print.sandbox.PrintTests.$init_global#internal + 131 (/Users/vitaliiandrusyshyn/StudioProjects/print/print-sandbox-native/src/nativeMain/kotlin/com/cws/print/sandbox/PrintTests.kt:1:1)
    at 6   print-sandbox-native.kexe           0x1008f6073        CallInitGlobalPossiblyLock + 423 
    at 7   print-sandbox-native.kexe           0x10033c0ff        kfun:com.cws.print.sandbox.PrintTests#<get-$instance>#static(){}com.cws.print.sandbox.PrintTests + 75 (/Users/vitaliiandrusyshyn/StudioProjects/print/print-sandbox-native/src/nativeMain/kotlin/com/cws/print/sandbox/PrintTests.kt:14:1)
    at 8   print-sandbox-native.kexe           0x10033a303        kfun:com.cws.print.sandbox.main$1.main$1$invoke$1.invoke#internal + 203 (/Users/vitaliiandrusyshyn/StudioProjects/print/print-sandbox-native/src/nativeMain/kotlin/com/cws/print/sandbox/Main.kt:20:13)
    at 9   print-sandbox-native.kexe           0x10033a5d3        kfun:com.cws.print.sandbox.main$1.main$1$invoke$1.$<bridge-NNCC>invoke#suspend(kotlinx.coroutines.CoroutineScope;kotlin.coroutines.Continuation<kotlin.Unit>){}kotlin.Any#internal + 259 (/Users/vitaliiandrusyshyn/StudioProjects/print/print-sandbox-native/src/nativeMain/kotlin/com/cws/print/sandbox/Main.kt:19:21)
    at 10  print-sandbox-native.kexe           0x10089aacb        kfun:kotlin.Function2#invoke(1:0;1:1){}1:2-trampoline + 107 
    at 11  print-sandbox-native.kexe           0x1007a0b9f        kfun:kotlin.coroutines.intrinsics.createCoroutineUnintercepted$$inlined$createCoroutineFromSuspendFunction$4.invokeSuspend#internal + 819 
    at 12  print-sandbox-native.kexe           0x10089a467        kfun:kotlin.coroutines.native.internal.BaseContinuationImpl#invokeSuspend(kotlin.Result<kotlin.Any?>){}kotlin.Any?-trampoline + 67 
    at 13  print-sandbox-native.kexe           0x10079d1bf        kfun:kotlin.coroutines.native.internal.BaseContinuationImpl#resumeWith(kotlin.Result<kotlin.Any?>){} + 675 
    at 14  print-sandbox-native.kexe           0x10089a52f        kfun:kotlin.coroutines.Continuation#resumeWith(kotlin.Result<1:0>){}-trampoline + 91 
    at 15  print-sandbox-native.kexe           0x10095d85f        kfun:kotlinx.coroutines.DispatchedTask#run(){} + 2035 (/opt/buildAgent/work/44ec6e850d5c63f0/kotlinx-coroutines-core/common/src/internal/DispatchedTask.kt:100:38)
    at 16  print-sandbox-native.kexe           0x10098981b        kfun:kotlinx.coroutines.Runnable#run(){}-trampoline + 83 (/opt/buildAgent/work/44ec6e850d5c63f0/kotlinx-coroutines-core/native/src/Runnable.kt:12:19)
    at 17  print-sandbox-native.kexe           0x10091b223        kfun:kotlinx.coroutines.EventLoopImplBase#processNextEvent(){}kotlin.Long + 247 (/opt/buildAgent/work/44ec6e850d5c63f0/kotlinx-coroutines-core/common/src/EventLoop.common.kt:256:44)
    at 18  print-sandbox-native.kexe           0x100989653        kfun:kotlinx.coroutines.EventLoop#processNextEvent(){}kotlin.Long-trampoline + 51 (/opt/buildAgent/work/44ec6e850d5c63f0/kotlinx-coroutines-core/common/src/EventLoop.common.kt:49:10)
    at 19  print-sandbox-native.kexe           0x10097bf3b        kfun:kotlinx.coroutines.BlockingCoroutine.joinBlocking#internal + 463 (/opt/buildAgent/work/44ec6e850d5c63f0/kotlinx-coroutines-core/native/src/Builders.kt:79:43)
    at 20  print-sandbox-native.kexe           0x10097b353        kfun:kotlinx.coroutines#runBlockingImpl(kotlin.coroutines.CoroutineContext;kotlinx.coroutines.EventLoop?;kotlin.coroutines.SuspendFunction1<kotlinx.coroutines.CoroutineScope,0:0>){0§<kotlin.Any?>}0:0 + 467 (/opt/buildAgent/work/44ec6e850d5c63f0/kotlinx-coroutines-core/native/src/Builders.kt:15:26)
    at 21  print-sandbox-native.kexe           0x1009779cf        kfun:kotlinx.coroutines#runBlocking(kotlin.coroutines.CoroutineContext;kotlin.coroutines.SuspendFunction1<kotlinx.coroutines.CoroutineScope,0:0>){0§<kotlin.Any?>}0:0 + 563 (/opt/buildAgent/work/44ec6e850d5c63f0/kotlinx-coroutines-core/concurrent/src/Builders.concurrent.kt:172:12)
    at 22  print-sandbox-native.kexe           0x100977aef        kfun:kotlinx.coroutines#runBlocking$default(kotlin.coroutines.CoroutineContext?;kotlin.coroutines.SuspendFunction1<kotlinx.coroutines.CoroutineScope,0:0>;kotlin.Int){0§<kotlin.Any?>}0:0 + 227 (/opt/buildAgent/work/44ec6e850d5c63f0/kotlinx-coroutines-core/concurrent/src/Builders.concurrent.kt:157:8)
    at 23  print-sandbox-native.kexe           0x10033a217        kfun:com.cws.print.sandbox.main$1.invoke#internal + 115 (/Users/vitaliiandrusyshyn/StudioProjects/print/print-sandbox-native/src/nativeMain/kotlin/com/cws/print/sandbox/Main.kt:19:9)
    at 24  print-sandbox-native.kexe           0x10033a653        kfun:com.cws.print.sandbox.main$1.$<bridge-DN>invoke(){}#internal + 71 (/Users/vitaliiandrusyshyn/StudioProjects/print/print-sandbox-native/src/nativeMain/kotlin/com/cws/print/sandbox/Main.kt:18:7)
    at 25  print-sandbox-native.kexe           0x100898373        kfun:kotlin.Function0#invoke(){}1:0-trampoline + 91 
    at 26  print-sandbox-native.kexe           0x1003318c7        kfun:com.cws.print.BasePrint#install(com.cws.print.LogLevel;kotlin.collections.Set<com.cws.print.Logger>;kotlin.String;kotlin.Function0<kotlin.Unit>){} + 499 (/Users/vitaliiandrusyshyn/StudioProjects/print/print-lib/src/commonMain/kotlin/com/cws/print/BasePrint.kt:39:13)
    at 27  print-sandbox-native.kexe           0x100331cb3        kfun:com.cws.print.BasePrint#install$default(com.cws.print.LogLevel?;kotlin.collections.Set<com.cws.print.Logger>?;kotlin.String?;kotlin.Function0<kotlin.Unit>;kotlin.Int){} + 771 (/Users/vitaliiandrusyshyn/StudioProjects/print/print-lib/src/commonMain/kotlin/com/cws/print/BasePrint.kt:24:5)
    at 28  print-sandbox-native.kexe           0x10033a043        kfun:com.cws.print.sandbox#main(){} + 683 (/Users/vitaliiandrusyshyn/StudioProjects/print/print-sandbox-native/src/nativeMain/kotlin/com/cws/print/sandbox/Main.kt:11:11)
    at 29  print-sandbox-native.kexe           0x10033a0d7        Konan_start + 111 (/Users/vitaliiandrusyshyn/StudioProjects/print/print-sandbox-native/src/nativeMain/kotlin/com/cws/print/sandbox/Main.kt:10:1)
    at 30  print-sandbox-native.kexe           0x10033dbbb        Init_and_run_start + 99 
    at 31  dyld                                0x18e7fbdff        start + 69917.07.2026 18:36:24 [WARNING] Auth: Cache miss
kotlin.ConcurrentModificationException
    at 0   print-sandbox-native.kexe           0x100792a77        kfun:kotlin.Exception#<init>(kotlin.String?;kotlin.Throwable?){} + 123 
    at 1   print-sandbox-native.kexe           0x100792c37        kfun:kotlin.RuntimeException#<init>(kotlin.String?;kotlin.Throwable?){} + 123 
    at 2   print-sandbox-native.kexe           0x10079389b        kfun:kotlin.ConcurrentModificationException#<init>(kotlin.String?;kotlin.Throwable?){} + 123 
    at 3   print-sandbox-native.kexe           0x1007938f7        kfun:kotlin.ConcurrentModificationException#<init>(){} + 75 
    at 4   print-sandbox-native.kexe           0x10033ab27        kfun:com.cws.print.sandbox.PrintTests.<init>#internal + 1011 (/Users/vitaliiandrusyshyn/StudioProjects/print/print-sandbox-native/src/nativeMain/kotlin/com/cws/print/sandbox/PrintTests.kt:45:9)
    at 5   print-sandbox-native.kexe           0x10033a707        kfun:com.cws.print.sandbox.PrintTests.$init_global#internal + 131 (/Users/vitaliiandrusyshyn/StudioProjects/print/print-sandbox-native/src/nativeMain/kotlin/com/cws/print/sandbox/PrintTests.kt:1:1)
    at 6   print-sandbox-native.kexe           0x1008f6073        CallInitGlobalPossiblyLock + 423 
    at 7   print-sandbox-native.kexe           0x10033c0ff        kfun:com.cws.print.sandbox.PrintTests#<get-$instance>#static(){}com.cws.print.sandbox.PrintTests + 75 (/Users/vitaliiandrusyshyn/StudioProjects/print/print-sandbox-native/src/nativeMain/kotlin/com/cws/print/sandbox/PrintTests.kt:14:1)
    at 8   print-sandbox-native.kexe           0x10033a303        kfun:com.cws.print.sandbox.main$1.main$1$invoke$1.invoke#internal + 203 (/Users/vitaliiandrusyshyn/StudioProjects/print/print-sandbox-native/src/nativeMain/kotlin/com/cws/print/sandbox/Main.kt:20:13)
    at 9   print-sandbox-native.kexe           0x10033a5d3        kfun:com.cws.print.sandbox.main$1.main$1$invoke$1.$<bridge-NNCC>invoke#suspend(kotlinx.coroutines.CoroutineScope;kotlin.coroutines.Continuation<kotlin.Unit>){}kotlin.Any#internal + 259 (/Users/vitaliiandrusyshyn/StudioProjects/print/print-sandbox-native/src/nativeMain/kotlin/com/cws/print/sandbox/Main.kt:19:21)
    at 10  print-sandbox-native.kexe           0x10089aacb        kfun:kotlin.Function2#invoke(1:0;1:1){}1:2-trampoline + 107 
    at 11  print-sandbox-native.kexe           0x1007a0b9f        kfun:kotlin.coroutines.intrinsics.createCoroutineUnintercepted$$inlined$createCoroutineFromSuspendFunction$4.invokeSuspend#internal + 819 
    at 12  print-sandbox-native.kexe           0x10089a467        kfun:kotlin.coroutines.native.internal.BaseContinuationImpl#invokeSuspend(kotlin.Result<kotlin.Any?>){}kotlin.Any?-trampoline + 67 
    at 13  print-sandbox-native.kexe           0x10079d1bf        kfun:kotlin.coroutines.native.internal.BaseContinuationImpl#resumeWith(kotlin.Result<kotlin.Any?>){} + 675 
    at 14  print-sandbox-native.kexe           0x10089a52f        kfun:kotlin.coroutines.Continuation#resumeWith(kotlin.Result<1:0>){}-trampoline + 91 
    at 15  print-sandbox-native.kexe           0x10095d85f        kfun:kotlinx.coroutines.DispatchedTask#run(){} + 2035 (/opt/buildAgent/work/44ec6e850d5c63f0/kotlinx-coroutines-core/common/src/internal/DispatchedTask.kt:100:38)
    at 16  print-sandbox-native.kexe           0x10098981b        kfun:kotlinx.coroutines.Runnable#run(){}-trampoline + 83 (/opt/buildAgent/work/44ec6e850d5c63f0/kotlinx-coroutines-core/native/src/Runnable.kt:12:19)
    at 17  print-sandbox-native.kexe           0x10091b223        kfun:kotlinx.coroutines.EventLoopImplBase#processNextEvent(){}kotlin.Long + 247 (/opt/buildAgent/work/44ec6e850d5c63f0/kotlinx-coroutines-core/common/src/EventLoop.common.kt:256:44)
    at 18  print-sandbox-native.kexe           0x100989653        kfun:kotlinx.coroutines.EventLoop#processNextEvent(){}kotlin.Long-trampoline + 51 (/opt/buildAgent/work/44ec6e850d5c63f0/kotlinx-coroutines-core/common/src/EventLoop.common.kt:49:10)
    at 19  print-sandbox-native.kexe           0x10097bf3b        kfun:kotlinx.coroutines.BlockingCoroutine.joinBlocking#internal + 463 (/opt/buildAgent/work/44ec6e850d5c63f0/kotlinx-coroutines-core/native/src/Builders.kt:79:43)
    at 20  print-sandbox-native.kexe           0x10097b353        kfun:kotlinx.coroutines#runBlockingImpl(kotlin.coroutines.CoroutineContext;kotlinx.coroutines.EventLoop?;kotlin.coroutines.SuspendFunction1<kotlinx.coroutines.CoroutineScope,0:0>){0§<kotlin.Any?>}0:0 + 467 (/opt/buildAgent/work/44ec6e850d5c63f0/kotlinx-coroutines-core/native/src/Builders.kt:15:26)
    at 21  print-sandbox-native.kexe           0x1009779cf        kfun:kotlinx.coroutines#runBlocking(kotlin.coroutines.CoroutineContext;kotlin.coroutines.SuspendFunction1<kotlinx.coroutines.CoroutineScope,0:0>){0§<kotlin.Any?>}0:0 + 563 (/opt/buildAgent/work/44ec6e850d5c63f0/kotlinx-coroutines-core/concurrent/src/Builders.concurrent.kt:172:12)
    at 22  print-sandbox-native.kexe           0x100977aef        kfun:kotlinx.coroutines#runBlocking$default(kotlin.coroutines.CoroutineContext?;kotlin.coroutines.SuspendFunction1<kotlinx.coroutines.CoroutineScope,0:0>;kotlin.Int){0§<kotlin.Any?>}0:0 + 227 (/opt/buildAgent/work/44ec6e850d5c63f0/kotlinx-coroutines-core/concurrent/src/Builders.concurrent.kt:157:8)
    at 23  print-sandbox-native.kexe           0x10033a217        kfun:com.cws.print.sandbox.main$1.invoke#internal + 115 (/Users/vitaliiandrusyshyn/StudioProjects/print/print-sandbox-native/src/nativeMain/kotlin/com/cws/print/sandbox/Main.kt:19:9)
    at 24  print-sandbox-native.kexe           0x10033a653        kfun:com.cws.print.sandbox.main$1.$<bridge-DN>invoke(){}#internal + 71 (/Users/vitaliiandrusyshyn/StudioProjects/print/print-sandbox-native/src/nativeMain/kotlin/com/cws/print/sandbox/Main.kt:18:7)
    at 25  print-sandbox-native.kexe           0x100898373        kfun:kotlin.Function0#invoke(){}1:0-trampoline + 91 
    at 26  print-sandbox-native.kexe           0x1003318c7        kfun:com.cws.print.BasePrint#install(com.cws.print.LogLevel;kotlin.collections.Set<com.cws.print.Logger>;kotlin.String;kotlin.Function0<kotlin.Unit>){} + 499 (/Users/vitaliiandrusyshyn/StudioProjects/print/print-lib/src/commonMain/kotlin/com/cws/print/BasePrint.kt:39:13)
    at 27  print-sandbox-native.kexe           0x100331cb3        kfun:com.cws.print.BasePrint#install$default(com.cws.print.LogLevel?;kotlin.collections.Set<com.cws.print.Logger>?;kotlin.String?;kotlin.Function0<kotlin.Unit>;kotlin.Int){} + 771 (/Users/vitaliiandrusyshyn/StudioProjects/print/print-lib/src/commonMain/kotlin/com/cws/print/BasePrint.kt:24:5)
    at 28  print-sandbox-native.kexe           0x10033a043        kfun:com.cws.print.sandbox#main(){} + 683 (/Users/vitaliiandrusyshyn/StudioProjects/print/print-sandbox-native/src/nativeMain/kotlin/com/cws/print/sandbox/Main.kt:11:11)
    at 29  print-sandbox-native.kexe           0x10033a0d7        Konan_start + 111 (/Users/vitaliiandrusyshyn/StudioProjects/print/print-sandbox-native/src/nativeMain/kotlin/com/cws/print/sandbox/Main.kt:10:1)
    at 30  print-sandbox-native.kexe           0x10033dbbb        Init_and_run_start + 99 
    at 31  dyld                                0x18e7fbdff        start + 69917.07.2026 18:36:25 [VERBOSE] App: End profiling function X17.07.2026 18:36:28 [DEBUG] Cache: Cache hit for key17.07.2026 18:36:29 [DEBUG] Cache: Checking credentials17.07.2026 18:36:31 [VERBOSE] UI: Loop iteration finished17.07.2026 18:36:32 [INFO] UI: Service initialized17.07.2026 18:36:33 [WARNING] Profiler: Deprecated API usage
kotlin.IllegalStateException
    at 0   print-sandbox-native.kexe           0x1007982d3        kfun:kotlin.Throwable#<init>(){} + 75 
    at 1   print-sandbox-native.kexe           0x10079297b        kfun:kotlin.Exception#<init>(){} + 67 
    at 2   print-sandbox-native.kexe           0x100792b3b        kfun:kotlin.RuntimeException#<init>(){} + 67 
    at 3   print-sandbox-native.kexe           0x100792fd3        kfun:kotlin.IllegalStateException#<init>(){} + 67 
    at 4   print-sandbox-native.kexe           0x10033aaef        kfun:com.cws.print.sandbox.PrintTests.<init>#internal + 955 (/Users/vitaliiandrusyshyn/StudioProjects/print/print-sandbox-native/src/nativeMain/kotlin/com/cws/print/sandbox/PrintTests.kt:44:61)
    at 5   print-sandbox-native.kexe           0x10033a707        kfun:com.cws.print.sandbox.PrintTests.$init_global#internal + 131 (/Users/vitaliiandrusyshyn/StudioProjects/print/print-sandbox-native/src/nativeMain/kotlin/com/cws/print/sandbox/PrintTests.kt:1:1)
    at 6   print-sandbox-native.kexe           0x1008f6073        CallInitGlobalPossiblyLock + 423 
    at 7   print-sandbox-native.kexe           0x10033c0ff        kfun:com.cws.print.sandbox.PrintTests#<get-$instance>#static(){}com.cws.print.sandbox.PrintTests + 75 (/Users/vitaliiandrusyshyn/StudioProjects/print/print-sandbox-native/src/nativeMain/kotlin/com/cws/print/sandbox/PrintTests.kt:14:1)
    at 8   print-sandbox-native.kexe           0x10033a303        kfun:com.cws.print.sandbox.main$1.main$1$invoke$1.invoke#internal + 203 (/Users/vitaliiandrusyshyn/StudioProjects/print/print-sandbox-native/src/nativeMain/kotlin/com/cws/print/sandbox/Main.kt:20:13)
    at 9   print-sandbox-native.kexe           0x10033a5d3        kfun:com.cws.print.sandbox.main$1.main$1$invoke$1.$<bridge-NNCC>invoke#suspend(kotlinx.coroutines.CoroutineScope;kotlin.coroutines.Continuation<kotlin.Unit>){}kotlin.Any#internal + 259 (/Users/vitaliiandrusyshyn/StudioProjects/print/print-sandbox-native/src/nativeMain/kotlin/com/cws/print/sandbox/Main.kt:19:21)
    at 10  print-sandbox-native.kexe           0x10089aacb        kfun:kotlin.Function2#invoke(1:0;1:1){}1:2-trampoline + 107 
    at 11  print-sandbox-native.kexe           0x1007a0b9f        kfun:kotlin.coroutines.intrinsics.createCoroutineUnintercepted$$inlined$createCoroutineFromSuspendFunction$4.invokeSuspend#internal + 819 
    at 12  print-sandbox-native.kexe           0x10089a467        kfun:kotlin.coroutines.native.internal.BaseContinuationImpl#invokeSuspend(kotlin.Result<kotlin.Any?>){}kotlin.Any?-trampoline + 67 
    at 13  print-sandbox-native.kexe           0x10079d1bf        kfun:kotlin.coroutines.native.internal.BaseContinuationImpl#resumeWith(kotlin.Result<kotlin.Any?>){} + 675 
    at 14  print-sandbox-native.kexe           0x10089a52f        kfun:kotlin.coroutines.Continuation#resumeWith(kotlin.Result<1:0>){}-trampoline + 91 
    at 15  print-sandbox-native.kexe           0x10095d85f        kfun:kotlinx.coroutines.DispatchedTask#run(){} + 2035 (/opt/buildAgent/work/44ec6e850d5c63f0/kotlinx-coroutines-core/common/src/internal/DispatchedTask.kt:100:38)
    at 16  print-sandbox-native.kexe           0x10098981b        kfun:kotlinx.coroutines.Runnable#run(){}-trampoline + 83 (/opt/buildAgent/work/44ec6e850d5c63f0/kotlinx-coroutines-core/native/src/Runnable.kt:12:19)
    at 17  print-sandbox-native.kexe           0x10091b223        kfun:kotlinx.coroutines.EventLoopImplBase#processNextEvent(){}kotlin.Long + 247 (/opt/buildAgent/work/44ec6e850d5c63f0/kotlinx-coroutines-core/common/src/EventLoop.common.kt:256:44)
    at 18  print-sandbox-native.kexe           0x100989653        kfun:kotlinx.coroutines.EventLoop#processNextEvent(){}kotlin.Long-trampoline + 51 (/opt/buildAgent/work/44ec6e850d5c63f0/kotlinx-coroutines-core/common/src/EventLoop.common.kt:49:10)
    at 19  print-sandbox-native.kexe           0x10097bf3b        kfun:kotlinx.coroutines.BlockingCoroutine.joinBlocking#internal + 463 (/opt/buildAgent/work/44ec6e850d5c63f0/kotlinx-coroutines-core/native/src/Builders.kt:79:43)
    at 20  print-sandbox-native.kexe           0x10097b353        kfun:kotlinx.coroutines#runBlockingImpl(kotlin.coroutines.CoroutineContext;kotlinx.coroutines.EventLoop?;kotlin.coroutines.SuspendFunction1<kotlinx.coroutines.CoroutineScope,0:0>){0§<kotlin.Any?>}0:0 + 467 (/opt/buildAgent/work/44ec6e850d5c63f0/kotlinx-coroutines-core/native/src/Builders.kt:15:26)
    at 21  print-sandbox-native.kexe           0x1009779cf        kfun:kotlinx.coroutines#runBlocking(kotlin.coroutines.CoroutineContext;kotlin.coroutines.SuspendFunction1<kotlinx.coroutines.CoroutineScope,0:0>){0§<kotlin.Any?>}0:0 + 563 (/opt/buildAgent/work/44ec6e850d5c63f0/kotlinx-coroutines-core/concurrent/src/Builders.concurrent.kt:172:12)
    at 22  print-sandbox-native.kexe           0x100977aef        kfun:kotlinx.coroutines#runBlocking$default(kotlin.coroutines.CoroutineContext?;kotlin.coroutines.SuspendFunction1<kotlinx.coroutines.CoroutineScope,0:0>;kotlin.Int){0§<kotlin.Any?>}0:0 + 227 (/opt/buildAgent/work/44ec6e850d5c63f0/kotlinx-coroutines-core/concurrent/src/Builders.concurrent.kt:157:8)
    at 23  print-sandbox-native.kexe           0x10033a217        kfun:com.cws.print.sandbox.main$1.invoke#internal + 115 (/Users/vitaliiandrusyshyn/StudioProjects/print/print-sandbox-native/src/nativeMain/kotlin/com/cws/print/sandbox/Main.kt:19:9)
    at 24  print-sandbox-native.kexe           0x10033a653        kfun:com.cws.print.sandbox.main$1.$<bridge-DN>invoke(){}#internal + 71 (/Users/vitaliiandrusyshyn/StudioProjects/print/print-sandbox-native/src/nativeMain/kotlin/com/cws/print/sandbox/Main.kt:18:7)
    at 25  print-sandbox-native.kexe           0x100898373        kfun:kotlin.Function0#invoke(){}1:0-trampoline + 91 
    at 26  print-sandbox-native.kexe           0x1003318c7        kfun:com.cws.print.BasePrint#install(com.cws.print.LogLevel;kotlin.collections.Set<com.cws.print.Logger>;kotlin.String;kotlin.Function0<kotlin.Unit>){} + 499 (/Users/vitaliiandrusyshyn/StudioProjects/print/print-lib/src/commonMain/kotlin/com/cws/print/BasePrint.kt:39:13)
    at 27  print-sandbox-native.kexe           0x100331cb3        kfun:com.cws.print.BasePrint#install$default(com.cws.print.LogLevel?;kotlin.collections.Set<com.cws.print.Logger>?;kotlin.String?;kotlin.Function0<kotlin.Unit>;kotlin.Int){} + 771 (/Users/vitaliiandrusyshyn/StudioProjects/print/print-lib/src/commonMain/kotlin/com/cws/print/BasePrint.kt:24:5)
    at 28  print-sandbox-native.kexe           0x10033a043        kfun:com.cws.print.sandbox#main(){} + 683 (/Users/vitaliiandrusyshyn/StudioProjects/print/print-sandbox-native/src/nativeMain/kotlin/com/cws/print/sandbox/Main.kt:11:11)
    at 29  print-sandbox-native.kexe           0x10033a0d7        Konan_start + 111 (/Users/vitaliiandrusyshyn/StudioProjects/print/print-sandbox-native/src/nativeMain/kotlin/com/cws/print/sandbox/Main.kt:10:1)
    at 30  print-sandbox-native.kexe           0x10033dbbb        Init_and_run_start + 99 
    at 31  dyld                                0x18e7fbdff        start + 69917.07.2026 18:36:34 [INFO] Service: Application started17.07.2026 18:36:37 [VERBOSE] Database: Loop iteration finished17.07.2026 18:36:38 [DEBUG] Service: Checking credentials17.07.2026 18:36:39 [DEBUG] Cache: Parsing JSON17.07.2026 18:36:40 [INFO] UI: Connected to database17.07.2026 18:36:41 [VERBOSE] Network: Loop iteration finished