17.07.2026 21:28:15 [INFO] Service: Service initialized
17.07.2026 21:28:15 [VERBOSE] App: Loop iteration finished
17.07.2026 21:28:15 [DEBUG] Cache: Coroutine started
17.07.2026 21:28:15 [DEBUG] Network: Coroutine started
17.07.2026 21:28:15 [ERROR] App: Database connection failed
 java.lang.IndexOutOfBoundsException
	at com.cws.print.sandbox.PrintTests.<clinit>(PrintTests.kt:45)
	at com.cws.print.sandbox.MainKt$main$1$1$1$1.invokeSuspend(Main.kt:28)
	at kotlin.coroutines.jvm.internal.BaseContinuationImpl.resumeWith(ContinuationImpl.kt:34)
	at kotlinx.coroutines.DispatchedTask.run(DispatchedTask.kt:100)
	at kotlinx.coroutines.scheduling.CoroutineScheduler.runSafely(CoroutineScheduler.kt:586)
	at kotlinx.coroutines.scheduling.CoroutineScheduler$Worker.executeTask(CoroutineScheduler.kt:807)
	at kotlinx.coroutines.scheduling.CoroutineScheduler$Worker.runWorker(CoroutineScheduler.kt:717)
	at kotlinx.coroutines.scheduling.CoroutineScheduler$Worker.run(CoroutineScheduler.kt:704)
17.07.2026 21:28:15 [DEBUG] App: Cache hit for key
17.07.2026 21:28:15 [ERROR] App: Null pointer exception
 java.lang.IndexOutOfBoundsException
	at com.cws.print.sandbox.PrintTests.<clinit>(PrintTests.kt:45)
	at com.cws.print.sandbox.MainKt$main$1$1$1$1.invokeSuspend(Main.kt:28)
	at kotlin.coroutines.jvm.internal.BaseContinuationImpl.resumeWith(ContinuationImpl.kt:34)
	at kotlinx.coroutines.DispatchedTask.run(DispatchedTask.kt:100)
	at kotlinx.coroutines.scheduling.CoroutineScheduler.runSafely(CoroutineScheduler.kt:586)
	at kotlinx.coroutines.scheduling.CoroutineScheduler$Worker.executeTask(CoroutineScheduler.kt:807)
	at kotlinx.coroutines.scheduling.CoroutineScheduler$Worker.runWorker(CoroutineScheduler.kt:717)
	at kotlinx.coroutines.scheduling.CoroutineScheduler$Worker.run(CoroutineScheduler.kt:704)
17.07.2026 21:28:16 [WARNING] Database: Low memory warning
 java.lang.IllegalArgumentException
	at com.cws.print.sandbox.PrintTests.<clinit>(PrintTests.kt:44)
	at com.cws.print.sandbox.MainKt$main$1$1$1$1.invokeSuspend(Main.kt:28)
	at kotlin.coroutines.jvm.internal.BaseContinuationImpl.resumeWith(ContinuationImpl.kt:34)
	at kotlinx.coroutines.DispatchedTask.run(DispatchedTask.kt:100)
	at kotlinx.coroutines.scheduling.CoroutineScheduler.runSafely(CoroutineScheduler.kt:586)
	at kotlinx.coroutines.scheduling.CoroutineScheduler$Worker.executeTask(CoroutineScheduler.kt:807)
	at kotlinx.coroutines.scheduling.CoroutineScheduler$Worker.runWorker(CoroutineScheduler.kt:717)
	at kotlinx.coroutines.scheduling.CoroutineScheduler$Worker.run(CoroutineScheduler.kt:704)
17.07.2026 21:28:16 [INFO] App: Background task finished
17.07.2026 21:28:16 [WARNING] UI: Deprecated API usage
 java.lang.NullPointerException
	at com.cws.print.sandbox.PrintTests.<clinit>(PrintTests.kt:44)
	at com.cws.print.sandbox.MainKt$main$1$1$1$1.invokeSuspend(Main.kt:28)
	at kotlin.coroutines.jvm.internal.BaseContinuationImpl.resumeWith(ContinuationImpl.kt:34)
	at kotlinx.coroutines.DispatchedTask.run(DispatchedTask.kt:100)
	at kotlinx.coroutines.scheduling.CoroutineScheduler.runSafely(CoroutineScheduler.kt:586)
	at kotlinx.coroutines.scheduling.CoroutineScheduler$Worker.executeTask(CoroutineScheduler.kt:807)
	at kotlinx.coroutines.scheduling.CoroutineScheduler$Worker.runWorker(CoroutineScheduler.kt:717)
	at kotlinx.coroutines.scheduling.CoroutineScheduler$Worker.run(CoroutineScheduler.kt:704)
17.07.2026 21:28:16 [ERROR] App: Null pointer exception
 java.lang.IllegalStateException
	at com.cws.print.sandbox.PrintTests.<clinit>(PrintTests.kt:44)
	at com.cws.print.sandbox.MainKt$main$1$1$1$1.invokeSuspend(Main.kt:28)
	at kotlin.coroutines.jvm.internal.BaseContinuationImpl.resumeWith(ContinuationImpl.kt:34)
	at kotlinx.coroutines.DispatchedTask.run(DispatchedTask.kt:100)
	at kotlinx.coroutines.scheduling.CoroutineScheduler.runSafely(CoroutineScheduler.kt:586)
	at kotlinx.coroutines.scheduling.CoroutineScheduler$Worker.executeTask(CoroutineScheduler.kt:807)
	at kotlinx.coroutines.scheduling.CoroutineScheduler$Worker.runWorker(CoroutineScheduler.kt:717)
	at kotlinx.coroutines.scheduling.CoroutineScheduler$Worker.run(CoroutineScheduler.kt:704)
17.07.2026 21:28:16 [ERROR] Network: Unhandled exception occurred
 java.lang.IndexOutOfBoundsException
	at com.cws.print.sandbox.PrintTests.<clinit>(PrintTests.kt:45)
	at com.cws.print.sandbox.MainKt$main$1$1$1$1.invokeSuspend(Main.kt:28)
	at kotlin.coroutines.jvm.internal.BaseContinuationImpl.resumeWith(ContinuationImpl.kt:34)
	at kotlinx.coroutines.DispatchedTask.run(DispatchedTask.kt:100)
	at kotlinx.coroutines.scheduling.CoroutineScheduler.runSafely(CoroutineScheduler.kt:586)
	at kotlinx.coroutines.scheduling.CoroutineScheduler$Worker.executeTask(CoroutineScheduler.kt:807)
	at kotlinx.coroutines.scheduling.CoroutineScheduler$Worker.runWorker(CoroutineScheduler.kt:717)
	at kotlinx.coroutines.scheduling.CoroutineScheduler$Worker.run(CoroutineScheduler.kt:704)
17.07.2026 21:28:16 [VERBOSE] Profiler: Start profiling function X
17.07.2026 21:28:16 [WARNING] UI: Low memory warning
 java.lang.IndexOutOfBoundsException
	at com.cws.print.sandbox.PrintTests.<clinit>(PrintTests.kt:45)
	at com.cws.print.sandbox.MainKt$main$1$1$1$1.invokeSuspend(Main.kt:28)
	at kotlin.coroutines.jvm.internal.BaseContinuationImpl.resumeWith(ContinuationImpl.kt:34)
	at kotlinx.coroutines.DispatchedTask.run(DispatchedTask.kt:100)
	at kotlinx.coroutines.scheduling.CoroutineScheduler.runSafely(CoroutineScheduler.kt:586)
	at kotlinx.coroutines.scheduling.CoroutineScheduler$Worker.executeTask(CoroutineScheduler.kt:807)
	at kotlinx.coroutines.scheduling.CoroutineScheduler$Worker.runWorker(CoroutineScheduler.kt:717)
	at kotlinx.coroutines.scheduling.CoroutineScheduler$Worker.run(CoroutineScheduler.kt:704)
17.07.2026 21:28:17 [WARNING] Cache: Response slow
 java.lang.NullPointerException
	at com.cws.print.sandbox.PrintTests.<clinit>(PrintTests.kt:44)
	at com.cws.print.sandbox.MainKt$main$1$1$1$1.invokeSuspend(Main.kt:28)
	at kotlin.coroutines.jvm.internal.BaseContinuationImpl.resumeWith(ContinuationImpl.kt:34)
	at kotlinx.coroutines.DispatchedTask.run(DispatchedTask.kt:100)
	at kotlinx.coroutines.scheduling.CoroutineScheduler.runSafely(CoroutineScheduler.kt:586)
	at kotlinx.coroutines.scheduling.CoroutineScheduler$Worker.executeTask(CoroutineScheduler.kt:807)
	at kotlinx.coroutines.scheduling.CoroutineScheduler$Worker.runWorker(CoroutineScheduler.kt:717)
	at kotlinx.coroutines.scheduling.CoroutineScheduler$Worker.run(CoroutineScheduler.kt:704)
17.07.2026 21:28:17 [ERROR] Database: Failed to fetch records
 java.lang.IllegalArgumentException
	at com.cws.print.sandbox.PrintTests.<clinit>(PrintTests.kt:44)
	at com.cws.print.sandbox.MainKt$main$1$1$1$1.invokeSuspend(Main.kt:28)
	at kotlin.coroutines.jvm.internal.BaseContinuationImpl.resumeWith(ContinuationImpl.kt:34)
	at kotlinx.coroutines.DispatchedTask.run(DispatchedTask.kt:100)
	at kotlinx.coroutines.scheduling.CoroutineScheduler.runSafely(CoroutineScheduler.kt:586)
	at kotlinx.coroutines.scheduling.CoroutineScheduler$Worker.executeTask(CoroutineScheduler.kt:807)
	at kotlinx.coroutines.scheduling.CoroutineScheduler$Worker.runWorker(CoroutineScheduler.kt:717)
	at kotlinx.coroutines.scheduling.CoroutineScheduler$Worker.run(CoroutineScheduler.kt:704)
17.07.2026 21:28:17 [INFO] Service: Service initialized
17.07.2026 21:28:17 [VERBOSE] Profiler: Entering method Y
17.07.2026 21:28:17 [ERROR] Database: Null pointer exception
 java.lang.IllegalArgumentException
	at com.cws.print.sandbox.PrintTests.<clinit>(PrintTests.kt:44)
	at com.cws.print.sandbox.MainKt$main$1$1$1$1.invokeSuspend(Main.kt:28)
	at kotlin.coroutines.jvm.internal.BaseContinuationImpl.resumeWith(ContinuationImpl.kt:34)
	at kotlinx.coroutines.DispatchedTask.run(DispatchedTask.kt:100)
	at kotlinx.coroutines.scheduling.CoroutineScheduler.runSafely(CoroutineScheduler.kt:586)
	at kotlinx.coroutines.scheduling.CoroutineScheduler$Worker.executeTask(CoroutineScheduler.kt:807)
	at kotlinx.coroutines.scheduling.CoroutineScheduler$Worker.runWorker(CoroutineScheduler.kt:717)
	at kotlinx.coroutines.scheduling.CoroutineScheduler$Worker.run(CoroutineScheduler.kt:704)
17.07.2026 21:28:17 [INFO] Service: User profile loaded
17.07.2026 21:28:17 [ERROR] App: Unhandled exception occurred
 java.lang.IllegalArgumentException
	at com.cws.print.sandbox.PrintTests.<clinit>(PrintTests.kt:44)
	at com.cws.print.sandbox.MainKt$main$1$1$1$1.invokeSuspend(Main.kt:28)
	at kotlin.coroutines.jvm.internal.BaseContinuationImpl.resumeWith(ContinuationImpl.kt:34)
	at kotlinx.coroutines.DispatchedTask.run(DispatchedTask.kt:100)
	at kotlinx.coroutines.scheduling.CoroutineScheduler.runSafely(CoroutineScheduler.kt:586)
	at kotlinx.coroutines.scheduling.CoroutineScheduler$Worker.executeTask(CoroutineScheduler.kt:807)
	at kotlinx.coroutines.scheduling.CoroutineScheduler$Worker.runWorker(CoroutineScheduler.kt:717)
	at kotlinx.coroutines.scheduling.CoroutineScheduler$Worker.run(CoroutineScheduler.kt:704)
17.07.2026 21:28:17 [DEBUG] Database: Coroutine started
17.07.2026 21:28:18 [INFO] Database: Service initialized
17.07.2026 21:28:18 [DEBUG] Service: Parsing JSON
17.07.2026 21:28:18 [INFO] UI: User profile loaded
17.07.2026 21:28:18 [ERROR] UI: Database connection failed
 java.lang.IllegalStateException
	at com.cws.print.sandbox.PrintTests.<clinit>(PrintTests.kt:44)
	at com.cws.print.sandbox.MainKt$main$1$1$1$1.invokeSuspend(Main.kt:28)
	at kotlin.coroutines.jvm.internal.BaseContinuationImpl.resumeWith(ContinuationImpl.kt:34)
	at kotlinx.coroutines.DispatchedTask.run(DispatchedTask.kt:100)
	at kotlinx.coroutines.scheduling.CoroutineScheduler.runSafely(CoroutineScheduler.kt:586)
	at kotlinx.coroutines.scheduling.CoroutineScheduler$Worker.executeTask(CoroutineScheduler.kt:807)
	at kotlinx.coroutines.scheduling.CoroutineScheduler$Worker.runWorker(CoroutineScheduler.kt:717)
	at kotlinx.coroutines.scheduling.CoroutineScheduler$Worker.run(CoroutineScheduler.kt:704)
17.07.2026 21:28:18 [ERROR] Profiler: Unhandled exception occurred
 java.lang.NullPointerException
	at com.cws.print.sandbox.PrintTests.<clinit>(PrintTests.kt:44)
	at com.cws.print.sandbox.MainKt$main$1$1$1$1.invokeSuspend(Main.kt:28)
	at kotlin.coroutines.jvm.internal.BaseContinuationImpl.resumeWith(ContinuationImpl.kt:34)
	at kotlinx.coroutines.DispatchedTask.run(DispatchedTask.kt:100)
	at kotlinx.coroutines.scheduling.CoroutineScheduler.runSafely(CoroutineScheduler.kt:586)
	at kotlinx.coroutines.scheduling.CoroutineScheduler$Worker.executeTask(CoroutineScheduler.kt:807)
	at kotlinx.coroutines.scheduling.CoroutineScheduler$Worker.runWorker(CoroutineScheduler.kt:717)
	at kotlinx.coroutines.scheduling.CoroutineScheduler$Worker.run(CoroutineScheduler.kt:704)
17.07.2026 21:28:18 [VERBOSE] App: Start profiling function X
17.07.2026 21:28:18 [DEBUG] Service: Request headers: {Authorization=...}
17.07.2026 21:28:18 [VERBOSE] UI: Start profiling function X
17.07.2026 21:28:18 [INFO] Auth: Background task finished
17.07.2026 21:28:19 [DEBUG] Service: Response received
17.07.2026 21:28:19 [VERBOSE] UI: End profiling function X
17.07.2026 21:28:19 [INFO] Service: User profile loaded
17.07.2026 21:28:19 [WARNING] UI: Response slow
 java.lang.IllegalArgumentException
	at com.cws.print.sandbox.PrintTests.<clinit>(PrintTests.kt:44)
	at com.cws.print.sandbox.MainKt$main$1$1$1$1.invokeSuspend(Main.kt:28)
	at kotlin.coroutines.jvm.internal.BaseContinuationImpl.resumeWith(ContinuationImpl.kt:34)
	at kotlinx.coroutines.DispatchedTask.run(DispatchedTask.kt:100)
	at kotlinx.coroutines.scheduling.CoroutineScheduler.runSafely(CoroutineScheduler.kt:586)
	at kotlinx.coroutines.scheduling.CoroutineScheduler$Worker.executeTask(CoroutineScheduler.kt:807)
	at kotlinx.coroutines.scheduling.CoroutineScheduler$Worker.runWorker(CoroutineScheduler.kt:717)
	at kotlinx.coroutines.scheduling.CoroutineScheduler$Worker.run(CoroutineScheduler.kt:704)
17.07.2026 21:28:19 [INFO] Database: Connected to database
17.07.2026 21:28:19 [ERROR] Profiler: Database connection failed
 java.lang.NullPointerException
	at com.cws.print.sandbox.PrintTests.<clinit>(PrintTests.kt:44)
	at com.cws.print.sandbox.MainKt$main$1$1$1$1.invokeSuspend(Main.kt:28)
	at kotlin.coroutines.jvm.internal.BaseContinuationImpl.resumeWith(ContinuationImpl.kt:34)
	at kotlinx.coroutines.DispatchedTask.run(DispatchedTask.kt:100)
	at kotlinx.coroutines.scheduling.CoroutineScheduler.runSafely(CoroutineScheduler.kt:586)
	at kotlinx.coroutines.scheduling.CoroutineScheduler$Worker.executeTask(CoroutineScheduler.kt:807)
	at kotlinx.coroutines.scheduling.CoroutineScheduler$Worker.runWorker(CoroutineScheduler.kt:717)
	at kotlinx.coroutines.scheduling.CoroutineScheduler$Worker.run(CoroutineScheduler.kt:704)
17.07.2026 21:28:19 [WARNING] Profiler: Deprecated API usage
 java.lang.IllegalArgumentException
	at com.cws.print.sandbox.PrintTests.<clinit>(PrintTests.kt:44)
	at com.cws.print.sandbox.MainKt$main$1$1$1$1.invokeSuspend(Main.kt:28)
	at kotlin.coroutines.jvm.internal.BaseContinuationImpl.resumeWith(ContinuationImpl.kt:34)
	at kotlinx.coroutines.DispatchedTask.run(DispatchedTask.kt:100)
	at kotlinx.coroutines.scheduling.CoroutineScheduler.runSafely(CoroutineScheduler.kt:586)
	at kotlinx.coroutines.scheduling.CoroutineScheduler$Worker.executeTask(CoroutineScheduler.kt:807)
	at kotlinx.coroutines.scheduling.CoroutineScheduler$Worker.runWorker(CoroutineScheduler.kt:717)
	at kotlinx.coroutines.scheduling.CoroutineScheduler$Worker.run(CoroutineScheduler.kt:704)
17.07.2026 21:28:19 [INFO] UI: Service initialized
17.07.2026 21:28:20 [VERBOSE] Cache: Start profiling function X
17.07.2026 21:28:20 [ERROR] Service: Network unreachable
 java.lang.NullPointerException
	at com.cws.print.sandbox.PrintTests.<clinit>(PrintTests.kt:44)
	at com.cws.print.sandbox.MainKt$main$1$1$1$1.invokeSuspend(Main.kt:28)
	at kotlin.coroutines.jvm.internal.BaseContinuationImpl.resumeWith(ContinuationImpl.kt:34)
	at kotlinx.coroutines.DispatchedTask.run(DispatchedTask.kt:100)
	at kotlinx.coroutines.scheduling.CoroutineScheduler.runSafely(CoroutineScheduler.kt:586)
	at kotlinx.coroutines.scheduling.CoroutineScheduler$Worker.executeTask(CoroutineScheduler.kt:807)
	at kotlinx.coroutines.scheduling.CoroutineScheduler$Worker.runWorker(CoroutineScheduler.kt:717)
	at kotlinx.coroutines.scheduling.CoroutineScheduler$Worker.run(CoroutineScheduler.kt:704)
17.07.2026 21:28:20 [DEBUG] UI: Parsing JSON
17.07.2026 21:28:20 [INFO] Service: Application started
17.07.2026 21:28:20 [DEBUG] Profiler: Request headers: {Authorization=...}
17.07.2026 21:28:20 [ERROR] App: Failed to fetch records
 java.util.ConcurrentModificationException
	at com.cws.print.sandbox.PrintTests.<clinit>(PrintTests.kt:45)
	at com.cws.print.sandbox.MainKt$main$1$1$1$1.invokeSuspend(Main.kt:28)
	at kotlin.coroutines.jvm.internal.BaseContinuationImpl.resumeWith(ContinuationImpl.kt:34)
	at kotlinx.coroutines.DispatchedTask.run(DispatchedTask.kt:100)
	at kotlinx.coroutines.scheduling.CoroutineScheduler.runSafely(CoroutineScheduler.kt:586)
	at kotlinx.coroutines.scheduling.CoroutineScheduler$Worker.executeTask(CoroutineScheduler.kt:807)
	at kotlinx.coroutines.scheduling.CoroutineScheduler$Worker.runWorker(CoroutineScheduler.kt:717)
	at kotlinx.coroutines.scheduling.CoroutineScheduler$Worker.run(CoroutineScheduler.kt:704)
17.07.2026 21:28:20 [DEBUG] Profiler: Parsing JSON
17.07.2026 21:28:20 [WARNING] Auth: Deprecated API usage
 java.util.ConcurrentModificationException
	at com.cws.print.sandbox.PrintTests.<clinit>(PrintTests.kt:45)
	at com.cws.print.sandbox.MainKt$main$1$1$1$1.invokeSuspend(Main.kt:28)
	at kotlin.coroutines.jvm.internal.BaseContinuationImpl.resumeWith(ContinuationImpl.kt:34)
	at kotlinx.coroutines.DispatchedTask.run(DispatchedTask.kt:100)
	at kotlinx.coroutines.scheduling.CoroutineScheduler.runSafely(CoroutineScheduler.kt:586)
	at kotlinx.coroutines.scheduling.CoroutineScheduler$Worker.executeTask(CoroutineScheduler.kt:807)
	at kotlinx.coroutines.scheduling.CoroutineScheduler$Worker.runWorker(CoroutineScheduler.kt:717)
	at kotlinx.coroutines.scheduling.CoroutineScheduler$Worker.run(CoroutineScheduler.kt:704)
17.07.2026 21:28:20 [WARNING] Cache: Token about to expire
 java.lang.IllegalStateException
	at com.cws.print.sandbox.PrintTests.<clinit>(PrintTests.kt:44)
	at com.cws.print.sandbox.MainKt$main$1$1$1$1.invokeSuspend(Main.kt:28)
	at kotlin.coroutines.jvm.internal.BaseContinuationImpl.resumeWith(ContinuationImpl.kt:34)
	at kotlinx.coroutines.DispatchedTask.run(DispatchedTask.kt:100)
	at kotlinx.coroutines.scheduling.CoroutineScheduler.runSafely(CoroutineScheduler.kt:586)
	at kotlinx.coroutines.scheduling.CoroutineScheduler$Worker.executeTask(CoroutineScheduler.kt:807)
	at kotlinx.coroutines.scheduling.CoroutineScheduler$Worker.runWorker(CoroutineScheduler.kt:717)
	at kotlinx.coroutines.scheduling.CoroutineScheduler$Worker.run(CoroutineScheduler.kt:704)
17.07.2026 21:28:21 [VERBOSE] Cache: Start profiling function X
17.07.2026 21:28:21 [INFO] Cache: Connected to database
17.07.2026 21:28:21 [DEBUG] Auth: Request headers: {Authorization=...}
17.07.2026 21:28:21 [VERBOSE] Network: Entering method Y
17.07.2026 21:28:21 [WARNING] Cache: Deprecated API usage
 java.lang.IllegalArgumentException
	at com.cws.print.sandbox.PrintTests.<clinit>(PrintTests.kt:44)
	at com.cws.print.sandbox.MainKt$main$1$1$1$1.invokeSuspend(Main.kt:28)
	at kotlin.coroutines.jvm.internal.BaseContinuationImpl.resumeWith(ContinuationImpl.kt:34)
	at kotlinx.coroutines.DispatchedTask.run(DispatchedTask.kt:100)
	at kotlinx.coroutines.scheduling.CoroutineScheduler.runSafely(CoroutineScheduler.kt:586)
	at kotlinx.coroutines.scheduling.CoroutineScheduler$Worker.executeTask(CoroutineScheduler.kt:807)
	at kotlinx.coroutines.scheduling.CoroutineScheduler$Worker.runWorker(CoroutineScheduler.kt:717)
	at kotlinx.coroutines.scheduling.CoroutineScheduler$Worker.run(CoroutineScheduler.kt:704)
17.07.2026 21:28:21 [WARNING] Auth: Response slow
 java.lang.IllegalStateException
	at com.cws.print.sandbox.PrintTests.<clinit>(PrintTests.kt:44)
	at com.cws.print.sandbox.MainKt$main$1$1$1$1.invokeSuspend(Main.kt:28)
	at kotlin.coroutines.jvm.internal.BaseContinuationImpl.resumeWith(ContinuationImpl.kt:34)
	at kotlinx.coroutines.DispatchedTask.run(DispatchedTask.kt:100)
	at kotlinx.coroutines.scheduling.CoroutineScheduler.runSafely(CoroutineScheduler.kt:586)
	at kotlinx.coroutines.scheduling.CoroutineScheduler$Worker.executeTask(CoroutineScheduler.kt:807)
	at kotlinx.coroutines.scheduling.CoroutineScheduler$Worker.runWorker(CoroutineScheduler.kt:717)
	at kotlinx.coroutines.scheduling.CoroutineScheduler$Worker.run(CoroutineScheduler.kt:704)
17.07.2026 21:28:21 [WARNING] Network: Token about to expire
 java.lang.IllegalArgumentException
	at com.cws.print.sandbox.PrintTests.<clinit>(PrintTests.kt:44)
	at com.cws.print.sandbox.MainKt$main$1$1$1$1.invokeSuspend(Main.kt:28)
	at kotlin.coroutines.jvm.internal.BaseContinuationImpl.resumeWith(ContinuationImpl.kt:34)
	at kotlinx.coroutines.DispatchedTask.run(DispatchedTask.kt:100)
	at kotlinx.coroutines.scheduling.CoroutineScheduler.runSafely(CoroutineScheduler.kt:586)
	at kotlinx.coroutines.scheduling.CoroutineScheduler$Worker.executeTask(CoroutineScheduler.kt:807)
	at kotlinx.coroutines.scheduling.CoroutineScheduler$Worker.runWorker(CoroutineScheduler.kt:717)
	at kotlinx.coroutines.scheduling.CoroutineScheduler$Worker.run(CoroutineScheduler.kt:704)
17.07.2026 21:28:21 [VERBOSE] Database: Start profiling function X
17.07.2026 21:28:22 [INFO] Cache: Connected to database
17.07.2026 21:28:22 [DEBUG] Profiler: Checking credentials
17.07.2026 21:28:22 [WARNING] Service: Token about to expire
 java.lang.IllegalArgumentException
	at com.cws.print.sandbox.PrintTests.<clinit>(PrintTests.kt:44)
	at com.cws.print.sandbox.MainKt$main$1$1$1$1.invokeSuspend(Main.kt:28)
	at kotlin.coroutines.jvm.internal.BaseContinuationImpl.resumeWith(ContinuationImpl.kt:34)
	at kotlinx.coroutines.DispatchedTask.run(DispatchedTask.kt:100)
	at kotlinx.coroutines.scheduling.CoroutineScheduler.runSafely(CoroutineScheduler.kt:586)
	at kotlinx.coroutines.scheduling.CoroutineScheduler$Worker.executeTask(CoroutineScheduler.kt:807)
	at kotlinx.coroutines.scheduling.CoroutineScheduler$Worker.runWorker(CoroutineScheduler.kt:717)
	at kotlinx.coroutines.scheduling.CoroutineScheduler$Worker.run(CoroutineScheduler.kt:704)
17.07.2026 21:28:22 [DEBUG] Auth: Checking credentials
17.07.2026 21:28:22 [VERBOSE] App: Start profiling function X
17.07.2026 21:28:22 [INFO] Network: Connected to database
17.07.2026 21:28:22 [ERROR] Network: Null pointer exception
 java.lang.NullPointerException
	at com.cws.print.sandbox.PrintTests.<clinit>(PrintTests.kt:44)
	at com.cws.print.sandbox.MainKt$main$1$1$1$1.invokeSuspend(Main.kt:28)
	at kotlin.coroutines.jvm.internal.BaseContinuationImpl.resumeWith(ContinuationImpl.kt:34)
	at kotlinx.coroutines.DispatchedTask.run(DispatchedTask.kt:100)
	at kotlinx.coroutines.scheduling.CoroutineScheduler.runSafely(CoroutineScheduler.kt:586)
	at kotlinx.coroutines.scheduling.CoroutineScheduler$Worker.executeTask(CoroutineScheduler.kt:807)
	at kotlinx.coroutines.scheduling.CoroutineScheduler$Worker.runWorker(CoroutineScheduler.kt:717)
	at kotlinx.coroutines.scheduling.CoroutineScheduler$Worker.run(CoroutineScheduler.kt:704)
17.07.2026 21:28:22 [INFO] Service: Background task finished
17.07.2026 21:28:23 [DEBUG] Network: Checking credentials
17.07.2026 21:28:23 [DEBUG] Cache: Response received
17.07.2026 21:28:23 [WARNING] Cache: Cache miss
 java.lang.NullPointerException
	at com.cws.print.sandbox.PrintTests.<clinit>(PrintTests.kt:44)
	at com.cws.print.sandbox.MainKt$main$1$1$1$1.invokeSuspend(Main.kt:28)
	at kotlin.coroutines.jvm.internal.BaseContinuationImpl.resumeWith(ContinuationImpl.kt:34)
	at kotlinx.coroutines.DispatchedTask.run(DispatchedTask.kt:100)
	at kotlinx.coroutines.scheduling.CoroutineScheduler.runSafely(CoroutineScheduler.kt:586)
	at kotlinx.coroutines.scheduling.CoroutineScheduler$Worker.executeTask(CoroutineScheduler.kt:807)
	at kotlinx.coroutines.scheduling.CoroutineScheduler$Worker.runWorker(CoroutineScheduler.kt:717)
	at kotlinx.coroutines.scheduling.CoroutineScheduler$Worker.run(CoroutineScheduler.kt:704)
17.07.2026 21:28:23 [DEBUG] Auth: Response received
17.07.2026 21:28:23 [ERROR] Database: Network unreachable
 java.lang.IllegalArgumentException
	at com.cws.print.sandbox.PrintTests.<clinit>(PrintTests.kt:44)
	at com.cws.print.sandbox.MainKt$main$1$1$1$1.invokeSuspend(Main.kt:28)
	at kotlin.coroutines.jvm.internal.BaseContinuationImpl.resumeWith(ContinuationImpl.kt:34)
	at kotlinx.coroutines.DispatchedTask.run(DispatchedTask.kt:100)
	at kotlinx.coroutines.scheduling.CoroutineScheduler.runSafely(CoroutineScheduler.kt:586)
	at kotlinx.coroutines.scheduling.CoroutineScheduler$Worker.executeTask(CoroutineScheduler.kt:807)
	at kotlinx.coroutines.scheduling.CoroutineScheduler$Worker.runWorker(CoroutineScheduler.kt:717)
	at kotlinx.coroutines.scheduling.CoroutineScheduler$Worker.run(CoroutineScheduler.kt:704)
17.07.2026 21:28:23 [ERROR] App: Null pointer exception
 java.lang.IllegalStateException
	at com.cws.print.sandbox.PrintTests.<clinit>(PrintTests.kt:44)
	at com.cws.print.sandbox.MainKt$main$1$1$1$1.invokeSuspend(Main.kt:28)
	at kotlin.coroutines.jvm.internal.BaseContinuationImpl.resumeWith(ContinuationImpl.kt:34)
	at kotlinx.coroutines.DispatchedTask.run(DispatchedTask.kt:100)
	at kotlinx.coroutines.scheduling.CoroutineScheduler.runSafely(CoroutineScheduler.kt:586)
	at kotlinx.coroutines.scheduling.CoroutineScheduler$Worker.executeTask(CoroutineScheduler.kt:807)
	at kotlinx.coroutines.scheduling.CoroutineScheduler$Worker.runWorker(CoroutineScheduler.kt:717)
	at kotlinx.coroutines.scheduling.CoroutineScheduler$Worker.run(CoroutineScheduler.kt:704)
17.07.2026 21:28:23 [DEBUG] Profiler: Request headers: {Authorization=...}
17.07.2026 21:28:24 [ERROR] Profiler: Unhandled exception occurred
 java.lang.IllegalArgumentException
	at com.cws.print.sandbox.PrintTests.<clinit>(PrintTests.kt:44)
	at com.cws.print.sandbox.MainKt$main$1$1$1$1.invokeSuspend(Main.kt:28)
	at kotlin.coroutines.jvm.internal.BaseContinuationImpl.resumeWith(ContinuationImpl.kt:34)
	at kotlinx.coroutines.DispatchedTask.run(DispatchedTask.kt:100)
	at kotlinx.coroutines.scheduling.CoroutineScheduler.runSafely(CoroutineScheduler.kt:586)
	at kotlinx.coroutines.scheduling.CoroutineScheduler$Worker.executeTask(CoroutineScheduler.kt:807)
	at kotlinx.coroutines.scheduling.CoroutineScheduler$Worker.runWorker(CoroutineScheduler.kt:717)
	at kotlinx.coroutines.scheduling.CoroutineScheduler$Worker.run(CoroutineScheduler.kt:704)
17.07.2026 21:28:24 [INFO] Profiler: Background task finished
17.07.2026 21:28:24 [WARNING] Database: Token about to expire
 java.util.ConcurrentModificationException
	at com.cws.print.sandbox.PrintTests.<clinit>(PrintTests.kt:45)
	at com.cws.print.sandbox.MainKt$main$1$1$1$1.invokeSuspend(Main.kt:28)
	at kotlin.coroutines.jvm.internal.BaseContinuationImpl.resumeWith(ContinuationImpl.kt:34)
	at kotlinx.coroutines.DispatchedTask.run(DispatchedTask.kt:100)
	at kotlinx.coroutines.scheduling.CoroutineScheduler.runSafely(CoroutineScheduler.kt:586)
	at kotlinx.coroutines.scheduling.CoroutineScheduler$Worker.executeTask(CoroutineScheduler.kt:807)
	at kotlinx.coroutines.scheduling.CoroutineScheduler$Worker.runWorker(CoroutineScheduler.kt:717)
	at kotlinx.coroutines.scheduling.CoroutineScheduler$Worker.run(CoroutineScheduler.kt:704)
17.07.2026 21:28:24 [DEBUG] Service: Checking credentials
17.07.2026 21:28:24 [WARNING] Database: Low memory warning
 java.lang.IllegalStateException
	at com.cws.print.sandbox.PrintTests.<clinit>(PrintTests.kt:44)
	at com.cws.print.sandbox.MainKt$main$1$1$1$1.invokeSuspend(Main.kt:28)
	at kotlin.coroutines.jvm.internal.BaseContinuationImpl.resumeWith(ContinuationImpl.kt:34)
	at kotlinx.coroutines.DispatchedTask.run(DispatchedTask.kt:100)
	at kotlinx.coroutines.scheduling.CoroutineScheduler.runSafely(CoroutineScheduler.kt:586)
	at kotlinx.coroutines.scheduling.CoroutineScheduler$Worker.executeTask(CoroutineScheduler.kt:807)
	at kotlinx.coroutines.scheduling.CoroutineScheduler$Worker.runWorker(CoroutineScheduler.kt:717)
	at kotlinx.coroutines.scheduling.CoroutineScheduler$Worker.run(CoroutineScheduler.kt:704)
17.07.2026 21:28:24 [WARNING] Service: Deprecated API usage
 java.util.ConcurrentModificationException
	at com.cws.print.sandbox.PrintTests.<clinit>(PrintTests.kt:45)
	at com.cws.print.sandbox.MainKt$main$1$1$1$1.invokeSuspend(Main.kt:28)
	at kotlin.coroutines.jvm.internal.BaseContinuationImpl.resumeWith(ContinuationImpl.kt:34)
	at kotlinx.coroutines.DispatchedTask.run(DispatchedTask.kt:100)
	at kotlinx.coroutines.scheduling.CoroutineScheduler.runSafely(CoroutineScheduler.kt:586)
	at kotlinx.coroutines.scheduling.CoroutineScheduler$Worker.executeTask(CoroutineScheduler.kt:807)
	at kotlinx.coroutines.scheduling.CoroutineScheduler$Worker.runWorker(CoroutineScheduler.kt:717)
	at kotlinx.coroutines.scheduling.CoroutineScheduler$Worker.run(CoroutineScheduler.kt:704)
17.07.2026 21:28:24 [ERROR] App: Unhandled exception occurred
 java.lang.IllegalStateException
	at com.cws.print.sandbox.PrintTests.<clinit>(PrintTests.kt:44)
	at com.cws.print.sandbox.MainKt$main$1$1$1$1.invokeSuspend(Main.kt:28)
	at kotlin.coroutines.jvm.internal.BaseContinuationImpl.resumeWith(ContinuationImpl.kt:34)
	at kotlinx.coroutines.DispatchedTask.run(DispatchedTask.kt:100)
	at kotlinx.coroutines.scheduling.CoroutineScheduler.runSafely(CoroutineScheduler.kt:586)
	at kotlinx.coroutines.scheduling.CoroutineScheduler$Worker.executeTask(CoroutineScheduler.kt:807)
	at kotlinx.coroutines.scheduling.CoroutineScheduler$Worker.runWorker(CoroutineScheduler.kt:717)
	at kotlinx.coroutines.scheduling.CoroutineScheduler$Worker.run(CoroutineScheduler.kt:704)
17.07.2026 21:28:24 [WARNING] UI: Cache miss
 java.lang.NullPointerException
	at com.cws.print.sandbox.PrintTests.<clinit>(PrintTests.kt:44)
	at com.cws.print.sandbox.MainKt$main$1$1$1$1.invokeSuspend(Main.kt:28)
	at kotlin.coroutines.jvm.internal.BaseContinuationImpl.resumeWith(ContinuationImpl.kt:34)
	at kotlinx.coroutines.DispatchedTask.run(DispatchedTask.kt:100)
	at kotlinx.coroutines.scheduling.CoroutineScheduler.runSafely(CoroutineScheduler.kt:586)
	at kotlinx.coroutines.scheduling.CoroutineScheduler$Worker.executeTask(CoroutineScheduler.kt:807)
	at kotlinx.coroutines.scheduling.CoroutineScheduler$Worker.runWorker(CoroutineScheduler.kt:717)
	at kotlinx.coroutines.scheduling.CoroutineScheduler$Worker.run(CoroutineScheduler.kt:704)
17.07.2026 21:28:24 [WARNING] Cache: Response slow
 java.util.ConcurrentModificationException
	at com.cws.print.sandbox.PrintTests.<clinit>(PrintTests.kt:45)
	at com.cws.print.sandbox.MainKt$main$1$1$1$1.invokeSuspend(Main.kt:28)
	at kotlin.coroutines.jvm.internal.BaseContinuationImpl.resumeWith(ContinuationImpl.kt:34)
	at kotlinx.coroutines.DispatchedTask.run(DispatchedTask.kt:100)
	at kotlinx.coroutines.scheduling.CoroutineScheduler.runSafely(CoroutineScheduler.kt:586)
	at kotlinx.coroutines.scheduling.CoroutineScheduler$Worker.executeTask(CoroutineScheduler.kt:807)
	at kotlinx.coroutines.scheduling.CoroutineScheduler$Worker.runWorker(CoroutineScheduler.kt:717)
	at kotlinx.coroutines.scheduling.CoroutineScheduler$Worker.run(CoroutineScheduler.kt:704)
17.07.2026 21:28:24 [WARNING] Database: Response slow
 java.lang.IllegalArgumentException
	at com.cws.print.sandbox.PrintTests.<clinit>(PrintTests.kt:44)
	at com.cws.print.sandbox.MainKt$main$1$1$1$1.invokeSuspend(Main.kt:28)
	at kotlin.coroutines.jvm.internal.BaseContinuationImpl.resumeWith(ContinuationImpl.kt:34)
	at kotlinx.coroutines.DispatchedTask.run(DispatchedTask.kt:100)
	at kotlinx.coroutines.scheduling.CoroutineScheduler.runSafely(CoroutineScheduler.kt:586)
	at kotlinx.coroutines.scheduling.CoroutineScheduler$Worker.executeTask(CoroutineScheduler.kt:807)
	at kotlinx.coroutines.scheduling.CoroutineScheduler$Worker.runWorker(CoroutineScheduler.kt:717)
	at kotlinx.coroutines.scheduling.CoroutineScheduler$Worker.run(CoroutineScheduler.kt:704)
17.07.2026 21:28:25 [ERROR] Cache: Failed to fetch records
 java.lang.NullPointerException
	at com.cws.print.sandbox.PrintTests.<clinit>(PrintTests.kt:44)
	at com.cws.print.sandbox.MainKt$main$1$1$1$1.invokeSuspend(Main.kt:28)
	at kotlin.coroutines.jvm.internal.BaseContinuationImpl.resumeWith(ContinuationImpl.kt:34)
	at kotlinx.coroutines.DispatchedTask.run(DispatchedTask.kt:100)
	at kotlinx.coroutines.scheduling.CoroutineScheduler.runSafely(CoroutineScheduler.kt:586)
	at kotlinx.coroutines.scheduling.CoroutineScheduler$Worker.executeTask(CoroutineScheduler.kt:807)
	at kotlinx.coroutines.scheduling.CoroutineScheduler$Worker.runWorker(CoroutineScheduler.kt:717)
	at kotlinx.coroutines.scheduling.CoroutineScheduler$Worker.run(CoroutineScheduler.kt:704)
17.07.2026 21:28:25 [WARNING] Profiler: Cache miss
 java.lang.IllegalStateException
	at com.cws.print.sandbox.PrintTests.<clinit>(PrintTests.kt:44)
	at com.cws.print.sandbox.MainKt$main$1$1$1$1.invokeSuspend(Main.kt:28)
	at kotlin.coroutines.jvm.internal.BaseContinuationImpl.resumeWith(ContinuationImpl.kt:34)
	at kotlinx.coroutines.DispatchedTask.run(DispatchedTask.kt:100)
	at kotlinx.coroutines.scheduling.CoroutineScheduler.runSafely(CoroutineScheduler.kt:586)
	at kotlinx.coroutines.scheduling.CoroutineScheduler$Worker.executeTask(CoroutineScheduler.kt:807)
	at kotlinx.coroutines.scheduling.CoroutineScheduler$Worker.runWorker(CoroutineScheduler.kt:717)
	at kotlinx.coroutines.scheduling.CoroutineScheduler$Worker.run(CoroutineScheduler.kt:704)
17.07.2026 21:28:25 [DEBUG] UI: Updating state
17.07.2026 21:28:25 [INFO] Cache: Background task finished
17.07.2026 21:28:25 [WARNING] Database: Deprecated API usage
 java.util.ConcurrentModificationException
	at com.cws.print.sandbox.PrintTests.<clinit>(PrintTests.kt:45)
	at com.cws.print.sandbox.MainKt$main$1$1$1$1.invokeSuspend(Main.kt:28)
	at kotlin.coroutines.jvm.internal.BaseContinuationImpl.resumeWith(ContinuationImpl.kt:34)
	at kotlinx.coroutines.DispatchedTask.run(DispatchedTask.kt:100)
	at kotlinx.coroutines.scheduling.CoroutineScheduler.runSafely(CoroutineScheduler.kt:586)
	at kotlinx.coroutines.scheduling.CoroutineScheduler$Worker.executeTask(CoroutineScheduler.kt:807)
	at kotlinx.coroutines.scheduling.CoroutineScheduler$Worker.runWorker(CoroutineScheduler.kt:717)
	at kotlinx.coroutines.scheduling.CoroutineScheduler$Worker.run(CoroutineScheduler.kt:704)
17.07.2026 21:28:25 [ERROR] UI: Network unreachable
 java.lang.NullPointerException
	at com.cws.print.sandbox.PrintTests.<clinit>(PrintTests.kt:44)
	at com.cws.print.sandbox.MainKt$main$1$1$1$1.invokeSuspend(Main.kt:28)
	at kotlin.coroutines.jvm.internal.BaseContinuationImpl.resumeWith(ContinuationImpl.kt:34)
	at kotlinx.coroutines.DispatchedTask.run(DispatchedTask.kt:100)
	at kotlinx.coroutines.scheduling.CoroutineScheduler.runSafely(CoroutineScheduler.kt:586)
	at kotlinx.coroutines.scheduling.CoroutineScheduler$Worker.executeTask(CoroutineScheduler.kt:807)
	at kotlinx.coroutines.scheduling.CoroutineScheduler$Worker.runWorker(CoroutineScheduler.kt:717)
	at kotlinx.coroutines.scheduling.CoroutineScheduler$Worker.run(CoroutineScheduler.kt:704)
17.07.2026 21:28:25 [VERBOSE] Profiler: Loop iteration finished
17.07.2026 21:28:25 [VERBOSE] App: Loop iteration finished
17.07.2026 21:28:25 [ERROR] App: Unhandled exception occurred
 java.lang.NullPointerException
	at com.cws.print.sandbox.PrintTests.<clinit>(PrintTests.kt:44)
	at com.cws.print.sandbox.MainKt$main$1$1$1$1.invokeSuspend(Main.kt:28)
	at kotlin.coroutines.jvm.internal.BaseContinuationImpl.resumeWith(ContinuationImpl.kt:34)
	at kotlinx.coroutines.DispatchedTask.run(DispatchedTask.kt:100)
	at kotlinx.coroutines.scheduling.CoroutineScheduler.runSafely(CoroutineScheduler.kt:586)
	at kotlinx.coroutines.scheduling.CoroutineScheduler$Worker.executeTask(CoroutineScheduler.kt:807)
	at kotlinx.coroutines.scheduling.CoroutineScheduler$Worker.runWorker(CoroutineScheduler.kt:717)
	at kotlinx.coroutines.scheduling.CoroutineScheduler$Worker.run(CoroutineScheduler.kt:704)
17.07.2026 21:28:26 [ERROR] Service: Null pointer exception
 java.lang.IllegalArgumentException
	at com.cws.print.sandbox.PrintTests.<clinit>(PrintTests.kt:44)
	at com.cws.print.sandbox.MainKt$main$1$1$1$1.invokeSuspend(Main.kt:28)
	at kotlin.coroutines.jvm.internal.BaseContinuationImpl.resumeWith(ContinuationImpl.kt:34)
	at kotlinx.coroutines.DispatchedTask.run(DispatchedTask.kt:100)
	at kotlinx.coroutines.scheduling.CoroutineScheduler.runSafely(CoroutineScheduler.kt:586)
	at kotlinx.coroutines.scheduling.CoroutineScheduler$Worker.executeTask(CoroutineScheduler.kt:807)
	at kotlinx.coroutines.scheduling.CoroutineScheduler$Worker.runWorker(CoroutineScheduler.kt:717)
	at kotlinx.coroutines.scheduling.CoroutineScheduler$Worker.run(CoroutineScheduler.kt:704)
17.07.2026 21:28:26 [WARNING] Database: Deprecated API usage
 java.lang.IllegalStateException
	at com.cws.print.sandbox.PrintTests.<clinit>(PrintTests.kt:44)
	at com.cws.print.sandbox.MainKt$main$1$1$1$1.invokeSuspend(Main.kt:28)
	at kotlin.coroutines.jvm.internal.BaseContinuationImpl.resumeWith(ContinuationImpl.kt:34)
	at kotlinx.coroutines.DispatchedTask.run(DispatchedTask.kt:100)
	at kotlinx.coroutines.scheduling.CoroutineScheduler.runSafely(CoroutineScheduler.kt:586)
	at kotlinx.coroutines.scheduling.CoroutineScheduler$Worker.executeTask(CoroutineScheduler.kt:807)
	at kotlinx.coroutines.scheduling.CoroutineScheduler$Worker.runWorker(CoroutineScheduler.kt:717)
	at kotlinx.coroutines.scheduling.CoroutineScheduler$Worker.run(CoroutineScheduler.kt:704)
17.07.2026 21:28:26 [ERROR] Auth: Null pointer exception
 java.lang.IllegalStateException
	at com.cws.print.sandbox.PrintTests.<clinit>(PrintTests.kt:44)
	at com.cws.print.sandbox.MainKt$main$1$1$1$1.invokeSuspend(Main.kt:28)
	at kotlin.coroutines.jvm.internal.BaseContinuationImpl.resumeWith(ContinuationImpl.kt:34)
	at kotlinx.coroutines.DispatchedTask.run(DispatchedTask.kt:100)
	at kotlinx.coroutines.scheduling.CoroutineScheduler.runSafely(CoroutineScheduler.kt:586)
	at kotlinx.coroutines.scheduling.CoroutineScheduler$Worker.executeTask(CoroutineScheduler.kt:807)
	at kotlinx.coroutines.scheduling.CoroutineScheduler$Worker.runWorker(CoroutineScheduler.kt:717)
	at kotlinx.coroutines.scheduling.CoroutineScheduler$Worker.run(CoroutineScheduler.kt:704)
17.07.2026 21:28:26 [ERROR] Auth: Network unreachable
 java.util.ConcurrentModificationException
	at com.cws.print.sandbox.PrintTests.<clinit>(PrintTests.kt:45)
	at com.cws.print.sandbox.MainKt$main$1$1$1$1.invokeSuspend(Main.kt:28)
	at kotlin.coroutines.jvm.internal.BaseContinuationImpl.resumeWith(ContinuationImpl.kt:34)
	at kotlinx.coroutines.DispatchedTask.run(DispatchedTask.kt:100)
	at kotlinx.coroutines.scheduling.CoroutineScheduler.runSafely(CoroutineScheduler.kt:586)
	at kotlinx.coroutines.scheduling.CoroutineScheduler$Worker.executeTask(CoroutineScheduler.kt:807)
	at kotlinx.coroutines.scheduling.CoroutineScheduler$Worker.runWorker(CoroutineScheduler.kt:717)
	at kotlinx.coroutines.scheduling.CoroutineScheduler$Worker.run(CoroutineScheduler.kt:704)
17.07.2026 21:28:26 [INFO] UI: Application started
17.07.2026 21:28:26 [ERROR] App: Database connection failed
 java.util.ConcurrentModificationException
	at com.cws.print.sandbox.PrintTests.<clinit>(PrintTests.kt:45)
	at com.cws.print.sandbox.MainKt$main$1$1$1$1.invokeSuspend(Main.kt:28)
	at kotlin.coroutines.jvm.internal.BaseContinuationImpl.resumeWith(ContinuationImpl.kt:34)
	at kotlinx.coroutines.DispatchedTask.run(DispatchedTask.kt:100)
	at kotlinx.coroutines.scheduling.CoroutineScheduler.runSafely(CoroutineScheduler.kt:586)
	at kotlinx.coroutines.scheduling.CoroutineScheduler$Worker.executeTask(CoroutineScheduler.kt:807)
	at kotlinx.coroutines.scheduling.CoroutineScheduler$Worker.runWorker(CoroutineScheduler.kt:717)
	at kotlinx.coroutines.scheduling.CoroutineScheduler$Worker.run(CoroutineScheduler.kt:704)
17.07.2026 21:28:26 [WARNING] UI: Token about to expire
 java.lang.IllegalArgumentException
	at com.cws.print.sandbox.PrintTests.<clinit>(PrintTests.kt:44)
	at com.cws.print.sandbox.MainKt$main$1$1$1$1.invokeSuspend(Main.kt:28)
	at kotlin.coroutines.jvm.internal.BaseContinuationImpl.resumeWith(ContinuationImpl.kt:34)
	at kotlinx.coroutines.DispatchedTask.run(DispatchedTask.kt:100)
	at kotlinx.coroutines.scheduling.CoroutineScheduler.runSafely(CoroutineScheduler.kt:586)
	at kotlinx.coroutines.scheduling.CoroutineScheduler$Worker.executeTask(CoroutineScheduler.kt:807)
	at kotlinx.coroutines.scheduling.CoroutineScheduler$Worker.runWorker(CoroutineScheduler.kt:717)
	at kotlinx.coroutines.scheduling.CoroutineScheduler$Worker.run(CoroutineScheduler.kt:704)
17.07.2026 21:28:26 [DEBUG] App: Parsing JSON
17.07.2026 21:28:27 [DEBUG] Profiler: Request headers: {Authorization=...}
17.07.2026 21:28:27 [WARNING] App: Response slow
 java.lang.IllegalArgumentException
	at com.cws.print.sandbox.PrintTests.<clinit>(PrintTests.kt:44)
	at com.cws.print.sandbox.MainKt$main$1$1$1$1.invokeSuspend(Main.kt:28)
	at kotlin.coroutines.jvm.internal.BaseContinuationImpl.resumeWith(ContinuationImpl.kt:34)
	at kotlinx.coroutines.DispatchedTask.run(DispatchedTask.kt:100)
	at kotlinx.coroutines.scheduling.CoroutineScheduler.runSafely(CoroutineScheduler.kt:586)
	at kotlinx.coroutines.scheduling.CoroutineScheduler$Worker.executeTask(CoroutineScheduler.kt:807)
	at kotlinx.coroutines.scheduling.CoroutineScheduler$Worker.runWorker(CoroutineScheduler.kt:717)
	at kotlinx.coroutines.scheduling.CoroutineScheduler$Worker.run(CoroutineScheduler.kt:704)
17.07.2026 21:28:27 [WARNING] Cache: Cache miss
 java.lang.IllegalArgumentException
	at com.cws.print.sandbox.PrintTests.<clinit>(PrintTests.kt:44)
	at com.cws.print.sandbox.MainKt$main$1$1$1$1.invokeSuspend(Main.kt:28)
	at kotlin.coroutines.jvm.internal.BaseContinuationImpl.resumeWith(ContinuationImpl.kt:34)
	at kotlinx.coroutines.DispatchedTask.run(DispatchedTask.kt:100)
	at kotlinx.coroutines.scheduling.CoroutineScheduler.runSafely(CoroutineScheduler.kt:586)
	at kotlinx.coroutines.scheduling.CoroutineScheduler$Worker.executeTask(CoroutineScheduler.kt:807)
	at kotlinx.coroutines.scheduling.CoroutineScheduler$Worker.runWorker(CoroutineScheduler.kt:717)
	at kotlinx.coroutines.scheduling.CoroutineScheduler$Worker.run(CoroutineScheduler.kt:704)
17.07.2026 21:28:27 [DEBUG] Service: Checking credentials
17.07.2026 21:28:27 [ERROR] App: Unhandled exception occurred
 java.lang.NullPointerException
	at com.cws.print.sandbox.PrintTests.<clinit>(PrintTests.kt:44)
	at com.cws.print.sandbox.MainKt$main$1$1$1$1.invokeSuspend(Main.kt:28)
	at kotlin.coroutines.jvm.internal.BaseContinuationImpl.resumeWith(ContinuationImpl.kt:34)
	at kotlinx.coroutines.DispatchedTask.run(DispatchedTask.kt:100)
	at kotlinx.coroutines.scheduling.CoroutineScheduler.runSafely(CoroutineScheduler.kt:586)
	at kotlinx.coroutines.scheduling.CoroutineScheduler$Worker.executeTask(CoroutineScheduler.kt:807)
	at kotlinx.coroutines.scheduling.CoroutineScheduler$Worker.runWorker(CoroutineScheduler.kt:717)
	at kotlinx.coroutines.scheduling.CoroutineScheduler$Worker.run(CoroutineScheduler.kt:704)
17.07.2026 21:28:27 [VERBOSE] Profiler: Loop iteration finished
17.07.2026 21:28:27 [DEBUG] Database: Request headers: {Authorization=...}
17.07.2026 21:28:28 [VERBOSE] Network: Loop iteration finished
17.07.2026 21:28:28 [INFO] App: User profile loaded
17.07.2026 21:28:28 [ERROR] Database: Unhandled exception occurred
 java.lang.IndexOutOfBoundsException
	at com.cws.print.sandbox.PrintTests.<clinit>(PrintTests.kt:45)
	at com.cws.print.sandbox.MainKt$main$1$1$1$1.invokeSuspend(Main.kt:28)
	at kotlin.coroutines.jvm.internal.BaseContinuationImpl.resumeWith(ContinuationImpl.kt:34)
	at kotlinx.coroutines.DispatchedTask.run(DispatchedTask.kt:100)
	at kotlinx.coroutines.scheduling.CoroutineScheduler.runSafely(CoroutineScheduler.kt:586)
	at kotlinx.coroutines.scheduling.CoroutineScheduler$Worker.executeTask(CoroutineScheduler.kt:807)
	at kotlinx.coroutines.scheduling.CoroutineScheduler$Worker.runWorker(CoroutineScheduler.kt:717)
	at kotlinx.coroutines.scheduling.CoroutineScheduler$Worker.run(CoroutineScheduler.kt:704)
17.07.2026 21:28:28 [DEBUG] Database: Parsing JSON
17.07.2026 21:28:28 [DEBUG] Auth: Coroutine started
17.07.2026 21:28:28 [VERBOSE] Auth: End profiling function X
17.07.2026 21:28:28 [INFO] Auth: Service initialized
17.07.2026 21:28:28 [WARNING] App: Deprecated API usage
 java.lang.NullPointerException
	at com.cws.print.sandbox.PrintTests.<clinit>(PrintTests.kt:44)
	at com.cws.print.sandbox.MainKt$main$1$1$1$1.invokeSuspend(Main.kt:28)
	at kotlin.coroutines.jvm.internal.BaseContinuationImpl.resumeWith(ContinuationImpl.kt:34)
	at kotlinx.coroutines.DispatchedTask.run(DispatchedTask.kt:100)
	at kotlinx.coroutines.scheduling.CoroutineScheduler.runSafely(CoroutineScheduler.kt:586)
	at kotlinx.coroutines.scheduling.CoroutineScheduler$Worker.executeTask(CoroutineScheduler.kt:807)
	at kotlinx.coroutines.scheduling.CoroutineScheduler$Worker.runWorker(CoroutineScheduler.kt:717)
	at kotlinx.coroutines.scheduling.CoroutineScheduler$Worker.run(CoroutineScheduler.kt:704)
17.07.2026 21:28:29 [WARNING] Auth: Token about to expire
 java.lang.IllegalArgumentException
	at com.cws.print.sandbox.PrintTests.<clinit>(PrintTests.kt:44)
	at com.cws.print.sandbox.MainKt$main$1$1$1$1.invokeSuspend(Main.kt:28)
	at kotlin.coroutines.jvm.internal.BaseContinuationImpl.resumeWith(ContinuationImpl.kt:34)
	at kotlinx.coroutines.DispatchedTask.run(DispatchedTask.kt:100)
	at kotlinx.coroutines.scheduling.CoroutineScheduler.runSafely(CoroutineScheduler.kt:586)
	at kotlinx.coroutines.scheduling.CoroutineScheduler$Worker.executeTask(CoroutineScheduler.kt:807)
	at kotlinx.coroutines.scheduling.CoroutineScheduler$Worker.runWorker(CoroutineScheduler.kt:717)
	at kotlinx.coroutines.scheduling.CoroutineScheduler$Worker.run(CoroutineScheduler.kt:704)
17.07.2026 21:28:29 [INFO] Service: Connected to database
17.07.2026 21:28:29 [ERROR] Profiler: Null pointer exception
 java.lang.IndexOutOfBoundsException
	at com.cws.print.sandbox.PrintTests.<clinit>(PrintTests.kt:45)
	at com.cws.print.sandbox.MainKt$main$1$1$1$1.invokeSuspend(Main.kt:28)
	at kotlin.coroutines.jvm.internal.BaseContinuationImpl.resumeWith(ContinuationImpl.kt:34)
	at kotlinx.coroutines.DispatchedTask.run(DispatchedTask.kt:100)
	at kotlinx.coroutines.scheduling.CoroutineScheduler.runSafely(CoroutineScheduler.kt:586)
	at kotlinx.coroutines.scheduling.CoroutineScheduler$Worker.executeTask(CoroutineScheduler.kt:807)
	at kotlinx.coroutines.scheduling.CoroutineScheduler$Worker.runWorker(CoroutineScheduler.kt:717)
	at kotlinx.coroutines.scheduling.CoroutineScheduler$Worker.run(CoroutineScheduler.kt:704)
17.07.2026 21:28:29 [INFO] Auth: Service initialized
17.07.2026 21:28:29 [INFO] Database: Application started
17.07.2026 21:28:29 [ERROR] UI: Failed to fetch records
 java.lang.IllegalStateException
	at com.cws.print.sandbox.PrintTests.<clinit>(PrintTests.kt:44)
	at com.cws.print.sandbox.MainKt$main$1$1$1$1.invokeSuspend(Main.kt:28)
	at kotlin.coroutines.jvm.internal.BaseContinuationImpl.resumeWith(ContinuationImpl.kt:34)
	at kotlinx.coroutines.DispatchedTask.run(DispatchedTask.kt:100)
	at kotlinx.coroutines.scheduling.CoroutineScheduler.runSafely(CoroutineScheduler.kt:586)
	at kotlinx.coroutines.scheduling.CoroutineScheduler$Worker.executeTask(CoroutineScheduler.kt:807)
	at kotlinx.coroutines.scheduling.CoroutineScheduler$Worker.runWorker(CoroutineScheduler.kt:717)
	at kotlinx.coroutines.scheduling.CoroutineScheduler$Worker.run(CoroutineScheduler.kt:704)
17.07.2026 21:28:29 [VERBOSE] App: Loop iteration finished
17.07.2026 21:28:29 [ERROR] Service: Database connection failed
 java.lang.IllegalArgumentException
	at com.cws.print.sandbox.PrintTests.<clinit>(PrintTests.kt:44)
	at com.cws.print.sandbox.MainKt$main$1$1$1$1.invokeSuspend(Main.kt:28)
	at kotlin.coroutines.jvm.internal.BaseContinuationImpl.resumeWith(ContinuationImpl.kt:34)
	at kotlinx.coroutines.DispatchedTask.run(DispatchedTask.kt:100)
	at kotlinx.coroutines.scheduling.CoroutineScheduler.runSafely(CoroutineScheduler.kt:586)
	at kotlinx.coroutines.scheduling.CoroutineScheduler$Worker.executeTask(CoroutineScheduler.kt:807)
	at kotlinx.coroutines.scheduling.CoroutineScheduler$Worker.runWorker(CoroutineScheduler.kt:717)
	at kotlinx.coroutines.scheduling.CoroutineScheduler$Worker.run(CoroutineScheduler.kt:704)
17.07.2026 21:28:30 [ERROR] Service: Failed to fetch records
 java.lang.IndexOutOfBoundsException
	at com.cws.print.sandbox.PrintTests.<clinit>(PrintTests.kt:45)
	at com.cws.print.sandbox.MainKt$main$1$1$1$1.invokeSuspend(Main.kt:28)
	at kotlin.coroutines.jvm.internal.BaseContinuationImpl.resumeWith(ContinuationImpl.kt:34)
	at kotlinx.coroutines.DispatchedTask.run(DispatchedTask.kt:100)
	at kotlinx.coroutines.scheduling.CoroutineScheduler.runSafely(CoroutineScheduler.kt:586)
	at kotlinx.coroutines.scheduling.CoroutineScheduler$Worker.executeTask(CoroutineScheduler.kt:807)
	at kotlinx.coroutines.scheduling.CoroutineScheduler$Worker.runWorker(CoroutineScheduler.kt:717)
	at kotlinx.coroutines.scheduling.CoroutineScheduler$Worker.run(CoroutineScheduler.kt:704)
17.07.2026 21:28:30 [ERROR] App: Failed to fetch records
 java.util.ConcurrentModificationException
	at com.cws.print.sandbox.PrintTests.<clinit>(PrintTests.kt:45)
	at com.cws.print.sandbox.MainKt$main$1$1$1$1.invokeSuspend(Main.kt:28)
	at kotlin.coroutines.jvm.internal.BaseContinuationImpl.resumeWith(ContinuationImpl.kt:34)
	at kotlinx.coroutines.DispatchedTask.run(DispatchedTask.kt:100)
	at kotlinx.coroutines.scheduling.CoroutineScheduler.runSafely(CoroutineScheduler.kt:586)
	at kotlinx.coroutines.scheduling.CoroutineScheduler$Worker.executeTask(CoroutineScheduler.kt:807)
	at kotlinx.coroutines.scheduling.CoroutineScheduler$Worker.runWorker(CoroutineScheduler.kt:717)
	at kotlinx.coroutines.scheduling.CoroutineScheduler$Worker.run(CoroutineScheduler.kt:704)
17.07.2026 21:28:30 [VERBOSE] Network: Loop iteration finished
17.07.2026 21:28:30 [VERBOSE] Database: Loop iteration finished
17.07.2026 21:28:30 [DEBUG] Auth: Checking credentials
17.07.2026 21:28:30 [INFO] Service: Background task finished
17.07.2026 21:28:30 [INFO] App: User profile loaded
17.07.2026 21:28:31 [INFO] UI: Connected to database
17.07.2026 21:28:31 [WARNING] Database: Deprecated API usage
 java.lang.IllegalStateException
	at com.cws.print.sandbox.PrintTests.<clinit>(PrintTests.kt:44)
	at com.cws.print.sandbox.MainKt$main$1$1$1$1.invokeSuspend(Main.kt:28)
	at kotlin.coroutines.jvm.internal.BaseContinuationImpl.resumeWith(ContinuationImpl.kt:34)
	at kotlinx.coroutines.DispatchedTask.run(DispatchedTask.kt:100)
	at kotlinx.coroutines.scheduling.CoroutineScheduler.runSafely(CoroutineScheduler.kt:586)
	at kotlinx.coroutines.scheduling.CoroutineScheduler$Worker.executeTask(CoroutineScheduler.kt:807)
	at kotlinx.coroutines.scheduling.CoroutineScheduler$Worker.runWorker(CoroutineScheduler.kt:717)
	at kotlinx.coroutines.scheduling.CoroutineScheduler$Worker.run(CoroutineScheduler.kt:704)
17.07.2026 21:28:31 [ERROR] UI: Failed to fetch records
 java.lang.IllegalArgumentException
	at com.cws.print.sandbox.PrintTests.<clinit>(PrintTests.kt:44)
	at com.cws.print.sandbox.MainKt$main$1$1$1$1.invokeSuspend(Main.kt:28)
	at kotlin.coroutines.jvm.internal.BaseContinuationImpl.resumeWith(ContinuationImpl.kt:34)
	at kotlinx.coroutines.DispatchedTask.run(DispatchedTask.kt:100)
	at kotlinx.coroutines.scheduling.CoroutineScheduler.runSafely(CoroutineScheduler.kt:586)
	at kotlinx.coroutines.scheduling.CoroutineScheduler$Worker.executeTask(CoroutineScheduler.kt:807)
	at kotlinx.coroutines.scheduling.CoroutineScheduler$Worker.runWorker(CoroutineScheduler.kt:717)
	at kotlinx.coroutines.scheduling.CoroutineScheduler$Worker.run(CoroutineScheduler.kt:704)
17.07.2026 21:28:31 [DEBUG] Database: Parsing JSON
17.07.2026 21:28:31 [WARNING] Cache: Deprecated API usage
 java.lang.IllegalArgumentException
	at com.cws.print.sandbox.PrintTests.<clinit>(PrintTests.kt:44)
	at com.cws.print.sandbox.MainKt$main$1$1$1$1.invokeSuspend(Main.kt:28)
	at kotlin.coroutines.jvm.internal.BaseContinuationImpl.resumeWith(ContinuationImpl.kt:34)
	at kotlinx.coroutines.DispatchedTask.run(DispatchedTask.kt:100)
	at kotlinx.coroutines.scheduling.CoroutineScheduler.runSafely(CoroutineScheduler.kt:586)
	at kotlinx.coroutines.scheduling.CoroutineScheduler$Worker.executeTask(CoroutineScheduler.kt:807)
	at kotlinx.coroutines.scheduling.CoroutineScheduler$Worker.runWorker(CoroutineScheduler.kt:717)
	at kotlinx.coroutines.scheduling.CoroutineScheduler$Worker.run(CoroutineScheduler.kt:704)
17.07.2026 21:28:31 [VERBOSE] Cache: Start profiling function X
17.07.2026 21:28:31 [ERROR] App: Database connection failed
 java.lang.IllegalArgumentException
	at com.cws.print.sandbox.PrintTests.<clinit>(PrintTests.kt:44)
	at com.cws.print.sandbox.MainKt$main$1$1$1$1.invokeSuspend(Main.kt:28)
	at kotlin.coroutines.jvm.internal.BaseContinuationImpl.resumeWith(ContinuationImpl.kt:34)
	at kotlinx.coroutines.DispatchedTask.run(DispatchedTask.kt:100)
	at kotlinx.coroutines.scheduling.CoroutineScheduler.runSafely(CoroutineScheduler.kt:586)
	at kotlinx.coroutines.scheduling.CoroutineScheduler$Worker.executeTask(CoroutineScheduler.kt:807)
	at kotlinx.coroutines.scheduling.CoroutineScheduler$Worker.runWorker(CoroutineScheduler.kt:717)
	at kotlinx.coroutines.scheduling.CoroutineScheduler$Worker.run(CoroutineScheduler.kt:704)
17.07.2026 21:28:32 [VERBOSE] Cache: Start profiling function X
17.07.2026 21:28:32 [ERROR] Database: Database connection failed
 java.lang.IndexOutOfBoundsException
	at com.cws.print.sandbox.PrintTests.<clinit>(PrintTests.kt:45)
	at com.cws.print.sandbox.MainKt$main$1$1$1$1.invokeSuspend(Main.kt:28)
	at kotlin.coroutines.jvm.internal.BaseContinuationImpl.resumeWith(ContinuationImpl.kt:34)
	at kotlinx.coroutines.DispatchedTask.run(DispatchedTask.kt:100)
	at kotlinx.coroutines.scheduling.CoroutineScheduler.runSafely(CoroutineScheduler.kt:586)
	at kotlinx.coroutines.scheduling.CoroutineScheduler$Worker.executeTask(CoroutineScheduler.kt:807)
	at kotlinx.coroutines.scheduling.CoroutineScheduler$Worker.runWorker(CoroutineScheduler.kt:717)
	at kotlinx.coroutines.scheduling.CoroutineScheduler$Worker.run(CoroutineScheduler.kt:704)
17.07.2026 21:28:32 [ERROR] Cache: Network unreachable
 java.lang.IndexOutOfBoundsException
	at com.cws.print.sandbox.PrintTests.<clinit>(PrintTests.kt:45)
	at com.cws.print.sandbox.MainKt$main$1$1$1$1.invokeSuspend(Main.kt:28)
	at kotlin.coroutines.jvm.internal.BaseContinuationImpl.resumeWith(ContinuationImpl.kt:34)
	at kotlinx.coroutines.DispatchedTask.run(DispatchedTask.kt:100)
	at kotlinx.coroutines.scheduling.CoroutineScheduler.runSafely(CoroutineScheduler.kt:586)
	at kotlinx.coroutines.scheduling.CoroutineScheduler$Worker.executeTask(CoroutineScheduler.kt:807)
	at kotlinx.coroutines.scheduling.CoroutineScheduler$Worker.runWorker(CoroutineScheduler.kt:717)
	at kotlinx.coroutines.scheduling.CoroutineScheduler$Worker.run(CoroutineScheduler.kt:704)
17.07.2026 21:28:32 [ERROR] UI: Null pointer exception
 java.lang.IndexOutOfBoundsException
	at com.cws.print.sandbox.PrintTests.<clinit>(PrintTests.kt:45)
	at com.cws.print.sandbox.MainKt$main$1$1$1$1.invokeSuspend(Main.kt:28)
	at kotlin.coroutines.jvm.internal.BaseContinuationImpl.resumeWith(ContinuationImpl.kt:34)
	at kotlinx.coroutines.DispatchedTask.run(DispatchedTask.kt:100)
	at kotlinx.coroutines.scheduling.CoroutineScheduler.runSafely(CoroutineScheduler.kt:586)
	at kotlinx.coroutines.scheduling.CoroutineScheduler$Worker.executeTask(CoroutineScheduler.kt:807)
	at kotlinx.coroutines.scheduling.CoroutineScheduler$Worker.runWorker(CoroutineScheduler.kt:717)
	at kotlinx.coroutines.scheduling.CoroutineScheduler$Worker.run(CoroutineScheduler.kt:704)
17.07.2026 21:28:32 [WARNING] Auth: Low memory warning
 java.lang.IllegalStateException
	at com.cws.print.sandbox.PrintTests.<clinit>(PrintTests.kt:44)
	at com.cws.print.sandbox.MainKt$main$1$1$1$1.invokeSuspend(Main.kt:28)
	at kotlin.coroutines.jvm.internal.BaseContinuationImpl.resumeWith(ContinuationImpl.kt:34)
	at kotlinx.coroutines.DispatchedTask.run(DispatchedTask.kt:100)
	at kotlinx.coroutines.scheduling.CoroutineScheduler.runSafely(CoroutineScheduler.kt:586)
	at kotlinx.coroutines.scheduling.CoroutineScheduler$Worker.executeTask(CoroutineScheduler.kt:807)
	at kotlinx.coroutines.scheduling.CoroutineScheduler$Worker.runWorker(CoroutineScheduler.kt:717)
	at kotlinx.coroutines.scheduling.CoroutineScheduler$Worker.run(CoroutineScheduler.kt:704)
17.07.2026 21:28:32 [ERROR] Database: Network unreachable
 java.lang.IllegalArgumentException
	at com.cws.print.sandbox.PrintTests.<clinit>(PrintTests.kt:44)
	at com.cws.print.sandbox.MainKt$main$1$1$1$1.invokeSuspend(Main.kt:28)
	at kotlin.coroutines.jvm.internal.BaseContinuationImpl.resumeWith(ContinuationImpl.kt:34)
	at kotlinx.coroutines.DispatchedTask.run(DispatchedTask.kt:100)
	at kotlinx.coroutines.scheduling.CoroutineScheduler.runSafely(CoroutineScheduler.kt:586)
	at kotlinx.coroutines.scheduling.CoroutineScheduler$Worker.executeTask(CoroutineScheduler.kt:807)
	at kotlinx.coroutines.scheduling.CoroutineScheduler$Worker.runWorker(CoroutineScheduler.kt:717)
	at kotlinx.coroutines.scheduling.CoroutineScheduler$Worker.run(CoroutineScheduler.kt:704)
