16.07.2026 18:06:25 [INFO] Cache: Background task finished
16.07.2026 18:06:25 [DEBUG] Database: Updating state
16.07.2026 18:06:25 [INFO] App: Application started
16.07.2026 18:06:25 [INFO] Auth: Service initialized
16.07.2026 18:06:25 [WARNING] Service: Low memory warning
java.lang.IllegalArgumentException
	at com.cws.print.sandbox.PrintTests.<clinit>(PrintTests.kt:44)
	at com.cws.print.sandbox.MainKt$main$1$1$1$1.invokeSuspend(Main.kt:28)
	at kotlin.coroutines.jvm.internal.BaseContinuationImpl.resumeWith(ContinuationImpl.kt:34)
	at kotlinx.coroutines.DispatchedTask.run(DispatchedTask.kt:100)
	at kotlinx.coroutines.scheduling.CoroutineScheduler.runSafely(CoroutineScheduler.kt:586)
	at kotlinx.coroutines.scheduling.CoroutineScheduler$Worker.executeTask(CoroutineScheduler.kt:807)
	at kotlinx.coroutines.scheduling.CoroutineScheduler$Worker.runWorker(CoroutineScheduler.kt:717)
	at kotlinx.coroutines.scheduling.CoroutineScheduler$Worker.run(CoroutineScheduler.kt:704)

16.07.2026 18:06:25 [WARNING] App: Response slow
java.lang.IndexOutOfBoundsException
	at com.cws.print.sandbox.PrintTests.<clinit>(PrintTests.kt:45)
	at com.cws.print.sandbox.MainKt$main$1$1$1$1.invokeSuspend(Main.kt:28)
	at kotlin.coroutines.jvm.internal.BaseContinuationImpl.resumeWith(ContinuationImpl.kt:34)
	at kotlinx.coroutines.DispatchedTask.run(DispatchedTask.kt:100)
	at kotlinx.coroutines.scheduling.CoroutineScheduler.runSafely(CoroutineScheduler.kt:586)
	at kotlinx.coroutines.scheduling.CoroutineScheduler$Worker.executeTask(CoroutineScheduler.kt:807)
	at kotlinx.coroutines.scheduling.CoroutineScheduler$Worker.runWorker(CoroutineScheduler.kt:717)
	at kotlinx.coroutines.scheduling.CoroutineScheduler$Worker.run(CoroutineScheduler.kt:704)

16.07.2026 18:06:25 [ERROR] Cache: Unhandled exception occurred
java.lang.IndexOutOfBoundsException
	at com.cws.print.sandbox.PrintTests.<clinit>(PrintTests.kt:45)
	at com.cws.print.sandbox.MainKt$main$1$1$1$1.invokeSuspend(Main.kt:28)
	at kotlin.coroutines.jvm.internal.BaseContinuationImpl.resumeWith(ContinuationImpl.kt:34)
	at kotlinx.coroutines.DispatchedTask.run(DispatchedTask.kt:100)
	at kotlinx.coroutines.scheduling.CoroutineScheduler.runSafely(CoroutineScheduler.kt:586)
	at kotlinx.coroutines.scheduling.CoroutineScheduler$Worker.executeTask(CoroutineScheduler.kt:807)
	at kotlinx.coroutines.scheduling.CoroutineScheduler$Worker.runWorker(CoroutineScheduler.kt:717)
	at kotlinx.coroutines.scheduling.CoroutineScheduler$Worker.run(CoroutineScheduler.kt:704)

16.07.2026 18:06:26 [INFO] Database: Service initialized
16.07.2026 18:06:26 [WARNING] Database: Response slow
java.lang.IndexOutOfBoundsException
	at com.cws.print.sandbox.PrintTests.<clinit>(PrintTests.kt:45)
	at com.cws.print.sandbox.MainKt$main$1$1$1$1.invokeSuspend(Main.kt:28)
	at kotlin.coroutines.jvm.internal.BaseContinuationImpl.resumeWith(ContinuationImpl.kt:34)
	at kotlinx.coroutines.DispatchedTask.run(DispatchedTask.kt:100)
	at kotlinx.coroutines.scheduling.CoroutineScheduler.runSafely(CoroutineScheduler.kt:586)
	at kotlinx.coroutines.scheduling.CoroutineScheduler$Worker.executeTask(CoroutineScheduler.kt:807)
	at kotlinx.coroutines.scheduling.CoroutineScheduler$Worker.runWorker(CoroutineScheduler.kt:717)
	at kotlinx.coroutines.scheduling.CoroutineScheduler$Worker.run(CoroutineScheduler.kt:704)

16.07.2026 18:06:26 [DEBUG] Auth: Response received
16.07.2026 18:06:26 [ERROR] Network: Unhandled exception occurred
java.lang.IllegalStateException
	at com.cws.print.sandbox.PrintTests.<clinit>(PrintTests.kt:44)
	at com.cws.print.sandbox.MainKt$main$1$1$1$1.invokeSuspend(Main.kt:28)
	at kotlin.coroutines.jvm.internal.BaseContinuationImpl.resumeWith(ContinuationImpl.kt:34)
	at kotlinx.coroutines.DispatchedTask.run(DispatchedTask.kt:100)
	at kotlinx.coroutines.scheduling.CoroutineScheduler.runSafely(CoroutineScheduler.kt:586)
	at kotlinx.coroutines.scheduling.CoroutineScheduler$Worker.executeTask(CoroutineScheduler.kt:807)
	at kotlinx.coroutines.scheduling.CoroutineScheduler$Worker.runWorker(CoroutineScheduler.kt:717)
	at kotlinx.coroutines.scheduling.CoroutineScheduler$Worker.run(CoroutineScheduler.kt:704)

16.07.2026 18:06:26 [ERROR] Auth: Null pointer exception
java.lang.NullPointerException
	at com.cws.print.sandbox.PrintTests.<clinit>(PrintTests.kt:44)
	at com.cws.print.sandbox.MainKt$main$1$1$1$1.invokeSuspend(Main.kt:28)
	at kotlin.coroutines.jvm.internal.BaseContinuationImpl.resumeWith(ContinuationImpl.kt:34)
	at kotlinx.coroutines.DispatchedTask.run(DispatchedTask.kt:100)
	at kotlinx.coroutines.scheduling.CoroutineScheduler.runSafely(CoroutineScheduler.kt:586)
	at kotlinx.coroutines.scheduling.CoroutineScheduler$Worker.executeTask(CoroutineScheduler.kt:807)
	at kotlinx.coroutines.scheduling.CoroutineScheduler$Worker.runWorker(CoroutineScheduler.kt:717)
	at kotlinx.coroutines.scheduling.CoroutineScheduler$Worker.run(CoroutineScheduler.kt:704)

16.07.2026 18:06:26 [VERBOSE] Auth: End profiling function X
16.07.2026 18:06:26 [ERROR] Database: Null pointer exception
java.lang.IllegalStateException
	at com.cws.print.sandbox.PrintTests.<clinit>(PrintTests.kt:44)
	at com.cws.print.sandbox.MainKt$main$1$1$1$1.invokeSuspend(Main.kt:28)
	at kotlin.coroutines.jvm.internal.BaseContinuationImpl.resumeWith(ContinuationImpl.kt:34)
	at kotlinx.coroutines.DispatchedTask.run(DispatchedTask.kt:100)
	at kotlinx.coroutines.scheduling.CoroutineScheduler.runSafely(CoroutineScheduler.kt:586)
	at kotlinx.coroutines.scheduling.CoroutineScheduler$Worker.executeTask(CoroutineScheduler.kt:807)
	at kotlinx.coroutines.scheduling.CoroutineScheduler$Worker.runWorker(CoroutineScheduler.kt:717)
	at kotlinx.coroutines.scheduling.CoroutineScheduler$Worker.run(CoroutineScheduler.kt:704)

16.07.2026 18:06:26 [INFO] Cache: User profile loaded
16.07.2026 18:06:27 [INFO] Profiler: Service initialized
16.07.2026 18:06:27 [WARNING] Auth: Deprecated API usage
java.lang.IllegalStateException
	at com.cws.print.sandbox.PrintTests.<clinit>(PrintTests.kt:44)
	at com.cws.print.sandbox.MainKt$main$1$1$1$1.invokeSuspend(Main.kt:28)
	at kotlin.coroutines.jvm.internal.BaseContinuationImpl.resumeWith(ContinuationImpl.kt:34)
	at kotlinx.coroutines.DispatchedTask.run(DispatchedTask.kt:100)
	at kotlinx.coroutines.scheduling.CoroutineScheduler.runSafely(CoroutineScheduler.kt:586)
	at kotlinx.coroutines.scheduling.CoroutineScheduler$Worker.executeTask(CoroutineScheduler.kt:807)
	at kotlinx.coroutines.scheduling.CoroutineScheduler$Worker.runWorker(CoroutineScheduler.kt:717)
	at kotlinx.coroutines.scheduling.CoroutineScheduler$Worker.run(CoroutineScheduler.kt:704)

16.07.2026 18:06:27 [INFO] Auth: User profile loaded
16.07.2026 18:06:27 [ERROR] UI: Failed to fetch records
java.util.ConcurrentModificationException
	at com.cws.print.sandbox.PrintTests.<clinit>(PrintTests.kt:45)
	at com.cws.print.sandbox.MainKt$main$1$1$1$1.invokeSuspend(Main.kt:28)
	at kotlin.coroutines.jvm.internal.BaseContinuationImpl.resumeWith(ContinuationImpl.kt:34)
	at kotlinx.coroutines.DispatchedTask.run(DispatchedTask.kt:100)
	at kotlinx.coroutines.scheduling.CoroutineScheduler.runSafely(CoroutineScheduler.kt:586)
	at kotlinx.coroutines.scheduling.CoroutineScheduler$Worker.executeTask(CoroutineScheduler.kt:807)
	at kotlinx.coroutines.scheduling.CoroutineScheduler$Worker.runWorker(CoroutineScheduler.kt:717)
	at kotlinx.coroutines.scheduling.CoroutineScheduler$Worker.run(CoroutineScheduler.kt:704)

16.07.2026 18:06:27 [WARNING] Cache: Low memory warning
java.lang.NullPointerException
	at com.cws.print.sandbox.PrintTests.<clinit>(PrintTests.kt:44)
	at com.cws.print.sandbox.MainKt$main$1$1$1$1.invokeSuspend(Main.kt:28)
	at kotlin.coroutines.jvm.internal.BaseContinuationImpl.resumeWith(ContinuationImpl.kt:34)
	at kotlinx.coroutines.DispatchedTask.run(DispatchedTask.kt:100)
	at kotlinx.coroutines.scheduling.CoroutineScheduler.runSafely(CoroutineScheduler.kt:586)
	at kotlinx.coroutines.scheduling.CoroutineScheduler$Worker.executeTask(CoroutineScheduler.kt:807)
	at kotlinx.coroutines.scheduling.CoroutineScheduler$Worker.runWorker(CoroutineScheduler.kt:717)
	at kotlinx.coroutines.scheduling.CoroutineScheduler$Worker.run(CoroutineScheduler.kt:704)

16.07.2026 18:06:27 [INFO] App: Background task finished
16.07.2026 18:06:27 [WARNING] Cache: Low memory warning
java.lang.IllegalArgumentException
	at com.cws.print.sandbox.PrintTests.<clinit>(PrintTests.kt:44)
	at com.cws.print.sandbox.MainKt$main$1$1$1$1.invokeSuspend(Main.kt:28)
	at kotlin.coroutines.jvm.internal.BaseContinuationImpl.resumeWith(ContinuationImpl.kt:34)
	at kotlinx.coroutines.DispatchedTask.run(DispatchedTask.kt:100)
	at kotlinx.coroutines.scheduling.CoroutineScheduler.runSafely(CoroutineScheduler.kt:586)
	at kotlinx.coroutines.scheduling.CoroutineScheduler$Worker.executeTask(CoroutineScheduler.kt:807)
	at kotlinx.coroutines.scheduling.CoroutineScheduler$Worker.runWorker(CoroutineScheduler.kt:717)
	at kotlinx.coroutines.scheduling.CoroutineScheduler$Worker.run(CoroutineScheduler.kt:704)

16.07.2026 18:06:27 [INFO] Profiler: Application started
16.07.2026 18:06:28 [INFO] UI: Connected to database
16.07.2026 18:06:28 [VERBOSE] Network: End profiling function X
16.07.2026 18:06:28 [VERBOSE] Profiler: Entering method Y
16.07.2026 18:06:28 [VERBOSE] Network: Start profiling function X
16.07.2026 18:06:28 [ERROR] Cache: Unhandled exception occurred
java.lang.IllegalArgumentException
	at com.cws.print.sandbox.PrintTests.<clinit>(PrintTests.kt:44)
	at com.cws.print.sandbox.MainKt$main$1$1$1$1.invokeSuspend(Main.kt:28)
	at kotlin.coroutines.jvm.internal.BaseContinuationImpl.resumeWith(ContinuationImpl.kt:34)
	at kotlinx.coroutines.DispatchedTask.run(DispatchedTask.kt:100)
	at kotlinx.coroutines.scheduling.CoroutineScheduler.runSafely(CoroutineScheduler.kt:586)
	at kotlinx.coroutines.scheduling.CoroutineScheduler$Worker.executeTask(CoroutineScheduler.kt:807)
	at kotlinx.coroutines.scheduling.CoroutineScheduler$Worker.runWorker(CoroutineScheduler.kt:717)
	at kotlinx.coroutines.scheduling.CoroutineScheduler$Worker.run(CoroutineScheduler.kt:704)

16.07.2026 18:06:28 [ERROR] UI: Unhandled exception occurred
java.util.ConcurrentModificationException
	at com.cws.print.sandbox.PrintTests.<clinit>(PrintTests.kt:45)
	at com.cws.print.sandbox.MainKt$main$1$1$1$1.invokeSuspend(Main.kt:28)
	at kotlin.coroutines.jvm.internal.BaseContinuationImpl.resumeWith(ContinuationImpl.kt:34)
	at kotlinx.coroutines.DispatchedTask.run(DispatchedTask.kt:100)
	at kotlinx.coroutines.scheduling.CoroutineScheduler.runSafely(CoroutineScheduler.kt:586)
	at kotlinx.coroutines.scheduling.CoroutineScheduler$Worker.executeTask(CoroutineScheduler.kt:807)
	at kotlinx.coroutines.scheduling.CoroutineScheduler$Worker.runWorker(CoroutineScheduler.kt:717)
	at kotlinx.coroutines.scheduling.CoroutineScheduler$Worker.run(CoroutineScheduler.kt:704)

16.07.2026 18:06:28 [WARNING] Database: Deprecated API usage
java.lang.IndexOutOfBoundsException
	at com.cws.print.sandbox.PrintTests.<clinit>(PrintTests.kt:45)
	at com.cws.print.sandbox.MainKt$main$1$1$1$1.invokeSuspend(Main.kt:28)
	at kotlin.coroutines.jvm.internal.BaseContinuationImpl.resumeWith(ContinuationImpl.kt:34)
	at kotlinx.coroutines.DispatchedTask.run(DispatchedTask.kt:100)
	at kotlinx.coroutines.scheduling.CoroutineScheduler.runSafely(CoroutineScheduler.kt:586)
	at kotlinx.coroutines.scheduling.CoroutineScheduler$Worker.executeTask(CoroutineScheduler.kt:807)
	at kotlinx.coroutines.scheduling.CoroutineScheduler$Worker.runWorker(CoroutineScheduler.kt:717)
	at kotlinx.coroutines.scheduling.CoroutineScheduler$Worker.run(CoroutineScheduler.kt:704)

16.07.2026 18:06:28 [INFO] Profiler: Application started
16.07.2026 18:06:29 [INFO] App: Connected to database
16.07.2026 18:06:29 [WARNING] UI: Response slow
java.lang.IllegalStateException
	at com.cws.print.sandbox.PrintTests.<clinit>(PrintTests.kt:44)
	at com.cws.print.sandbox.MainKt$main$1$1$1$1.invokeSuspend(Main.kt:28)
	at kotlin.coroutines.jvm.internal.BaseContinuationImpl.resumeWith(ContinuationImpl.kt:34)
	at kotlinx.coroutines.DispatchedTask.run(DispatchedTask.kt:100)
	at kotlinx.coroutines.scheduling.CoroutineScheduler.runSafely(CoroutineScheduler.kt:586)
	at kotlinx.coroutines.scheduling.CoroutineScheduler$Worker.executeTask(CoroutineScheduler.kt:807)
	at kotlinx.coroutines.scheduling.CoroutineScheduler$Worker.runWorker(CoroutineScheduler.kt:717)
	at kotlinx.coroutines.scheduling.CoroutineScheduler$Worker.run(CoroutineScheduler.kt:704)

16.07.2026 18:06:29 [ERROR] Network: Network unreachable
java.util.ConcurrentModificationException
	at com.cws.print.sandbox.PrintTests.<clinit>(PrintTests.kt:45)
	at com.cws.print.sandbox.MainKt$main$1$1$1$1.invokeSuspend(Main.kt:28)
	at kotlin.coroutines.jvm.internal.BaseContinuationImpl.resumeWith(ContinuationImpl.kt:34)
	at kotlinx.coroutines.DispatchedTask.run(DispatchedTask.kt:100)
	at kotlinx.coroutines.scheduling.CoroutineScheduler.runSafely(CoroutineScheduler.kt:586)
	at kotlinx.coroutines.scheduling.CoroutineScheduler$Worker.executeTask(CoroutineScheduler.kt:807)
	at kotlinx.coroutines.scheduling.CoroutineScheduler$Worker.runWorker(CoroutineScheduler.kt:717)
	at kotlinx.coroutines.scheduling.CoroutineScheduler$Worker.run(CoroutineScheduler.kt:704)

16.07.2026 18:06:29 [WARNING] Cache: Token about to expire
java.lang.IllegalStateException
	at com.cws.print.sandbox.PrintTests.<clinit>(PrintTests.kt:44)
	at com.cws.print.sandbox.MainKt$main$1$1$1$1.invokeSuspend(Main.kt:28)
	at kotlin.coroutines.jvm.internal.BaseContinuationImpl.resumeWith(ContinuationImpl.kt:34)
	at kotlinx.coroutines.DispatchedTask.run(DispatchedTask.kt:100)
	at kotlinx.coroutines.scheduling.CoroutineScheduler.runSafely(CoroutineScheduler.kt:586)
	at kotlinx.coroutines.scheduling.CoroutineScheduler$Worker.executeTask(CoroutineScheduler.kt:807)
	at kotlinx.coroutines.scheduling.CoroutineScheduler$Worker.runWorker(CoroutineScheduler.kt:717)
	at kotlinx.coroutines.scheduling.CoroutineScheduler$Worker.run(CoroutineScheduler.kt:704)

16.07.2026 18:06:29 [WARNING] Auth: Deprecated API usage
java.lang.IllegalArgumentException
	at com.cws.print.sandbox.PrintTests.<clinit>(PrintTests.kt:44)
	at com.cws.print.sandbox.MainKt$main$1$1$1$1.invokeSuspend(Main.kt:28)
	at kotlin.coroutines.jvm.internal.BaseContinuationImpl.resumeWith(ContinuationImpl.kt:34)
	at kotlinx.coroutines.DispatchedTask.run(DispatchedTask.kt:100)
	at kotlinx.coroutines.scheduling.CoroutineScheduler.runSafely(CoroutineScheduler.kt:586)
	at kotlinx.coroutines.scheduling.CoroutineScheduler$Worker.executeTask(CoroutineScheduler.kt:807)
	at kotlinx.coroutines.scheduling.CoroutineScheduler$Worker.runWorker(CoroutineScheduler.kt:717)
	at kotlinx.coroutines.scheduling.CoroutineScheduler$Worker.run(CoroutineScheduler.kt:704)

16.07.2026 18:06:29 [VERBOSE] Profiler: Loop iteration finished
16.07.2026 18:06:29 [WARNING] Cache: Cache miss
java.lang.IndexOutOfBoundsException
	at com.cws.print.sandbox.PrintTests.<clinit>(PrintTests.kt:45)
	at com.cws.print.sandbox.MainKt$main$1$1$1$1.invokeSuspend(Main.kt:28)
	at kotlin.coroutines.jvm.internal.BaseContinuationImpl.resumeWith(ContinuationImpl.kt:34)
	at kotlinx.coroutines.DispatchedTask.run(DispatchedTask.kt:100)
	at kotlinx.coroutines.scheduling.CoroutineScheduler.runSafely(CoroutineScheduler.kt:586)
	at kotlinx.coroutines.scheduling.CoroutineScheduler$Worker.executeTask(CoroutineScheduler.kt:807)
	at kotlinx.coroutines.scheduling.CoroutineScheduler$Worker.runWorker(CoroutineScheduler.kt:717)
	at kotlinx.coroutines.scheduling.CoroutineScheduler$Worker.run(CoroutineScheduler.kt:704)

16.07.2026 18:06:29 [ERROR] UI: Unhandled exception occurred
java.lang.IllegalArgumentException
	at com.cws.print.sandbox.PrintTests.<clinit>(PrintTests.kt:44)
	at com.cws.print.sandbox.MainKt$main$1$1$1$1.invokeSuspend(Main.kt:28)
	at kotlin.coroutines.jvm.internal.BaseContinuationImpl.resumeWith(ContinuationImpl.kt:34)
	at kotlinx.coroutines.DispatchedTask.run(DispatchedTask.kt:100)
	at kotlinx.coroutines.scheduling.CoroutineScheduler.runSafely(CoroutineScheduler.kt:586)
	at kotlinx.coroutines.scheduling.CoroutineScheduler$Worker.executeTask(CoroutineScheduler.kt:807)
	at kotlinx.coroutines.scheduling.CoroutineScheduler$Worker.runWorker(CoroutineScheduler.kt:717)
	at kotlinx.coroutines.scheduling.CoroutineScheduler$Worker.run(CoroutineScheduler.kt:704)

16.07.2026 18:06:30 [VERBOSE] Cache: Entering method Y
16.07.2026 18:06:30 [VERBOSE] Auth: Loop iteration finished
16.07.2026 18:06:30 [DEBUG] App: Request headers: {Authorization=...}
16.07.2026 18:06:30 [VERBOSE] Auth: Exiting method Y
16.07.2026 18:06:30 [INFO] Database: User profile loaded
16.07.2026 18:06:30 [ERROR] Profiler: Failed to fetch records
java.util.ConcurrentModificationException
	at com.cws.print.sandbox.PrintTests.<clinit>(PrintTests.kt:45)
	at com.cws.print.sandbox.MainKt$main$1$1$1$1.invokeSuspend(Main.kt:28)
	at kotlin.coroutines.jvm.internal.BaseContinuationImpl.resumeWith(ContinuationImpl.kt:34)
	at kotlinx.coroutines.DispatchedTask.run(DispatchedTask.kt:100)
	at kotlinx.coroutines.scheduling.CoroutineScheduler.runSafely(CoroutineScheduler.kt:586)
	at kotlinx.coroutines.scheduling.CoroutineScheduler$Worker.executeTask(CoroutineScheduler.kt:807)
	at kotlinx.coroutines.scheduling.CoroutineScheduler$Worker.runWorker(CoroutineScheduler.kt:717)
	at kotlinx.coroutines.scheduling.CoroutineScheduler$Worker.run(CoroutineScheduler.kt:704)

16.07.2026 18:06:30 [WARNING] Profiler: Low memory warning
java.util.ConcurrentModificationException
	at com.cws.print.sandbox.PrintTests.<clinit>(PrintTests.kt:45)
	at com.cws.print.sandbox.MainKt$main$1$1$1$1.invokeSuspend(Main.kt:28)
	at kotlin.coroutines.jvm.internal.BaseContinuationImpl.resumeWith(ContinuationImpl.kt:34)
	at kotlinx.coroutines.DispatchedTask.run(DispatchedTask.kt:100)
	at kotlinx.coroutines.scheduling.CoroutineScheduler.runSafely(CoroutineScheduler.kt:586)
	at kotlinx.coroutines.scheduling.CoroutineScheduler$Worker.executeTask(CoroutineScheduler.kt:807)
	at kotlinx.coroutines.scheduling.CoroutineScheduler$Worker.runWorker(CoroutineScheduler.kt:717)
	at kotlinx.coroutines.scheduling.CoroutineScheduler$Worker.run(CoroutineScheduler.kt:704)

16.07.2026 18:06:30 [VERBOSE] Database: Entering method Y
16.07.2026 18:06:30 [INFO] Network: Service initialized
16.07.2026 18:06:30 [ERROR] Database: Failed to fetch records
java.util.ConcurrentModificationException
	at com.cws.print.sandbox.PrintTests.<clinit>(PrintTests.kt:45)
	at com.cws.print.sandbox.MainKt$main$1$1$1$1.invokeSuspend(Main.kt:28)
	at kotlin.coroutines.jvm.internal.BaseContinuationImpl.resumeWith(ContinuationImpl.kt:34)
	at kotlinx.coroutines.DispatchedTask.run(DispatchedTask.kt:100)
	at kotlinx.coroutines.scheduling.CoroutineScheduler.runSafely(CoroutineScheduler.kt:586)
	at kotlinx.coroutines.scheduling.CoroutineScheduler$Worker.executeTask(CoroutineScheduler.kt:807)
	at kotlinx.coroutines.scheduling.CoroutineScheduler$Worker.runWorker(CoroutineScheduler.kt:717)
	at kotlinx.coroutines.scheduling.CoroutineScheduler$Worker.run(CoroutineScheduler.kt:704)

16.07.2026 18:06:31 [WARNING] Service: Deprecated API usage
java.util.ConcurrentModificationException
	at com.cws.print.sandbox.PrintTests.<clinit>(PrintTests.kt:45)
	at com.cws.print.sandbox.MainKt$main$1$1$1$1.invokeSuspend(Main.kt:28)
	at kotlin.coroutines.jvm.internal.BaseContinuationImpl.resumeWith(ContinuationImpl.kt:34)
	at kotlinx.coroutines.DispatchedTask.run(DispatchedTask.kt:100)
	at kotlinx.coroutines.scheduling.CoroutineScheduler.runSafely(CoroutineScheduler.kt:586)
	at kotlinx.coroutines.scheduling.CoroutineScheduler$Worker.executeTask(CoroutineScheduler.kt:807)
	at kotlinx.coroutines.scheduling.CoroutineScheduler$Worker.runWorker(CoroutineScheduler.kt:717)
	at kotlinx.coroutines.scheduling.CoroutineScheduler$Worker.run(CoroutineScheduler.kt:704)

16.07.2026 18:06:31 [WARNING] Network: Response slow
java.util.ConcurrentModificationException
	at com.cws.print.sandbox.PrintTests.<clinit>(PrintTests.kt:45)
	at com.cws.print.sandbox.MainKt$main$1$1$1$1.invokeSuspend(Main.kt:28)
	at kotlin.coroutines.jvm.internal.BaseContinuationImpl.resumeWith(ContinuationImpl.kt:34)
	at kotlinx.coroutines.DispatchedTask.run(DispatchedTask.kt:100)
	at kotlinx.coroutines.scheduling.CoroutineScheduler.runSafely(CoroutineScheduler.kt:586)
	at kotlinx.coroutines.scheduling.CoroutineScheduler$Worker.executeTask(CoroutineScheduler.kt:807)
	at kotlinx.coroutines.scheduling.CoroutineScheduler$Worker.runWorker(CoroutineScheduler.kt:717)
	at kotlinx.coroutines.scheduling.CoroutineScheduler$Worker.run(CoroutineScheduler.kt:704)

16.07.2026 18:06:31 [DEBUG] Network: Coroutine started
16.07.2026 18:06:31 [INFO] Service: Background task finished
16.07.2026 18:06:31 [WARNING] Cache: Deprecated API usage
java.lang.NullPointerException
	at com.cws.print.sandbox.PrintTests.<clinit>(PrintTests.kt:44)
	at com.cws.print.sandbox.MainKt$main$1$1$1$1.invokeSuspend(Main.kt:28)
	at kotlin.coroutines.jvm.internal.BaseContinuationImpl.resumeWith(ContinuationImpl.kt:34)
	at kotlinx.coroutines.DispatchedTask.run(DispatchedTask.kt:100)
	at kotlinx.coroutines.scheduling.CoroutineScheduler.runSafely(CoroutineScheduler.kt:586)
	at kotlinx.coroutines.scheduling.CoroutineScheduler$Worker.executeTask(CoroutineScheduler.kt:807)
	at kotlinx.coroutines.scheduling.CoroutineScheduler$Worker.runWorker(CoroutineScheduler.kt:717)
	at kotlinx.coroutines.scheduling.CoroutineScheduler$Worker.run(CoroutineScheduler.kt:704)

16.07.2026 18:06:31 [WARNING] App: Deprecated API usage
java.util.ConcurrentModificationException
	at com.cws.print.sandbox.PrintTests.<clinit>(PrintTests.kt:45)
	at com.cws.print.sandbox.MainKt$main$1$1$1$1.invokeSuspend(Main.kt:28)
	at kotlin.coroutines.jvm.internal.BaseContinuationImpl.resumeWith(ContinuationImpl.kt:34)
	at kotlinx.coroutines.DispatchedTask.run(DispatchedTask.kt:100)
	at kotlinx.coroutines.scheduling.CoroutineScheduler.runSafely(CoroutineScheduler.kt:586)
	at kotlinx.coroutines.scheduling.CoroutineScheduler$Worker.executeTask(CoroutineScheduler.kt:807)
	at kotlinx.coroutines.scheduling.CoroutineScheduler$Worker.runWorker(CoroutineScheduler.kt:717)
	at kotlinx.coroutines.scheduling.CoroutineScheduler$Worker.run(CoroutineScheduler.kt:704)

16.07.2026 18:06:31 [DEBUG] Service: Updating state
16.07.2026 18:06:31 [DEBUG] UI: Checking credentials
16.07.2026 18:06:31 [DEBUG] Database: Coroutine started
16.07.2026 18:06:31 [INFO] Network: Background task finished
16.07.2026 18:06:32 [ERROR] Cache: Network unreachable
java.lang.IllegalStateException
	at com.cws.print.sandbox.PrintTests.<clinit>(PrintTests.kt:44)
	at com.cws.print.sandbox.MainKt$main$1$1$1$1.invokeSuspend(Main.kt:28)
	at kotlin.coroutines.jvm.internal.BaseContinuationImpl.resumeWith(ContinuationImpl.kt:34)
	at kotlinx.coroutines.DispatchedTask.run(DispatchedTask.kt:100)
	at kotlinx.coroutines.scheduling.CoroutineScheduler.runSafely(CoroutineScheduler.kt:586)
	at kotlinx.coroutines.scheduling.CoroutineScheduler$Worker.executeTask(CoroutineScheduler.kt:807)
	at kotlinx.coroutines.scheduling.CoroutineScheduler$Worker.runWorker(CoroutineScheduler.kt:717)
	at kotlinx.coroutines.scheduling.CoroutineScheduler$Worker.run(CoroutineScheduler.kt:704)

16.07.2026 18:06:32 [DEBUG] Cache: Cache hit for key
16.07.2026 18:06:32 [INFO] Profiler: Application started
16.07.2026 18:06:32 [INFO] Profiler: Service initialized
16.07.2026 18:06:32 [VERBOSE] Network: End profiling function X
16.07.2026 18:06:32 [INFO] Database: User profile loaded
16.07.2026 18:06:32 [VERBOSE] Auth: End profiling function X
16.07.2026 18:06:33 [ERROR] Service: Database connection failed
java.lang.IndexOutOfBoundsException
	at com.cws.print.sandbox.PrintTests.<clinit>(PrintTests.kt:45)
	at com.cws.print.sandbox.MainKt$main$1$1$1$1.invokeSuspend(Main.kt:28)
	at kotlin.coroutines.jvm.internal.BaseContinuationImpl.resumeWith(ContinuationImpl.kt:34)
	at kotlinx.coroutines.DispatchedTask.run(DispatchedTask.kt:100)
	at kotlinx.coroutines.scheduling.CoroutineScheduler.runSafely(CoroutineScheduler.kt:586)
	at kotlinx.coroutines.scheduling.CoroutineScheduler$Worker.executeTask(CoroutineScheduler.kt:807)
	at kotlinx.coroutines.scheduling.CoroutineScheduler$Worker.runWorker(CoroutineScheduler.kt:717)
	at kotlinx.coroutines.scheduling.CoroutineScheduler$Worker.run(CoroutineScheduler.kt:704)

16.07.2026 18:06:33 [DEBUG] UI: Parsing JSON
16.07.2026 18:06:33 [DEBUG] UI: Checking credentials
16.07.2026 18:06:33 [DEBUG] Network: Updating state
16.07.2026 18:06:33 [DEBUG] Auth: Request headers: {Authorization=...}
16.07.2026 18:06:33 [ERROR] Database: Unhandled exception occurred
java.lang.IllegalStateException
	at com.cws.print.sandbox.PrintTests.<clinit>(PrintTests.kt:44)
	at com.cws.print.sandbox.MainKt$main$1$1$1$1.invokeSuspend(Main.kt:28)
	at kotlin.coroutines.jvm.internal.BaseContinuationImpl.resumeWith(ContinuationImpl.kt:34)
	at kotlinx.coroutines.DispatchedTask.run(DispatchedTask.kt:100)
	at kotlinx.coroutines.scheduling.CoroutineScheduler.runSafely(CoroutineScheduler.kt:586)
	at kotlinx.coroutines.scheduling.CoroutineScheduler$Worker.executeTask(CoroutineScheduler.kt:807)
	at kotlinx.coroutines.scheduling.CoroutineScheduler$Worker.runWorker(CoroutineScheduler.kt:717)
	at kotlinx.coroutines.scheduling.CoroutineScheduler$Worker.run(CoroutineScheduler.kt:704)

16.07.2026 18:06:33 [ERROR] Auth: Database connection failed
java.util.ConcurrentModificationException
	at com.cws.print.sandbox.PrintTests.<clinit>(PrintTests.kt:45)
	at com.cws.print.sandbox.MainKt$main$1$1$1$1.invokeSuspend(Main.kt:28)
	at kotlin.coroutines.jvm.internal.BaseContinuationImpl.resumeWith(ContinuationImpl.kt:34)
	at kotlinx.coroutines.DispatchedTask.run(DispatchedTask.kt:100)
	at kotlinx.coroutines.scheduling.CoroutineScheduler.runSafely(CoroutineScheduler.kt:586)
	at kotlinx.coroutines.scheduling.CoroutineScheduler$Worker.executeTask(CoroutineScheduler.kt:807)
	at kotlinx.coroutines.scheduling.CoroutineScheduler$Worker.runWorker(CoroutineScheduler.kt:717)
	at kotlinx.coroutines.scheduling.CoroutineScheduler$Worker.run(CoroutineScheduler.kt:704)

16.07.2026 18:06:33 [WARNING] Cache: Response slow
java.lang.IllegalArgumentException
	at com.cws.print.sandbox.PrintTests.<clinit>(PrintTests.kt:44)
	at com.cws.print.sandbox.MainKt$main$1$1$1$1.invokeSuspend(Main.kt:28)
	at kotlin.coroutines.jvm.internal.BaseContinuationImpl.resumeWith(ContinuationImpl.kt:34)
	at kotlinx.coroutines.DispatchedTask.run(DispatchedTask.kt:100)
	at kotlinx.coroutines.scheduling.CoroutineScheduler.runSafely(CoroutineScheduler.kt:586)
	at kotlinx.coroutines.scheduling.CoroutineScheduler$Worker.executeTask(CoroutineScheduler.kt:807)
	at kotlinx.coroutines.scheduling.CoroutineScheduler$Worker.runWorker(CoroutineScheduler.kt:717)
	at kotlinx.coroutines.scheduling.CoroutineScheduler$Worker.run(CoroutineScheduler.kt:704)

16.07.2026 18:06:33 [INFO] Cache: Connected to database
16.07.2026 18:06:34 [INFO] Database: User profile loaded
16.07.2026 18:06:34 [ERROR] Cache: Failed to fetch records
java.util.ConcurrentModificationException
	at com.cws.print.sandbox.PrintTests.<clinit>(PrintTests.kt:45)
	at com.cws.print.sandbox.MainKt$main$1$1$1$1.invokeSuspend(Main.kt:28)
	at kotlin.coroutines.jvm.internal.BaseContinuationImpl.resumeWith(ContinuationImpl.kt:34)
	at kotlinx.coroutines.DispatchedTask.run(DispatchedTask.kt:100)
	at kotlinx.coroutines.scheduling.CoroutineScheduler.runSafely(CoroutineScheduler.kt:586)
	at kotlinx.coroutines.scheduling.CoroutineScheduler$Worker.executeTask(CoroutineScheduler.kt:807)
	at kotlinx.coroutines.scheduling.CoroutineScheduler$Worker.runWorker(CoroutineScheduler.kt:717)
	at kotlinx.coroutines.scheduling.CoroutineScheduler$Worker.run(CoroutineScheduler.kt:704)

16.07.2026 18:06:34 [VERBOSE] Cache: End profiling function X
16.07.2026 18:06:34 [WARNING] Service: Low memory warning
java.lang.IllegalArgumentException
	at com.cws.print.sandbox.PrintTests.<clinit>(PrintTests.kt:44)
	at com.cws.print.sandbox.MainKt$main$1$1$1$1.invokeSuspend(Main.kt:28)
	at kotlin.coroutines.jvm.internal.BaseContinuationImpl.resumeWith(ContinuationImpl.kt:34)
	at kotlinx.coroutines.DispatchedTask.run(DispatchedTask.kt:100)
	at kotlinx.coroutines.scheduling.CoroutineScheduler.runSafely(CoroutineScheduler.kt:586)
	at kotlinx.coroutines.scheduling.CoroutineScheduler$Worker.executeTask(CoroutineScheduler.kt:807)
	at kotlinx.coroutines.scheduling.CoroutineScheduler$Worker.runWorker(CoroutineScheduler.kt:717)
	at kotlinx.coroutines.scheduling.CoroutineScheduler$Worker.run(CoroutineScheduler.kt:704)

16.07.2026 18:06:34 [ERROR] UI: Unhandled exception occurred
java.lang.NullPointerException
	at com.cws.print.sandbox.PrintTests.<clinit>(PrintTests.kt:44)
	at com.cws.print.sandbox.MainKt$main$1$1$1$1.invokeSuspend(Main.kt:28)
	at kotlin.coroutines.jvm.internal.BaseContinuationImpl.resumeWith(ContinuationImpl.kt:34)
	at kotlinx.coroutines.DispatchedTask.run(DispatchedTask.kt:100)
	at kotlinx.coroutines.scheduling.CoroutineScheduler.runSafely(CoroutineScheduler.kt:586)
	at kotlinx.coroutines.scheduling.CoroutineScheduler$Worker.executeTask(CoroutineScheduler.kt:807)
	at kotlinx.coroutines.scheduling.CoroutineScheduler$Worker.runWorker(CoroutineScheduler.kt:717)
	at kotlinx.coroutines.scheduling.CoroutineScheduler$Worker.run(CoroutineScheduler.kt:704)

16.07.2026 18:06:34 [WARNING] Cache: Cache miss
java.lang.IndexOutOfBoundsException
	at com.cws.print.sandbox.PrintTests.<clinit>(PrintTests.kt:45)
	at com.cws.print.sandbox.MainKt$main$1$1$1$1.invokeSuspend(Main.kt:28)
	at kotlin.coroutines.jvm.internal.BaseContinuationImpl.resumeWith(ContinuationImpl.kt:34)
	at kotlinx.coroutines.DispatchedTask.run(DispatchedTask.kt:100)
	at kotlinx.coroutines.scheduling.CoroutineScheduler.runSafely(CoroutineScheduler.kt:586)
	at kotlinx.coroutines.scheduling.CoroutineScheduler$Worker.executeTask(CoroutineScheduler.kt:807)
	at kotlinx.coroutines.scheduling.CoroutineScheduler$Worker.runWorker(CoroutineScheduler.kt:717)
	at kotlinx.coroutines.scheduling.CoroutineScheduler$Worker.run(CoroutineScheduler.kt:704)

16.07.2026 18:06:34 [WARNING] Profiler: Cache miss
java.lang.NullPointerException
	at com.cws.print.sandbox.PrintTests.<clinit>(PrintTests.kt:44)
	at com.cws.print.sandbox.MainKt$main$1$1$1$1.invokeSuspend(Main.kt:28)
	at kotlin.coroutines.jvm.internal.BaseContinuationImpl.resumeWith(ContinuationImpl.kt:34)
	at kotlinx.coroutines.DispatchedTask.run(DispatchedTask.kt:100)
	at kotlinx.coroutines.scheduling.CoroutineScheduler.runSafely(CoroutineScheduler.kt:586)
	at kotlinx.coroutines.scheduling.CoroutineScheduler$Worker.executeTask(CoroutineScheduler.kt:807)
	at kotlinx.coroutines.scheduling.CoroutineScheduler$Worker.runWorker(CoroutineScheduler.kt:717)
	at kotlinx.coroutines.scheduling.CoroutineScheduler$Worker.run(CoroutineScheduler.kt:704)

16.07.2026 18:06:34 [VERBOSE] Auth: Loop iteration finished
16.07.2026 18:06:34 [INFO] Service: Application started
16.07.2026 18:06:34 [INFO] Network: Background task finished
16.07.2026 18:06:35 [DEBUG] Profiler: Cache hit for key
16.07.2026 18:06:35 [INFO] Network: Background task finished
16.07.2026 18:06:35 [WARNING] UI: Token about to expire
java.lang.NullPointerException
	at com.cws.print.sandbox.PrintTests.<clinit>(PrintTests.kt:44)
	at com.cws.print.sandbox.MainKt$main$1$1$1$1.invokeSuspend(Main.kt:28)
	at kotlin.coroutines.jvm.internal.BaseContinuationImpl.resumeWith(ContinuationImpl.kt:34)
	at kotlinx.coroutines.DispatchedTask.run(DispatchedTask.kt:100)
	at kotlinx.coroutines.scheduling.CoroutineScheduler.runSafely(CoroutineScheduler.kt:586)
	at kotlinx.coroutines.scheduling.CoroutineScheduler$Worker.executeTask(CoroutineScheduler.kt:807)
	at kotlinx.coroutines.scheduling.CoroutineScheduler$Worker.runWorker(CoroutineScheduler.kt:717)
	at kotlinx.coroutines.scheduling.CoroutineScheduler$Worker.run(CoroutineScheduler.kt:704)

16.07.2026 18:06:35 [ERROR] Service: Unhandled exception occurred
java.lang.NullPointerException
	at com.cws.print.sandbox.PrintTests.<clinit>(PrintTests.kt:44)
	at com.cws.print.sandbox.MainKt$main$1$1$1$1.invokeSuspend(Main.kt:28)
	at kotlin.coroutines.jvm.internal.BaseContinuationImpl.resumeWith(ContinuationImpl.kt:34)
	at kotlinx.coroutines.DispatchedTask.run(DispatchedTask.kt:100)
	at kotlinx.coroutines.scheduling.CoroutineScheduler.runSafely(CoroutineScheduler.kt:586)
	at kotlinx.coroutines.scheduling.CoroutineScheduler$Worker.executeTask(CoroutineScheduler.kt:807)
	at kotlinx.coroutines.scheduling.CoroutineScheduler$Worker.runWorker(CoroutineScheduler.kt:717)
	at kotlinx.coroutines.scheduling.CoroutineScheduler$Worker.run(CoroutineScheduler.kt:704)

16.07.2026 18:06:35 [WARNING] Profiler: Deprecated API usage
java.util.ConcurrentModificationException
	at com.cws.print.sandbox.PrintTests.<clinit>(PrintTests.kt:45)
	at com.cws.print.sandbox.MainKt$main$1$1$1$1.invokeSuspend(Main.kt:28)
	at kotlin.coroutines.jvm.internal.BaseContinuationImpl.resumeWith(ContinuationImpl.kt:34)
	at kotlinx.coroutines.DispatchedTask.run(DispatchedTask.kt:100)
	at kotlinx.coroutines.scheduling.CoroutineScheduler.runSafely(CoroutineScheduler.kt:586)
	at kotlinx.coroutines.scheduling.CoroutineScheduler$Worker.executeTask(CoroutineScheduler.kt:807)
	at kotlinx.coroutines.scheduling.CoroutineScheduler$Worker.runWorker(CoroutineScheduler.kt:717)
	at kotlinx.coroutines.scheduling.CoroutineScheduler$Worker.run(CoroutineScheduler.kt:704)

16.07.2026 18:06:35 [INFO] UI: Connected to database
16.07.2026 18:06:36 [VERBOSE] Service: Start profiling function X
16.07.2026 18:06:36 [ERROR] Service: Database connection failed
java.lang.IndexOutOfBoundsException
	at com.cws.print.sandbox.PrintTests.<clinit>(PrintTests.kt:45)
	at com.cws.print.sandbox.MainKt$main$1$1$1$1.invokeSuspend(Main.kt:28)
	at kotlin.coroutines.jvm.internal.BaseContinuationImpl.resumeWith(ContinuationImpl.kt:34)
	at kotlinx.coroutines.DispatchedTask.run(DispatchedTask.kt:100)
	at kotlinx.coroutines.scheduling.CoroutineScheduler.runSafely(CoroutineScheduler.kt:586)
	at kotlinx.coroutines.scheduling.CoroutineScheduler$Worker.executeTask(CoroutineScheduler.kt:807)
	at kotlinx.coroutines.scheduling.CoroutineScheduler$Worker.runWorker(CoroutineScheduler.kt:717)
	at kotlinx.coroutines.scheduling.CoroutineScheduler$Worker.run(CoroutineScheduler.kt:704)

16.07.2026 18:06:36 [ERROR] Auth: Unhandled exception occurred
java.lang.IllegalStateException
	at com.cws.print.sandbox.PrintTests.<clinit>(PrintTests.kt:44)
	at com.cws.print.sandbox.MainKt$main$1$1$1$1.invokeSuspend(Main.kt:28)
	at kotlin.coroutines.jvm.internal.BaseContinuationImpl.resumeWith(ContinuationImpl.kt:34)
	at kotlinx.coroutines.DispatchedTask.run(DispatchedTask.kt:100)
	at kotlinx.coroutines.scheduling.CoroutineScheduler.runSafely(CoroutineScheduler.kt:586)
	at kotlinx.coroutines.scheduling.CoroutineScheduler$Worker.executeTask(CoroutineScheduler.kt:807)
	at kotlinx.coroutines.scheduling.CoroutineScheduler$Worker.runWorker(CoroutineScheduler.kt:717)
	at kotlinx.coroutines.scheduling.CoroutineScheduler$Worker.run(CoroutineScheduler.kt:704)

16.07.2026 18:06:36 [DEBUG] Profiler: Parsing JSON
16.07.2026 18:06:36 [DEBUG] App: Checking credentials
16.07.2026 18:06:36 [ERROR] App: Null pointer exception
java.lang.IllegalArgumentException
	at com.cws.print.sandbox.PrintTests.<clinit>(PrintTests.kt:44)
	at com.cws.print.sandbox.MainKt$main$1$1$1$1.invokeSuspend(Main.kt:28)
	at kotlin.coroutines.jvm.internal.BaseContinuationImpl.resumeWith(ContinuationImpl.kt:34)
	at kotlinx.coroutines.DispatchedTask.run(DispatchedTask.kt:100)
	at kotlinx.coroutines.scheduling.CoroutineScheduler.runSafely(CoroutineScheduler.kt:586)
	at kotlinx.coroutines.scheduling.CoroutineScheduler$Worker.executeTask(CoroutineScheduler.kt:807)
	at kotlinx.coroutines.scheduling.CoroutineScheduler$Worker.runWorker(CoroutineScheduler.kt:717)
	at kotlinx.coroutines.scheduling.CoroutineScheduler$Worker.run(CoroutineScheduler.kt:704)

16.07.2026 18:06:36 [WARNING] UI: Cache miss
java.lang.IndexOutOfBoundsException
	at com.cws.print.sandbox.PrintTests.<clinit>(PrintTests.kt:45)
	at com.cws.print.sandbox.MainKt$main$1$1$1$1.invokeSuspend(Main.kt:28)
	at kotlin.coroutines.jvm.internal.BaseContinuationImpl.resumeWith(ContinuationImpl.kt:34)
	at kotlinx.coroutines.DispatchedTask.run(DispatchedTask.kt:100)
	at kotlinx.coroutines.scheduling.CoroutineScheduler.runSafely(CoroutineScheduler.kt:586)
	at kotlinx.coroutines.scheduling.CoroutineScheduler$Worker.executeTask(CoroutineScheduler.kt:807)
	at kotlinx.coroutines.scheduling.CoroutineScheduler$Worker.runWorker(CoroutineScheduler.kt:717)
	at kotlinx.coroutines.scheduling.CoroutineScheduler$Worker.run(CoroutineScheduler.kt:704)

16.07.2026 18:06:36 [DEBUG] Service: Coroutine started
16.07.2026 18:06:36 [VERBOSE] Database: End profiling function X
16.07.2026 18:06:37 [ERROR] Network: Unhandled exception occurred
java.lang.IndexOutOfBoundsException
	at com.cws.print.sandbox.PrintTests.<clinit>(PrintTests.kt:45)
	at com.cws.print.sandbox.MainKt$main$1$1$1$1.invokeSuspend(Main.kt:28)
	at kotlin.coroutines.jvm.internal.BaseContinuationImpl.resumeWith(ContinuationImpl.kt:34)
	at kotlinx.coroutines.DispatchedTask.run(DispatchedTask.kt:100)
	at kotlinx.coroutines.scheduling.CoroutineScheduler.runSafely(CoroutineScheduler.kt:586)
	at kotlinx.coroutines.scheduling.CoroutineScheduler$Worker.executeTask(CoroutineScheduler.kt:807)
	at kotlinx.coroutines.scheduling.CoroutineScheduler$Worker.runWorker(CoroutineScheduler.kt:717)
	at kotlinx.coroutines.scheduling.CoroutineScheduler$Worker.run(CoroutineScheduler.kt:704)

16.07.2026 18:06:37 [ERROR] Service: Database connection failed
java.lang.IndexOutOfBoundsException
	at com.cws.print.sandbox.PrintTests.<clinit>(PrintTests.kt:45)
	at com.cws.print.sandbox.MainKt$main$1$1$1$1.invokeSuspend(Main.kt:28)
	at kotlin.coroutines.jvm.internal.BaseContinuationImpl.resumeWith(ContinuationImpl.kt:34)
	at kotlinx.coroutines.DispatchedTask.run(DispatchedTask.kt:100)
	at kotlinx.coroutines.scheduling.CoroutineScheduler.runSafely(CoroutineScheduler.kt:586)
	at kotlinx.coroutines.scheduling.CoroutineScheduler$Worker.executeTask(CoroutineScheduler.kt:807)
	at kotlinx.coroutines.scheduling.CoroutineScheduler$Worker.runWorker(CoroutineScheduler.kt:717)
	at kotlinx.coroutines.scheduling.CoroutineScheduler$Worker.run(CoroutineScheduler.kt:704)

16.07.2026 18:06:37 [INFO] Profiler: User profile loaded
16.07.2026 18:06:37 [DEBUG] UI: Coroutine started
16.07.2026 18:06:37 [ERROR] Cache: Network unreachable
java.lang.NullPointerException
	at com.cws.print.sandbox.PrintTests.<clinit>(PrintTests.kt:44)
	at com.cws.print.sandbox.MainKt$main$1$1$1$1.invokeSuspend(Main.kt:28)
	at kotlin.coroutines.jvm.internal.BaseContinuationImpl.resumeWith(ContinuationImpl.kt:34)
	at kotlinx.coroutines.DispatchedTask.run(DispatchedTask.kt:100)
	at kotlinx.coroutines.scheduling.CoroutineScheduler.runSafely(CoroutineScheduler.kt:586)
	at kotlinx.coroutines.scheduling.CoroutineScheduler$Worker.executeTask(CoroutineScheduler.kt:807)
	at kotlinx.coroutines.scheduling.CoroutineScheduler$Worker.runWorker(CoroutineScheduler.kt:717)
	at kotlinx.coroutines.scheduling.CoroutineScheduler$Worker.run(CoroutineScheduler.kt:704)

16.07.2026 18:06:37 [INFO] Profiler: Service initialized
16.07.2026 18:06:37 [VERBOSE] Profiler: End profiling function X
16.07.2026 18:06:37 [DEBUG] App: Parsing JSON
16.07.2026 18:06:37 [INFO] Cache: Background task finished
16.07.2026 18:06:38 [VERBOSE] Cache: End profiling function X
16.07.2026 18:06:38 [WARNING] Database: Cache miss
java.util.ConcurrentModificationException
	at com.cws.print.sandbox.PrintTests.<clinit>(PrintTests.kt:45)
	at com.cws.print.sandbox.MainKt$main$1$1$1$1.invokeSuspend(Main.kt:28)
	at kotlin.coroutines.jvm.internal.BaseContinuationImpl.resumeWith(ContinuationImpl.kt:34)
	at kotlinx.coroutines.DispatchedTask.run(DispatchedTask.kt:100)
	at kotlinx.coroutines.scheduling.CoroutineScheduler.runSafely(CoroutineScheduler.kt:586)
	at kotlinx.coroutines.scheduling.CoroutineScheduler$Worker.executeTask(CoroutineScheduler.kt:807)
	at kotlinx.coroutines.scheduling.CoroutineScheduler$Worker.runWorker(CoroutineScheduler.kt:717)
	at kotlinx.coroutines.scheduling.CoroutineScheduler$Worker.run(CoroutineScheduler.kt:704)

16.07.2026 18:06:38 [DEBUG] Auth: Cache hit for key
16.07.2026 18:06:38 [ERROR] Auth: Unhandled exception occurred
java.lang.IndexOutOfBoundsException
	at com.cws.print.sandbox.PrintTests.<clinit>(PrintTests.kt:45)
	at com.cws.print.sandbox.MainKt$main$1$1$1$1.invokeSuspend(Main.kt:28)
	at kotlin.coroutines.jvm.internal.BaseContinuationImpl.resumeWith(ContinuationImpl.kt:34)
	at kotlinx.coroutines.DispatchedTask.run(DispatchedTask.kt:100)
	at kotlinx.coroutines.scheduling.CoroutineScheduler.runSafely(CoroutineScheduler.kt:586)
	at kotlinx.coroutines.scheduling.CoroutineScheduler$Worker.executeTask(CoroutineScheduler.kt:807)
	at kotlinx.coroutines.scheduling.CoroutineScheduler$Worker.runWorker(CoroutineScheduler.kt:717)
	at kotlinx.coroutines.scheduling.CoroutineScheduler$Worker.run(CoroutineScheduler.kt:704)

16.07.2026 18:06:38 [DEBUG] Profiler: Parsing JSON
16.07.2026 18:06:38 [ERROR] App: Failed to fetch records
java.lang.IllegalStateException
	at com.cws.print.sandbox.PrintTests.<clinit>(PrintTests.kt:44)
	at com.cws.print.sandbox.MainKt$main$1$1$1$1.invokeSuspend(Main.kt:28)
	at kotlin.coroutines.jvm.internal.BaseContinuationImpl.resumeWith(ContinuationImpl.kt:34)
	at kotlinx.coroutines.DispatchedTask.run(DispatchedTask.kt:100)
	at kotlinx.coroutines.scheduling.CoroutineScheduler.runSafely(CoroutineScheduler.kt:586)
	at kotlinx.coroutines.scheduling.CoroutineScheduler$Worker.executeTask(CoroutineScheduler.kt:807)
	at kotlinx.coroutines.scheduling.CoroutineScheduler$Worker.runWorker(CoroutineScheduler.kt:717)
	at kotlinx.coroutines.scheduling.CoroutineScheduler$Worker.run(CoroutineScheduler.kt:704)

16.07.2026 18:06:38 [ERROR] Network: Database connection failed
java.lang.IllegalStateException
	at com.cws.print.sandbox.PrintTests.<clinit>(PrintTests.kt:44)
	at com.cws.print.sandbox.MainKt$main$1$1$1$1.invokeSuspend(Main.kt:28)
	at kotlin.coroutines.jvm.internal.BaseContinuationImpl.resumeWith(ContinuationImpl.kt:34)
	at kotlinx.coroutines.DispatchedTask.run(DispatchedTask.kt:100)
	at kotlinx.coroutines.scheduling.CoroutineScheduler.runSafely(CoroutineScheduler.kt:586)
	at kotlinx.coroutines.scheduling.CoroutineScheduler$Worker.executeTask(CoroutineScheduler.kt:807)
	at kotlinx.coroutines.scheduling.CoroutineScheduler$Worker.runWorker(CoroutineScheduler.kt:717)
	at kotlinx.coroutines.scheduling.CoroutineScheduler$Worker.run(CoroutineScheduler.kt:704)

16.07.2026 18:06:38 [VERBOSE] Database: End profiling function X
16.07.2026 18:06:39 [ERROR] Service: Database connection failed
java.lang.IndexOutOfBoundsException
	at com.cws.print.sandbox.PrintTests.<clinit>(PrintTests.kt:45)
	at com.cws.print.sandbox.MainKt$main$1$1$1$1.invokeSuspend(Main.kt:28)
	at kotlin.coroutines.jvm.internal.BaseContinuationImpl.resumeWith(ContinuationImpl.kt:34)
	at kotlinx.coroutines.DispatchedTask.run(DispatchedTask.kt:100)
	at kotlinx.coroutines.scheduling.CoroutineScheduler.runSafely(CoroutineScheduler.kt:586)
	at kotlinx.coroutines.scheduling.CoroutineScheduler$Worker.executeTask(CoroutineScheduler.kt:807)
	at kotlinx.coroutines.scheduling.CoroutineScheduler$Worker.runWorker(CoroutineScheduler.kt:717)
	at kotlinx.coroutines.scheduling.CoroutineScheduler$Worker.run(CoroutineScheduler.kt:704)

16.07.2026 18:06:39 [WARNING] App: Deprecated API usage
java.lang.IllegalStateException
	at com.cws.print.sandbox.PrintTests.<clinit>(PrintTests.kt:44)
	at com.cws.print.sandbox.MainKt$main$1$1$1$1.invokeSuspend(Main.kt:28)
	at kotlin.coroutines.jvm.internal.BaseContinuationImpl.resumeWith(ContinuationImpl.kt:34)
	at kotlinx.coroutines.DispatchedTask.run(DispatchedTask.kt:100)
	at kotlinx.coroutines.scheduling.CoroutineScheduler.runSafely(CoroutineScheduler.kt:586)
	at kotlinx.coroutines.scheduling.CoroutineScheduler$Worker.executeTask(CoroutineScheduler.kt:807)
	at kotlinx.coroutines.scheduling.CoroutineScheduler$Worker.runWorker(CoroutineScheduler.kt:717)
	at kotlinx.coroutines.scheduling.CoroutineScheduler$Worker.run(CoroutineScheduler.kt:704)

16.07.2026 18:06:39 [INFO] Profiler: Service initialized
16.07.2026 18:06:39 [WARNING] Profiler: Cache miss
java.util.ConcurrentModificationException
	at com.cws.print.sandbox.PrintTests.<clinit>(PrintTests.kt:45)
	at com.cws.print.sandbox.MainKt$main$1$1$1$1.invokeSuspend(Main.kt:28)
	at kotlin.coroutines.jvm.internal.BaseContinuationImpl.resumeWith(ContinuationImpl.kt:34)
	at kotlinx.coroutines.DispatchedTask.run(DispatchedTask.kt:100)
	at kotlinx.coroutines.scheduling.CoroutineScheduler.runSafely(CoroutineScheduler.kt:586)
	at kotlinx.coroutines.scheduling.CoroutineScheduler$Worker.executeTask(CoroutineScheduler.kt:807)
	at kotlinx.coroutines.scheduling.CoroutineScheduler$Worker.runWorker(CoroutineScheduler.kt:717)
	at kotlinx.coroutines.scheduling.CoroutineScheduler$Worker.run(CoroutineScheduler.kt:704)

16.07.2026 18:06:39 [ERROR] Cache: Network unreachable
java.lang.NullPointerException
	at com.cws.print.sandbox.PrintTests.<clinit>(PrintTests.kt:44)
	at com.cws.print.sandbox.MainKt$main$1$1$1$1.invokeSuspend(Main.kt:28)
	at kotlin.coroutines.jvm.internal.BaseContinuationImpl.resumeWith(ContinuationImpl.kt:34)
	at kotlinx.coroutines.DispatchedTask.run(DispatchedTask.kt:100)
	at kotlinx.coroutines.scheduling.CoroutineScheduler.runSafely(CoroutineScheduler.kt:586)
	at kotlinx.coroutines.scheduling.CoroutineScheduler$Worker.executeTask(CoroutineScheduler.kt:807)
	at kotlinx.coroutines.scheduling.CoroutineScheduler$Worker.runWorker(CoroutineScheduler.kt:717)
	at kotlinx.coroutines.scheduling.CoroutineScheduler$Worker.run(CoroutineScheduler.kt:704)

16.07.2026 18:06:39 [WARNING] App: Low memory warning
java.lang.IllegalStateException
	at com.cws.print.sandbox.PrintTests.<clinit>(PrintTests.kt:44)
	at com.cws.print.sandbox.MainKt$main$1$1$1$1.invokeSuspend(Main.kt:28)
	at kotlin.coroutines.jvm.internal.BaseContinuationImpl.resumeWith(ContinuationImpl.kt:34)
	at kotlinx.coroutines.DispatchedTask.run(DispatchedTask.kt:100)
	at kotlinx.coroutines.scheduling.CoroutineScheduler.runSafely(CoroutineScheduler.kt:586)
	at kotlinx.coroutines.scheduling.CoroutineScheduler$Worker.executeTask(CoroutineScheduler.kt:807)
	at kotlinx.coroutines.scheduling.CoroutineScheduler$Worker.runWorker(CoroutineScheduler.kt:717)
	at kotlinx.coroutines.scheduling.CoroutineScheduler$Worker.run(CoroutineScheduler.kt:704)

16.07.2026 18:06:39 [DEBUG] Profiler: Request headers: {Authorization=...}
16.07.2026 18:06:39 [DEBUG] Profiler: Checking credentials
16.07.2026 18:06:40 [VERBOSE] Auth: Exiting method Y
16.07.2026 18:06:40 [INFO] Network: Application started
16.07.2026 18:06:40 [ERROR] UI: Unhandled exception occurred
java.lang.NullPointerException
	at com.cws.print.sandbox.PrintTests.<clinit>(PrintTests.kt:44)
	at com.cws.print.sandbox.MainKt$main$1$1$1$1.invokeSuspend(Main.kt:28)
	at kotlin.coroutines.jvm.internal.BaseContinuationImpl.resumeWith(ContinuationImpl.kt:34)
	at kotlinx.coroutines.DispatchedTask.run(DispatchedTask.kt:100)
	at kotlinx.coroutines.scheduling.CoroutineScheduler.runSafely(CoroutineScheduler.kt:586)
	at kotlinx.coroutines.scheduling.CoroutineScheduler$Worker.executeTask(CoroutineScheduler.kt:807)
	at kotlinx.coroutines.scheduling.CoroutineScheduler$Worker.runWorker(CoroutineScheduler.kt:717)
	at kotlinx.coroutines.scheduling.CoroutineScheduler$Worker.run(CoroutineScheduler.kt:704)

16.07.2026 18:06:40 [VERBOSE] App: Start profiling function X
16.07.2026 18:06:40 [DEBUG] Cache: Parsing JSON
16.07.2026 18:06:40 [WARNING] Auth: Cache miss
java.lang.IllegalStateException
	at com.cws.print.sandbox.PrintTests.<clinit>(PrintTests.kt:44)
	at com.cws.print.sandbox.MainKt$main$1$1$1$1.invokeSuspend(Main.kt:28)
	at kotlin.coroutines.jvm.internal.BaseContinuationImpl.resumeWith(ContinuationImpl.kt:34)
	at kotlinx.coroutines.DispatchedTask.run(DispatchedTask.kt:100)
	at kotlinx.coroutines.scheduling.CoroutineScheduler.runSafely(CoroutineScheduler.kt:586)
	at kotlinx.coroutines.scheduling.CoroutineScheduler$Worker.executeTask(CoroutineScheduler.kt:807)
	at kotlinx.coroutines.scheduling.CoroutineScheduler$Worker.runWorker(CoroutineScheduler.kt:717)
	at kotlinx.coroutines.scheduling.CoroutineScheduler$Worker.run(CoroutineScheduler.kt:704)

16.07.2026 18:06:40 [DEBUG] Cache: Cache hit for key
16.07.2026 18:06:40 [DEBUG] UI: Response received
16.07.2026 18:06:40 [VERBOSE] Database: Loop iteration finished
16.07.2026 18:06:41 [ERROR] Service: Unhandled exception occurred
java.lang.NullPointerException
	at com.cws.print.sandbox.PrintTests.<clinit>(PrintTests.kt:44)
	at com.cws.print.sandbox.MainKt$main$1$1$1$1.invokeSuspend(Main.kt:28)
	at kotlin.coroutines.jvm.internal.BaseContinuationImpl.resumeWith(ContinuationImpl.kt:34)
	at kotlinx.coroutines.DispatchedTask.run(DispatchedTask.kt:100)
	at kotlinx.coroutines.scheduling.CoroutineScheduler.runSafely(CoroutineScheduler.kt:586)
	at kotlinx.coroutines.scheduling.CoroutineScheduler$Worker.executeTask(CoroutineScheduler.kt:807)
	at kotlinx.coroutines.scheduling.CoroutineScheduler$Worker.runWorker(CoroutineScheduler.kt:717)
	at kotlinx.coroutines.scheduling.CoroutineScheduler$Worker.run(CoroutineScheduler.kt:704)

16.07.2026 18:06:41 [DEBUG] Auth: Response received
16.07.2026 18:06:41 [VERBOSE] Profiler: Entering method Y
16.07.2026 18:06:41 [WARNING] Cache: Response slow
java.lang.IllegalStateException
	at com.cws.print.sandbox.PrintTests.<clinit>(PrintTests.kt:44)
	at com.cws.print.sandbox.MainKt$main$1$1$1$1.invokeSuspend(Main.kt:28)
	at kotlin.coroutines.jvm.internal.BaseContinuationImpl.resumeWith(ContinuationImpl.kt:34)
	at kotlinx.coroutines.DispatchedTask.run(DispatchedTask.kt:100)
	at kotlinx.coroutines.scheduling.CoroutineScheduler.runSafely(CoroutineScheduler.kt:586)
	at kotlinx.coroutines.scheduling.CoroutineScheduler$Worker.executeTask(CoroutineScheduler.kt:807)
	at kotlinx.coroutines.scheduling.CoroutineScheduler$Worker.runWorker(CoroutineScheduler.kt:717)
	at kotlinx.coroutines.scheduling.CoroutineScheduler$Worker.run(CoroutineScheduler.kt:704)

16.07.2026 18:06:41 [WARNING] Service: Deprecated API usage
java.util.ConcurrentModificationException
	at com.cws.print.sandbox.PrintTests.<clinit>(PrintTests.kt:45)
	at com.cws.print.sandbox.MainKt$main$1$1$1$1.invokeSuspend(Main.kt:28)
	at kotlin.coroutines.jvm.internal.BaseContinuationImpl.resumeWith(ContinuationImpl.kt:34)
	at kotlinx.coroutines.DispatchedTask.run(DispatchedTask.kt:100)
	at kotlinx.coroutines.scheduling.CoroutineScheduler.runSafely(CoroutineScheduler.kt:586)
	at kotlinx.coroutines.scheduling.CoroutineScheduler$Worker.executeTask(CoroutineScheduler.kt:807)
	at kotlinx.coroutines.scheduling.CoroutineScheduler$Worker.runWorker(CoroutineScheduler.kt:717)
	at kotlinx.coroutines.scheduling.CoroutineScheduler$Worker.run(CoroutineScheduler.kt:704)

16.07.2026 18:06:41 [DEBUG] UI: Updating state
16.07.2026 18:06:41 [INFO] Network: User profile loaded
16.07.2026 18:06:41 [INFO] UI: Background task finished
16.07.2026 18:06:42 [INFO] Auth: Application started
16.07.2026 18:06:42 [INFO] Cache: Background task finished
16.07.2026 18:06:42 [INFO] UI: Background task finished
16.07.2026 18:06:42 [ERROR] App: Network unreachable
java.lang.NullPointerException
	at com.cws.print.sandbox.PrintTests.<clinit>(PrintTests.kt:44)
	at com.cws.print.sandbox.MainKt$main$1$1$1$1.invokeSuspend(Main.kt:28)
	at kotlin.coroutines.jvm.internal.BaseContinuationImpl.resumeWith(ContinuationImpl.kt:34)
	at kotlinx.coroutines.DispatchedTask.run(DispatchedTask.kt:100)
	at kotlinx.coroutines.scheduling.CoroutineScheduler.runSafely(CoroutineScheduler.kt:586)
	at kotlinx.coroutines.scheduling.CoroutineScheduler$Worker.executeTask(CoroutineScheduler.kt:807)
	at kotlinx.coroutines.scheduling.CoroutineScheduler$Worker.runWorker(CoroutineScheduler.kt:717)
	at kotlinx.coroutines.scheduling.CoroutineScheduler$Worker.run(CoroutineScheduler.kt:704)

16.07.2026 18:06:42 [DEBUG] Cache: Checking credentials
16.07.2026 18:06:42 [VERBOSE] Profiler: Start profiling function X
16.07.2026 18:06:43 [WARNING] UI: Response slow
java.util.ConcurrentModificationException
	at com.cws.print.sandbox.PrintTests.<clinit>(PrintTests.kt:45)
	at com.cws.print.sandbox.MainKt$main$1$1$1$1.invokeSuspend(Main.kt:28)
	at kotlin.coroutines.jvm.internal.BaseContinuationImpl.resumeWith(ContinuationImpl.kt:34)
	at kotlinx.coroutines.DispatchedTask.run(DispatchedTask.kt:100)
	at kotlinx.coroutines.scheduling.CoroutineScheduler.runSafely(CoroutineScheduler.kt:586)
	at kotlinx.coroutines.scheduling.CoroutineScheduler$Worker.executeTask(CoroutineScheduler.kt:807)
	at kotlinx.coroutines.scheduling.CoroutineScheduler$Worker.runWorker(CoroutineScheduler.kt:717)
	at kotlinx.coroutines.scheduling.CoroutineScheduler$Worker.run(CoroutineScheduler.kt:704)

16.07.2026 18:06:43 [WARNING] Network: Low memory warning
java.lang.IllegalArgumentException
	at com.cws.print.sandbox.PrintTests.<clinit>(PrintTests.kt:44)
	at com.cws.print.sandbox.MainKt$main$1$1$1$1.invokeSuspend(Main.kt:28)
	at kotlin.coroutines.jvm.internal.BaseContinuationImpl.resumeWith(ContinuationImpl.kt:34)
	at kotlinx.coroutines.DispatchedTask.run(DispatchedTask.kt:100)
	at kotlinx.coroutines.scheduling.CoroutineScheduler.runSafely(CoroutineScheduler.kt:586)
	at kotlinx.coroutines.scheduling.CoroutineScheduler$Worker.executeTask(CoroutineScheduler.kt:807)
	at kotlinx.coroutines.scheduling.CoroutineScheduler$Worker.runWorker(CoroutineScheduler.kt:717)
	at kotlinx.coroutines.scheduling.CoroutineScheduler$Worker.run(CoroutineScheduler.kt:704)

16.07.2026 18:06:43 [WARNING] Cache: Deprecated API usage
java.util.ConcurrentModificationException
	at com.cws.print.sandbox.PrintTests.<clinit>(PrintTests.kt:45)
	at com.cws.print.sandbox.MainKt$main$1$1$1$1.invokeSuspend(Main.kt:28)
	at kotlin.coroutines.jvm.internal.BaseContinuationImpl.resumeWith(ContinuationImpl.kt:34)
	at kotlinx.coroutines.DispatchedTask.run(DispatchedTask.kt:100)
	at kotlinx.coroutines.scheduling.CoroutineScheduler.runSafely(CoroutineScheduler.kt:586)
	at kotlinx.coroutines.scheduling.CoroutineScheduler$Worker.executeTask(CoroutineScheduler.kt:807)
	at kotlinx.coroutines.scheduling.CoroutineScheduler$Worker.runWorker(CoroutineScheduler.kt:717)
	at kotlinx.coroutines.scheduling.CoroutineScheduler$Worker.run(CoroutineScheduler.kt:704)

16.07.2026 18:06:43 [ERROR] Profiler: Failed to fetch records
java.lang.IllegalArgumentException
	at com.cws.print.sandbox.PrintTests.<clinit>(PrintTests.kt:44)
	at com.cws.print.sandbox.MainKt$main$1$1$1$1.invokeSuspend(Main.kt:28)
	at kotlin.coroutines.jvm.internal.BaseContinuationImpl.resumeWith(ContinuationImpl.kt:34)
	at kotlinx.coroutines.DispatchedTask.run(DispatchedTask.kt:100)
	at kotlinx.coroutines.scheduling.CoroutineScheduler.runSafely(CoroutineScheduler.kt:586)
	at kotlinx.coroutines.scheduling.CoroutineScheduler$Worker.executeTask(CoroutineScheduler.kt:807)
	at kotlinx.coroutines.scheduling.CoroutineScheduler$Worker.runWorker(CoroutineScheduler.kt:717)
	at kotlinx.coroutines.scheduling.CoroutineScheduler$Worker.run(CoroutineScheduler.kt:704)

16.07.2026 18:06:43 [DEBUG] UI: Response received
16.07.2026 18:06:43 [DEBUG] Auth: Updating state
16.07.2026 18:06:43 [VERBOSE] Profiler: Loop iteration finished
16.07.2026 18:06:44 [DEBUG] Service: Cache hit for key
16.07.2026 18:06:44 [ERROR] Network: Failed to fetch records
java.lang.IndexOutOfBoundsException
	at com.cws.print.sandbox.PrintTests.<clinit>(PrintTests.kt:45)
	at com.cws.print.sandbox.MainKt$main$1$1$1$1.invokeSuspend(Main.kt:28)
	at kotlin.coroutines.jvm.internal.BaseContinuationImpl.resumeWith(ContinuationImpl.kt:34)
	at kotlinx.coroutines.DispatchedTask.run(DispatchedTask.kt:100)
	at kotlinx.coroutines.scheduling.CoroutineScheduler.runSafely(CoroutineScheduler.kt:586)
	at kotlinx.coroutines.scheduling.CoroutineScheduler$Worker.executeTask(CoroutineScheduler.kt:807)
	at kotlinx.coroutines.scheduling.CoroutineScheduler$Worker.runWorker(CoroutineScheduler.kt:717)
	at kotlinx.coroutines.scheduling.CoroutineScheduler$Worker.run(CoroutineScheduler.kt:704)

16.07.2026 18:06:44 [VERBOSE] Service: Start profiling function X
16.07.2026 18:06:44 [ERROR] Cache: Unhandled exception occurred
java.lang.IllegalArgumentException
	at com.cws.print.sandbox.PrintTests.<clinit>(PrintTests.kt:44)
	at com.cws.print.sandbox.MainKt$main$1$1$1$1.invokeSuspend(Main.kt:28)
	at kotlin.coroutines.jvm.internal.BaseContinuationImpl.resumeWith(ContinuationImpl.kt:34)
	at kotlinx.coroutines.DispatchedTask.run(DispatchedTask.kt:100)
	at kotlinx.coroutines.scheduling.CoroutineScheduler.runSafely(CoroutineScheduler.kt:586)
	at kotlinx.coroutines.scheduling.CoroutineScheduler$Worker.executeTask(CoroutineScheduler.kt:807)
	at kotlinx.coroutines.scheduling.CoroutineScheduler$Worker.runWorker(CoroutineScheduler.kt:717)
	at kotlinx.coroutines.scheduling.CoroutineScheduler$Worker.run(CoroutineScheduler.kt:704)

16.07.2026 18:06:44 [WARNING] UI: Cache miss
java.lang.IllegalArgumentException
	at com.cws.print.sandbox.PrintTests.<clinit>(PrintTests.kt:44)
	at com.cws.print.sandbox.MainKt$main$1$1$1$1.invokeSuspend(Main.kt:28)
	at kotlin.coroutines.jvm.internal.BaseContinuationImpl.resumeWith(ContinuationImpl.kt:34)
	at kotlinx.coroutines.DispatchedTask.run(DispatchedTask.kt:100)
	at kotlinx.coroutines.scheduling.CoroutineScheduler.runSafely(CoroutineScheduler.kt:586)
	at kotlinx.coroutines.scheduling.CoroutineScheduler$Worker.executeTask(CoroutineScheduler.kt:807)
	at kotlinx.coroutines.scheduling.CoroutineScheduler$Worker.runWorker(CoroutineScheduler.kt:717)
	at kotlinx.coroutines.scheduling.CoroutineScheduler$Worker.run(CoroutineScheduler.kt:704)

16.07.2026 18:06:44 [DEBUG] Auth: Request headers: {Authorization=...}
16.07.2026 18:06:44 [ERROR] UI: Failed to fetch records
java.lang.NullPointerException
	at com.cws.print.sandbox.PrintTests.<clinit>(PrintTests.kt:44)
	at com.cws.print.sandbox.MainKt$main$1$1$1$1.invokeSuspend(Main.kt:28)
	at kotlin.coroutines.jvm.internal.BaseContinuationImpl.resumeWith(ContinuationImpl.kt:34)
	at kotlinx.coroutines.DispatchedTask.run(DispatchedTask.kt:100)
	at kotlinx.coroutines.scheduling.CoroutineScheduler.runSafely(CoroutineScheduler.kt:586)
	at kotlinx.coroutines.scheduling.CoroutineScheduler$Worker.executeTask(CoroutineScheduler.kt:807)
	at kotlinx.coroutines.scheduling.CoroutineScheduler$Worker.runWorker(CoroutineScheduler.kt:717)
	at kotlinx.coroutines.scheduling.CoroutineScheduler$Worker.run(CoroutineScheduler.kt:704)

16.07.2026 18:06:44 [DEBUG] Profiler: Checking credentials
16.07.2026 18:06:44 [INFO] Service: Background task finished
16.07.2026 18:06:45 [INFO] Profiler: Application started
16.07.2026 18:06:45 [INFO] UI: User profile loaded
16.07.2026 18:06:45 [DEBUG] Auth: Checking credentials
16.07.2026 18:06:45 [INFO] UI: Service initialized
16.07.2026 18:06:45 [WARNING] Database: Response slow
java.util.ConcurrentModificationException
	at com.cws.print.sandbox.PrintTests.<clinit>(PrintTests.kt:45)
	at com.cws.print.sandbox.MainKt$main$1$1$1$1.invokeSuspend(Main.kt:28)
	at kotlin.coroutines.jvm.internal.BaseContinuationImpl.resumeWith(ContinuationImpl.kt:34)
	at kotlinx.coroutines.DispatchedTask.run(DispatchedTask.kt:100)
	at kotlinx.coroutines.scheduling.CoroutineScheduler.runSafely(CoroutineScheduler.kt:586)
	at kotlinx.coroutines.scheduling.CoroutineScheduler$Worker.executeTask(CoroutineScheduler.kt:807)
	at kotlinx.coroutines.scheduling.CoroutineScheduler$Worker.runWorker(CoroutineScheduler.kt:717)
	at kotlinx.coroutines.scheduling.CoroutineScheduler$Worker.run(CoroutineScheduler.kt:704)

16.07.2026 18:06:45 [INFO] Database: Application started
16.07.2026 18:06:45 [DEBUG] Profiler: Response received
16.07.2026 18:06:45 [ERROR] Profiler: Network unreachable
java.lang.IllegalStateException
	at com.cws.print.sandbox.PrintTests.<clinit>(PrintTests.kt:44)
	at com.cws.print.sandbox.MainKt$main$1$1$1$1.invokeSuspend(Main.kt:28)
	at kotlin.coroutines.jvm.internal.BaseContinuationImpl.resumeWith(ContinuationImpl.kt:34)
	at kotlinx.coroutines.DispatchedTask.run(DispatchedTask.kt:100)
	at kotlinx.coroutines.scheduling.CoroutineScheduler.runSafely(CoroutineScheduler.kt:586)
	at kotlinx.coroutines.scheduling.CoroutineScheduler$Worker.executeTask(CoroutineScheduler.kt:807)
	at kotlinx.coroutines.scheduling.CoroutineScheduler$Worker.runWorker(CoroutineScheduler.kt:717)
	at kotlinx.coroutines.scheduling.CoroutineScheduler$Worker.run(CoroutineScheduler.kt:704)

16.07.2026 18:06:46 [WARNING] Network: Token about to expire
java.lang.IllegalStateException
	at com.cws.print.sandbox.PrintTests.<clinit>(PrintTests.kt:44)
	at com.cws.print.sandbox.MainKt$main$1$1$1$1.invokeSuspend(Main.kt:28)
	at kotlin.coroutines.jvm.internal.BaseContinuationImpl.resumeWith(ContinuationImpl.kt:34)
	at kotlinx.coroutines.DispatchedTask.run(DispatchedTask.kt:100)
	at kotlinx.coroutines.scheduling.CoroutineScheduler.runSafely(CoroutineScheduler.kt:586)
	at kotlinx.coroutines.scheduling.CoroutineScheduler$Worker.executeTask(CoroutineScheduler.kt:807)
	at kotlinx.coroutines.scheduling.CoroutineScheduler$Worker.runWorker(CoroutineScheduler.kt:717)
	at kotlinx.coroutines.scheduling.CoroutineScheduler$Worker.run(CoroutineScheduler.kt:704)

16.07.2026 18:06:46 [ERROR] Database: Database connection failed
java.lang.IndexOutOfBoundsException
	at com.cws.print.sandbox.PrintTests.<clinit>(PrintTests.kt:45)
	at com.cws.print.sandbox.MainKt$main$1$1$1$1.invokeSuspend(Main.kt:28)
	at kotlin.coroutines.jvm.internal.BaseContinuationImpl.resumeWith(ContinuationImpl.kt:34)
	at kotlinx.coroutines.DispatchedTask.run(DispatchedTask.kt:100)
	at kotlinx.coroutines.scheduling.CoroutineScheduler.runSafely(CoroutineScheduler.kt:586)
	at kotlinx.coroutines.scheduling.CoroutineScheduler$Worker.executeTask(CoroutineScheduler.kt:807)
	at kotlinx.coroutines.scheduling.CoroutineScheduler$Worker.runWorker(CoroutineScheduler.kt:717)
	at kotlinx.coroutines.scheduling.CoroutineScheduler$Worker.run(CoroutineScheduler.kt:704)

16.07.2026 18:06:46 [DEBUG] Cache: Updating state
16.07.2026 18:06:46 [VERBOSE] Network: Start profiling function X
16.07.2026 18:06:46 [WARNING] Auth: Deprecated API usage
java.lang.NullPointerException
	at com.cws.print.sandbox.PrintTests.<clinit>(PrintTests.kt:44)
	at com.cws.print.sandbox.MainKt$main$1$1$1$1.invokeSuspend(Main.kt:28)
	at kotlin.coroutines.jvm.internal.BaseContinuationImpl.resumeWith(ContinuationImpl.kt:34)
	at kotlinx.coroutines.DispatchedTask.run(DispatchedTask.kt:100)
	at kotlinx.coroutines.scheduling.CoroutineScheduler.runSafely(CoroutineScheduler.kt:586)
	at kotlinx.coroutines.scheduling.CoroutineScheduler$Worker.executeTask(CoroutineScheduler.kt:807)
	at kotlinx.coroutines.scheduling.CoroutineScheduler$Worker.runWorker(CoroutineScheduler.kt:717)
	at kotlinx.coroutines.scheduling.CoroutineScheduler$Worker.run(CoroutineScheduler.kt:704)

16.07.2026 18:06:46 [VERBOSE] Profiler: Entering method Y
16.07.2026 18:06:46 [VERBOSE] Cache: Exiting method Y
16.07.2026 18:06:46 [DEBUG] Database: Checking credentials
16.07.2026 18:06:47 [DEBUG] Profiler: Cache hit for key
16.07.2026 18:06:47 [ERROR] UI: Failed to fetch records
java.lang.IllegalStateException
	at com.cws.print.sandbox.PrintTests.<clinit>(PrintTests.kt:44)
	at com.cws.print.sandbox.MainKt$main$1$1$1$1.invokeSuspend(Main.kt:28)
	at kotlin.coroutines.jvm.internal.BaseContinuationImpl.resumeWith(ContinuationImpl.kt:34)
	at kotlinx.coroutines.DispatchedTask.run(DispatchedTask.kt:100)
	at kotlinx.coroutines.scheduling.CoroutineScheduler.runSafely(CoroutineScheduler.kt:586)
	at kotlinx.coroutines.scheduling.CoroutineScheduler$Worker.executeTask(CoroutineScheduler.kt:807)
	at kotlinx.coroutines.scheduling.CoroutineScheduler$Worker.runWorker(CoroutineScheduler.kt:717)
	at kotlinx.coroutines.scheduling.CoroutineScheduler$Worker.run(CoroutineScheduler.kt:704)

16.07.2026 18:06:47 [VERBOSE] UI: Start profiling function X
16.07.2026 18:06:47 [INFO] Profiler: Background task finished
16.07.2026 18:06:47 [DEBUG] Auth: Updating state
16.07.2026 18:06:47 [INFO] Profiler: Application started
16.07.2026 18:06:47 [DEBUG] UI: Updating state
16.07.2026 18:06:48 [ERROR] Auth: Database connection failed
java.lang.IllegalStateException
	at com.cws.print.sandbox.PrintTests.<clinit>(PrintTests.kt:44)
	at com.cws.print.sandbox.MainKt$main$1$1$1$1.invokeSuspend(Main.kt:28)
	at kotlin.coroutines.jvm.internal.BaseContinuationImpl.resumeWith(ContinuationImpl.kt:34)
	at kotlinx.coroutines.DispatchedTask.run(DispatchedTask.kt:100)
	at kotlinx.coroutines.scheduling.CoroutineScheduler.runSafely(CoroutineScheduler.kt:586)
	at kotlinx.coroutines.scheduling.CoroutineScheduler$Worker.executeTask(CoroutineScheduler.kt:807)
	at kotlinx.coroutines.scheduling.CoroutineScheduler$Worker.runWorker(CoroutineScheduler.kt:717)
	at kotlinx.coroutines.scheduling.CoroutineScheduler$Worker.run(CoroutineScheduler.kt:704)

16.07.2026 18:06:48 [INFO] Database: User profile loaded
16.07.2026 18:06:48 [INFO] Network: Application started
16.07.2026 18:06:48 [ERROR] Cache: Database connection failed
java.lang.IllegalStateException
	at com.cws.print.sandbox.PrintTests.<clinit>(PrintTests.kt:44)
	at com.cws.print.sandbox.MainKt$main$1$1$1$1.invokeSuspend(Main.kt:28)
	at kotlin.coroutines.jvm.internal.BaseContinuationImpl.resumeWith(ContinuationImpl.kt:34)
	at kotlinx.coroutines.DispatchedTask.run(DispatchedTask.kt:100)
	at kotlinx.coroutines.scheduling.CoroutineScheduler.runSafely(CoroutineScheduler.kt:586)
	at kotlinx.coroutines.scheduling.CoroutineScheduler$Worker.executeTask(CoroutineScheduler.kt:807)
	at kotlinx.coroutines.scheduling.CoroutineScheduler$Worker.runWorker(CoroutineScheduler.kt:717)
	at kotlinx.coroutines.scheduling.CoroutineScheduler$Worker.run(CoroutineScheduler.kt:704)

16.07.2026 18:06:48 [INFO] Profiler: Service initialized
16.07.2026 18:06:48 [ERROR] Auth: Null pointer exception
java.lang.IndexOutOfBoundsException
	at com.cws.print.sandbox.PrintTests.<clinit>(PrintTests.kt:45)
	at com.cws.print.sandbox.MainKt$main$1$1$1$1.invokeSuspend(Main.kt:28)
	at kotlin.coroutines.jvm.internal.BaseContinuationImpl.resumeWith(ContinuationImpl.kt:34)
	at kotlinx.coroutines.DispatchedTask.run(DispatchedTask.kt:100)
	at kotlinx.coroutines.scheduling.CoroutineScheduler.runSafely(CoroutineScheduler.kt:586)
	at kotlinx.coroutines.scheduling.CoroutineScheduler$Worker.executeTask(CoroutineScheduler.kt:807)
	at kotlinx.coroutines.scheduling.CoroutineScheduler$Worker.runWorker(CoroutineScheduler.kt:717)
	at kotlinx.coroutines.scheduling.CoroutineScheduler$Worker.run(CoroutineScheduler.kt:704)

16.07.2026 18:06:48 [ERROR] App: Failed to fetch records
java.lang.IndexOutOfBoundsException
	at com.cws.print.sandbox.PrintTests.<clinit>(PrintTests.kt:45)
	at com.cws.print.sandbox.MainKt$main$1$1$1$1.invokeSuspend(Main.kt:28)
	at kotlin.coroutines.jvm.internal.BaseContinuationImpl.resumeWith(ContinuationImpl.kt:34)
	at kotlinx.coroutines.DispatchedTask.run(DispatchedTask.kt:100)
	at kotlinx.coroutines.scheduling.CoroutineScheduler.runSafely(CoroutineScheduler.kt:586)
	at kotlinx.coroutines.scheduling.CoroutineScheduler$Worker.executeTask(CoroutineScheduler.kt:807)
	at kotlinx.coroutines.scheduling.CoroutineScheduler$Worker.runWorker(CoroutineScheduler.kt:717)
	at kotlinx.coroutines.scheduling.CoroutineScheduler$Worker.run(CoroutineScheduler.kt:704)

16.07.2026 18:06:48 [INFO] Profiler: Background task finished
16.07.2026 18:06:48 [INFO] Auth: Application started
16.07.2026 18:06:49 [INFO] UI: User profile loaded
16.07.2026 18:06:49 [ERROR] UI: Network unreachable
java.util.ConcurrentModificationException
	at com.cws.print.sandbox.PrintTests.<clinit>(PrintTests.kt:45)
	at com.cws.print.sandbox.MainKt$main$1$1$1$1.invokeSuspend(Main.kt:28)
	at kotlin.coroutines.jvm.internal.BaseContinuationImpl.resumeWith(ContinuationImpl.kt:34)
	at kotlinx.coroutines.DispatchedTask.run(DispatchedTask.kt:100)
	at kotlinx.coroutines.scheduling.CoroutineScheduler.runSafely(CoroutineScheduler.kt:586)
	at kotlinx.coroutines.scheduling.CoroutineScheduler$Worker.executeTask(CoroutineScheduler.kt:807)
	at kotlinx.coroutines.scheduling.CoroutineScheduler$Worker.runWorker(CoroutineScheduler.kt:717)
	at kotlinx.coroutines.scheduling.CoroutineScheduler$Worker.run(CoroutineScheduler.kt:704)

16.07.2026 18:06:49 [DEBUG] Network: Checking credentials
16.07.2026 18:06:49 [DEBUG] Auth: Response received
16.07.2026 18:06:49 [DEBUG] Auth: Coroutine started
16.07.2026 18:06:49 [DEBUG] App: Checking credentials
16.07.2026 18:06:49 [VERBOSE] UI: Start profiling function X
16.07.2026 18:06:50 [WARNING] UI: Cache miss
java.lang.IllegalArgumentException
	at com.cws.print.sandbox.PrintTests.<clinit>(PrintTests.kt:44)
	at com.cws.print.sandbox.MainKt$main$1$1$1$1.invokeSuspend(Main.kt:28)
	at kotlin.coroutines.jvm.internal.BaseContinuationImpl.resumeWith(ContinuationImpl.kt:34)
	at kotlinx.coroutines.DispatchedTask.run(DispatchedTask.kt:100)
	at kotlinx.coroutines.scheduling.CoroutineScheduler.runSafely(CoroutineScheduler.kt:586)
	at kotlinx.coroutines.scheduling.CoroutineScheduler$Worker.executeTask(CoroutineScheduler.kt:807)
	at kotlinx.coroutines.scheduling.CoroutineScheduler$Worker.runWorker(CoroutineScheduler.kt:717)
	at kotlinx.coroutines.scheduling.CoroutineScheduler$Worker.run(CoroutineScheduler.kt:704)

16.07.2026 18:06:50 [DEBUG] Network: Response received
16.07.2026 18:06:50 [INFO] Cache: Connected to database
16.07.2026 18:06:50 [VERBOSE] Auth: Start profiling function X
16.07.2026 18:06:50 [VERBOSE] Service: Entering method Y
16.07.2026 18:06:50 [INFO] Database: Service initialized
16.07.2026 18:06:50 [DEBUG] Profiler: Response received
16.07.2026 18:06:50 [WARNING] Service: Deprecated API usage
java.lang.IndexOutOfBoundsException
	at com.cws.print.sandbox.PrintTests.<clinit>(PrintTests.kt:45)
	at com.cws.print.sandbox.MainKt$main$1$1$1$1.invokeSuspend(Main.kt:28)
	at kotlin.coroutines.jvm.internal.BaseContinuationImpl.resumeWith(ContinuationImpl.kt:34)
	at kotlinx.coroutines.DispatchedTask.run(DispatchedTask.kt:100)
	at kotlinx.coroutines.scheduling.CoroutineScheduler.runSafely(CoroutineScheduler.kt:586)
	at kotlinx.coroutines.scheduling.CoroutineScheduler$Worker.executeTask(CoroutineScheduler.kt:807)
	at kotlinx.coroutines.scheduling.CoroutineScheduler$Worker.runWorker(CoroutineScheduler.kt:717)
	at kotlinx.coroutines.scheduling.CoroutineScheduler$Worker.run(CoroutineScheduler.kt:704)

16.07.2026 18:06:50 [ERROR] Network: Database connection failed
java.lang.IllegalArgumentException
	at com.cws.print.sandbox.PrintTests.<clinit>(PrintTests.kt:44)
	at com.cws.print.sandbox.MainKt$main$1$1$1$1.invokeSuspend(Main.kt:28)
	at kotlin.coroutines.jvm.internal.BaseContinuationImpl.resumeWith(ContinuationImpl.kt:34)
	at kotlinx.coroutines.DispatchedTask.run(DispatchedTask.kt:100)
	at kotlinx.coroutines.scheduling.CoroutineScheduler.runSafely(CoroutineScheduler.kt:586)
	at kotlinx.coroutines.scheduling.CoroutineScheduler$Worker.executeTask(CoroutineScheduler.kt:807)
	at kotlinx.coroutines.scheduling.CoroutineScheduler$Worker.runWorker(CoroutineScheduler.kt:717)
	at kotlinx.coroutines.scheduling.CoroutineScheduler$Worker.run(CoroutineScheduler.kt:704)

16.07.2026 18:06:51 [VERBOSE] Service: End profiling function X
16.07.2026 18:06:51 [WARNING] Cache: Token about to expire
java.lang.NullPointerException
	at com.cws.print.sandbox.PrintTests.<clinit>(PrintTests.kt:44)
	at com.cws.print.sandbox.MainKt$main$1$1$1$1.invokeSuspend(Main.kt:28)
	at kotlin.coroutines.jvm.internal.BaseContinuationImpl.resumeWith(ContinuationImpl.kt:34)
	at kotlinx.coroutines.DispatchedTask.run(DispatchedTask.kt:100)
	at kotlinx.coroutines.scheduling.CoroutineScheduler.runSafely(CoroutineScheduler.kt:586)
	at kotlinx.coroutines.scheduling.CoroutineScheduler$Worker.executeTask(CoroutineScheduler.kt:807)
	at kotlinx.coroutines.scheduling.CoroutineScheduler$Worker.runWorker(CoroutineScheduler.kt:717)
	at kotlinx.coroutines.scheduling.CoroutineScheduler$Worker.run(CoroutineScheduler.kt:704)

16.07.2026 18:06:51 [WARNING] Profiler: Cache miss
java.util.ConcurrentModificationException
	at com.cws.print.sandbox.PrintTests.<clinit>(PrintTests.kt:45)
	at com.cws.print.sandbox.MainKt$main$1$1$1$1.invokeSuspend(Main.kt:28)
	at kotlin.coroutines.jvm.internal.BaseContinuationImpl.resumeWith(ContinuationImpl.kt:34)
	at kotlinx.coroutines.DispatchedTask.run(DispatchedTask.kt:100)
	at kotlinx.coroutines.scheduling.CoroutineScheduler.runSafely(CoroutineScheduler.kt:586)
	at kotlinx.coroutines.scheduling.CoroutineScheduler$Worker.executeTask(CoroutineScheduler.kt:807)
	at kotlinx.coroutines.scheduling.CoroutineScheduler$Worker.runWorker(CoroutineScheduler.kt:717)
	at kotlinx.coroutines.scheduling.CoroutineScheduler$Worker.run(CoroutineScheduler.kt:704)

16.07.2026 18:06:51 [WARNING] App: Response slow
java.lang.IllegalArgumentException
	at com.cws.print.sandbox.PrintTests.<clinit>(PrintTests.kt:44)
	at com.cws.print.sandbox.MainKt$main$1$1$1$1.invokeSuspend(Main.kt:28)
	at kotlin.coroutines.jvm.internal.BaseContinuationImpl.resumeWith(ContinuationImpl.kt:34)
	at kotlinx.coroutines.DispatchedTask.run(DispatchedTask.kt:100)
	at kotlinx.coroutines.scheduling.CoroutineScheduler.runSafely(CoroutineScheduler.kt:586)
	at kotlinx.coroutines.scheduling.CoroutineScheduler$Worker.executeTask(CoroutineScheduler.kt:807)
	at kotlinx.coroutines.scheduling.CoroutineScheduler$Worker.runWorker(CoroutineScheduler.kt:717)
	at kotlinx.coroutines.scheduling.CoroutineScheduler$Worker.run(CoroutineScheduler.kt:704)

16.07.2026 18:06:51 [INFO] Auth: Service initialized
16.07.2026 18:06:51 [WARNING] Cache: Cache miss
java.lang.IndexOutOfBoundsException
	at com.cws.print.sandbox.PrintTests.<clinit>(PrintTests.kt:45)
	at com.cws.print.sandbox.MainKt$main$1$1$1$1.invokeSuspend(Main.kt:28)
	at kotlin.coroutines.jvm.internal.BaseContinuationImpl.resumeWith(ContinuationImpl.kt:34)
	at kotlinx.coroutines.DispatchedTask.run(DispatchedTask.kt:100)
	at kotlinx.coroutines.scheduling.CoroutineScheduler.runSafely(CoroutineScheduler.kt:586)
	at kotlinx.coroutines.scheduling.CoroutineScheduler$Worker.executeTask(CoroutineScheduler.kt:807)
	at kotlinx.coroutines.scheduling.CoroutineScheduler$Worker.runWorker(CoroutineScheduler.kt:717)
	at kotlinx.coroutines.scheduling.CoroutineScheduler$Worker.run(CoroutineScheduler.kt:704)

16.07.2026 18:06:51 [INFO] Profiler: Connected to database
16.07.2026 18:06:51 [ERROR] Database: Failed to fetch records
java.lang.NullPointerException
	at com.cws.print.sandbox.PrintTests.<clinit>(PrintTests.kt:44)
	at com.cws.print.sandbox.MainKt$main$1$1$1$1.invokeSuspend(Main.kt:28)
	at kotlin.coroutines.jvm.internal.BaseContinuationImpl.resumeWith(ContinuationImpl.kt:34)
	at kotlinx.coroutines.DispatchedTask.run(DispatchedTask.kt:100)
	at kotlinx.coroutines.scheduling.CoroutineScheduler.runSafely(CoroutineScheduler.kt:586)
	at kotlinx.coroutines.scheduling.CoroutineScheduler$Worker.executeTask(CoroutineScheduler.kt:807)
	at kotlinx.coroutines.scheduling.CoroutineScheduler$Worker.runWorker(CoroutineScheduler.kt:717)
	at kotlinx.coroutines.scheduling.CoroutineScheduler$Worker.run(CoroutineScheduler.kt:704)

16.07.2026 18:06:51 [INFO] Cache: Application started
16.07.2026 18:06:52 [WARNING] Cache: Token about to expire
java.lang.IllegalArgumentException
	at com.cws.print.sandbox.PrintTests.<clinit>(PrintTests.kt:44)
	at com.cws.print.sandbox.MainKt$main$1$1$1$1.invokeSuspend(Main.kt:28)
	at kotlin.coroutines.jvm.internal.BaseContinuationImpl.resumeWith(ContinuationImpl.kt:34)
	at kotlinx.coroutines.DispatchedTask.run(DispatchedTask.kt:100)
	at kotlinx.coroutines.scheduling.CoroutineScheduler.runSafely(CoroutineScheduler.kt:586)
	at kotlinx.coroutines.scheduling.CoroutineScheduler$Worker.executeTask(CoroutineScheduler.kt:807)
	at kotlinx.coroutines.scheduling.CoroutineScheduler$Worker.runWorker(CoroutineScheduler.kt:717)
	at kotlinx.coroutines.scheduling.CoroutineScheduler$Worker.run(CoroutineScheduler.kt:704)

16.07.2026 18:06:52 [DEBUG] Cache: Checking credentials
16.07.2026 18:06:52 [WARNING] Service: Response slow
java.lang.NullPointerException
	at com.cws.print.sandbox.PrintTests.<clinit>(PrintTests.kt:44)
	at com.cws.print.sandbox.MainKt$main$1$1$1$1.invokeSuspend(Main.kt:28)
	at kotlin.coroutines.jvm.internal.BaseContinuationImpl.resumeWith(ContinuationImpl.kt:34)
	at kotlinx.coroutines.DispatchedTask.run(DispatchedTask.kt:100)
	at kotlinx.coroutines.scheduling.CoroutineScheduler.runSafely(CoroutineScheduler.kt:586)
	at kotlinx.coroutines.scheduling.CoroutineScheduler$Worker.executeTask(CoroutineScheduler.kt:807)
	at kotlinx.coroutines.scheduling.CoroutineScheduler$Worker.runWorker(CoroutineScheduler.kt:717)
	at kotlinx.coroutines.scheduling.CoroutineScheduler$Worker.run(CoroutineScheduler.kt:704)

16.07.2026 18:06:52 [DEBUG] Auth: Cache hit for key
16.07.2026 18:06:52 [DEBUG] Cache: Request headers: {Authorization=...}
16.07.2026 18:06:52 [VERBOSE] Database: Start profiling function X
16.07.2026 18:06:52 [ERROR] UI: Network unreachable
java.lang.IllegalStateException
	at com.cws.print.sandbox.PrintTests.<clinit>(PrintTests.kt:44)
	at com.cws.print.sandbox.MainKt$main$1$1$1$1.invokeSuspend(Main.kt:28)
	at kotlin.coroutines.jvm.internal.BaseContinuationImpl.resumeWith(ContinuationImpl.kt:34)
	at kotlinx.coroutines.DispatchedTask.run(DispatchedTask.kt:100)
	at kotlinx.coroutines.scheduling.CoroutineScheduler.runSafely(CoroutineScheduler.kt:586)
	at kotlinx.coroutines.scheduling.CoroutineScheduler$Worker.executeTask(CoroutineScheduler.kt:807)
	at kotlinx.coroutines.scheduling.CoroutineScheduler$Worker.runWorker(CoroutineScheduler.kt:717)
	at kotlinx.coroutines.scheduling.CoroutineScheduler$Worker.run(CoroutineScheduler.kt:704)

16.07.2026 18:06:53 [ERROR] UI: Failed to fetch records
java.lang.IllegalArgumentException
	at com.cws.print.sandbox.PrintTests.<clinit>(PrintTests.kt:44)
	at com.cws.print.sandbox.MainKt$main$1$1$1$1.invokeSuspend(Main.kt:28)
	at kotlin.coroutines.jvm.internal.BaseContinuationImpl.resumeWith(ContinuationImpl.kt:34)
	at kotlinx.coroutines.DispatchedTask.run(DispatchedTask.kt:100)
	at kotlinx.coroutines.scheduling.CoroutineScheduler.runSafely(CoroutineScheduler.kt:586)
	at kotlinx.coroutines.scheduling.CoroutineScheduler$Worker.executeTask(CoroutineScheduler.kt:807)
	at kotlinx.coroutines.scheduling.CoroutineScheduler$Worker.runWorker(CoroutineScheduler.kt:717)
	at kotlinx.coroutines.scheduling.CoroutineScheduler$Worker.run(CoroutineScheduler.kt:704)

16.07.2026 18:06:53 [INFO] Cache: Connected to database
16.07.2026 18:06:53 [INFO] UI: Background task finished
16.07.2026 18:06:53 [WARNING] Database: Token about to expire
java.lang.NullPointerException
	at com.cws.print.sandbox.PrintTests.<clinit>(PrintTests.kt:44)
	at com.cws.print.sandbox.MainKt$main$1$1$1$1.invokeSuspend(Main.kt:28)
	at kotlin.coroutines.jvm.internal.BaseContinuationImpl.resumeWith(ContinuationImpl.kt:34)
	at kotlinx.coroutines.DispatchedTask.run(DispatchedTask.kt:100)
	at kotlinx.coroutines.scheduling.CoroutineScheduler.runSafely(CoroutineScheduler.kt:586)
	at kotlinx.coroutines.scheduling.CoroutineScheduler$Worker.executeTask(CoroutineScheduler.kt:807)
	at kotlinx.coroutines.scheduling.CoroutineScheduler$Worker.runWorker(CoroutineScheduler.kt:717)
	at kotlinx.coroutines.scheduling.CoroutineScheduler$Worker.run(CoroutineScheduler.kt:704)

16.07.2026 18:06:53 [VERBOSE] Cache: Entering method Y
16.07.2026 18:06:53 [ERROR] Auth: Unhandled exception occurred
java.lang.IndexOutOfBoundsException
	at com.cws.print.sandbox.PrintTests.<clinit>(PrintTests.kt:45)
	at com.cws.print.sandbox.MainKt$main$1$1$1$1.invokeSuspend(Main.kt:28)
	at kotlin.coroutines.jvm.internal.BaseContinuationImpl.resumeWith(ContinuationImpl.kt:34)
	at kotlinx.coroutines.DispatchedTask.run(DispatchedTask.kt:100)
	at kotlinx.coroutines.scheduling.CoroutineScheduler.runSafely(CoroutineScheduler.kt:586)
	at kotlinx.coroutines.scheduling.CoroutineScheduler$Worker.executeTask(CoroutineScheduler.kt:807)
	at kotlinx.coroutines.scheduling.CoroutineScheduler$Worker.runWorker(CoroutineScheduler.kt:717)
	at kotlinx.coroutines.scheduling.CoroutineScheduler$Worker.run(CoroutineScheduler.kt:704)

16.07.2026 18:06:53 [INFO] Auth: Background task finished
16.07.2026 18:06:53 [VERBOSE] UI: Loop iteration finished
16.07.2026 18:06:53 [VERBOSE] Auth: Loop iteration finished
16.07.2026 18:06:54 [ERROR] Network: Failed to fetch records
java.lang.IllegalStateException
	at com.cws.print.sandbox.PrintTests.<clinit>(PrintTests.kt:44)
	at com.cws.print.sandbox.MainKt$main$1$1$1$1.invokeSuspend(Main.kt:28)
	at kotlin.coroutines.jvm.internal.BaseContinuationImpl.resumeWith(ContinuationImpl.kt:34)
	at kotlinx.coroutines.DispatchedTask.run(DispatchedTask.kt:100)
	at kotlinx.coroutines.scheduling.CoroutineScheduler.runSafely(CoroutineScheduler.kt:586)
	at kotlinx.coroutines.scheduling.CoroutineScheduler$Worker.executeTask(CoroutineScheduler.kt:807)
	at kotlinx.coroutines.scheduling.CoroutineScheduler$Worker.runWorker(CoroutineScheduler.kt:717)
	at kotlinx.coroutines.scheduling.CoroutineScheduler$Worker.run(CoroutineScheduler.kt:704)

16.07.2026 18:06:54 [WARNING] Cache: Response slow
java.util.ConcurrentModificationException
	at com.cws.print.sandbox.PrintTests.<clinit>(PrintTests.kt:45)
	at com.cws.print.sandbox.MainKt$main$1$1$1$1.invokeSuspend(Main.kt:28)
	at kotlin.coroutines.jvm.internal.BaseContinuationImpl.resumeWith(ContinuationImpl.kt:34)
	at kotlinx.coroutines.DispatchedTask.run(DispatchedTask.kt:100)
	at kotlinx.coroutines.scheduling.CoroutineScheduler.runSafely(CoroutineScheduler.kt:586)
	at kotlinx.coroutines.scheduling.CoroutineScheduler$Worker.executeTask(CoroutineScheduler.kt:807)
	at kotlinx.coroutines.scheduling.CoroutineScheduler$Worker.runWorker(CoroutineScheduler.kt:717)
	at kotlinx.coroutines.scheduling.CoroutineScheduler$Worker.run(CoroutineScheduler.kt:704)

16.07.2026 18:06:54 [INFO] App: User profile loaded
16.07.2026 18:06:54 [VERBOSE] App: Loop iteration finished
16.07.2026 18:06:54 [INFO] Cache: Connected to database
16.07.2026 18:06:54 [WARNING] Network: Low memory warning
java.lang.IllegalStateException
	at com.cws.print.sandbox.PrintTests.<clinit>(PrintTests.kt:44)
	at com.cws.print.sandbox.MainKt$main$1$1$1$1.invokeSuspend(Main.kt:28)
	at kotlin.coroutines.jvm.internal.BaseContinuationImpl.resumeWith(ContinuationImpl.kt:34)
	at kotlinx.coroutines.DispatchedTask.run(DispatchedTask.kt:100)
	at kotlinx.coroutines.scheduling.CoroutineScheduler.runSafely(CoroutineScheduler.kt:586)
	at kotlinx.coroutines.scheduling.CoroutineScheduler$Worker.executeTask(CoroutineScheduler.kt:807)
	at kotlinx.coroutines.scheduling.CoroutineScheduler$Worker.runWorker(CoroutineScheduler.kt:717)
	at kotlinx.coroutines.scheduling.CoroutineScheduler$Worker.run(CoroutineScheduler.kt:704)

16.07.2026 18:06:54 [WARNING] Service: Cache miss
java.lang.IllegalArgumentException
	at com.cws.print.sandbox.PrintTests.<clinit>(PrintTests.kt:44)
	at com.cws.print.sandbox.MainKt$main$1$1$1$1.invokeSuspend(Main.kt:28)
	at kotlin.coroutines.jvm.internal.BaseContinuationImpl.resumeWith(ContinuationImpl.kt:34)
	at kotlinx.coroutines.DispatchedTask.run(DispatchedTask.kt:100)
	at kotlinx.coroutines.scheduling.CoroutineScheduler.runSafely(CoroutineScheduler.kt:586)
	at kotlinx.coroutines.scheduling.CoroutineScheduler$Worker.executeTask(CoroutineScheduler.kt:807)
	at kotlinx.coroutines.scheduling.CoroutineScheduler$Worker.runWorker(CoroutineScheduler.kt:717)
	at kotlinx.coroutines.scheduling.CoroutineScheduler$Worker.run(CoroutineScheduler.kt:704)

16.07.2026 18:06:54 [ERROR] App: Null pointer exception
java.util.ConcurrentModificationException
	at com.cws.print.sandbox.PrintTests.<clinit>(PrintTests.kt:45)
	at com.cws.print.sandbox.MainKt$main$1$1$1$1.invokeSuspend(Main.kt:28)
	at kotlin.coroutines.jvm.internal.BaseContinuationImpl.resumeWith(ContinuationImpl.kt:34)
	at kotlinx.coroutines.DispatchedTask.run(DispatchedTask.kt:100)
	at kotlinx.coroutines.scheduling.CoroutineScheduler.runSafely(CoroutineScheduler.kt:586)
	at kotlinx.coroutines.scheduling.CoroutineScheduler$Worker.executeTask(CoroutineScheduler.kt:807)
	at kotlinx.coroutines.scheduling.CoroutineScheduler$Worker.runWorker(CoroutineScheduler.kt:717)
	at kotlinx.coroutines.scheduling.CoroutineScheduler$Worker.run(CoroutineScheduler.kt:704)

16.07.2026 18:06:54 [DEBUG] UI: Response received
16.07.2026 18:06:55 [INFO] Service: Connected to database
16.07.2026 18:06:55 [ERROR] Auth: Null pointer exception
java.lang.IndexOutOfBoundsException
	at com.cws.print.sandbox.PrintTests.<clinit>(PrintTests.kt:45)
	at com.cws.print.sandbox.MainKt$main$1$1$1$1.invokeSuspend(Main.kt:28)
	at kotlin.coroutines.jvm.internal.BaseContinuationImpl.resumeWith(ContinuationImpl.kt:34)
	at kotlinx.coroutines.DispatchedTask.run(DispatchedTask.kt:100)
	at kotlinx.coroutines.scheduling.CoroutineScheduler.runSafely(CoroutineScheduler.kt:586)
	at kotlinx.coroutines.scheduling.CoroutineScheduler$Worker.executeTask(CoroutineScheduler.kt:807)
	at kotlinx.coroutines.scheduling.CoroutineScheduler$Worker.runWorker(CoroutineScheduler.kt:717)
	at kotlinx.coroutines.scheduling.CoroutineScheduler$Worker.run(CoroutineScheduler.kt:704)

16.07.2026 18:06:55 [ERROR] Database: Database connection failed
java.lang.IllegalStateException
	at com.cws.print.sandbox.PrintTests.<clinit>(PrintTests.kt:44)
	at com.cws.print.sandbox.MainKt$main$1$1$1$1.invokeSuspend(Main.kt:28)
	at kotlin.coroutines.jvm.internal.BaseContinuationImpl.resumeWith(ContinuationImpl.kt:34)
	at kotlinx.coroutines.DispatchedTask.run(DispatchedTask.kt:100)
	at kotlinx.coroutines.scheduling.CoroutineScheduler.runSafely(CoroutineScheduler.kt:586)
	at kotlinx.coroutines.scheduling.CoroutineScheduler$Worker.executeTask(CoroutineScheduler.kt:807)
	at kotlinx.coroutines.scheduling.CoroutineScheduler$Worker.runWorker(CoroutineScheduler.kt:717)
	at kotlinx.coroutines.scheduling.CoroutineScheduler$Worker.run(CoroutineScheduler.kt:704)

16.07.2026 18:06:55 [VERBOSE] App: Entering method Y
16.07.2026 18:06:55 [ERROR] Network: Null pointer exception
java.lang.IndexOutOfBoundsException
	at com.cws.print.sandbox.PrintTests.<clinit>(PrintTests.kt:45)
	at com.cws.print.sandbox.MainKt$main$1$1$1$1.invokeSuspend(Main.kt:28)
	at kotlin.coroutines.jvm.internal.BaseContinuationImpl.resumeWith(ContinuationImpl.kt:34)
	at kotlinx.coroutines.DispatchedTask.run(DispatchedTask.kt:100)
	at kotlinx.coroutines.scheduling.CoroutineScheduler.runSafely(CoroutineScheduler.kt:586)
	at kotlinx.coroutines.scheduling.CoroutineScheduler$Worker.executeTask(CoroutineScheduler.kt:807)
	at kotlinx.coroutines.scheduling.CoroutineScheduler$Worker.runWorker(CoroutineScheduler.kt:717)
	at kotlinx.coroutines.scheduling.CoroutineScheduler$Worker.run(CoroutineScheduler.kt:704)

16.07.2026 18:06:55 [INFO] Database: Connected to database
